# JRE version: Java(TM) SE Runtime Environment (8.0_45-b15) (build 1.8.0_45-b15)
# Java VM: Java HotSpot(TM) 64-Bit Server VM (25.45-b02 mixed mode windows-amd64 compressed oops)
Heap:
 PSYoungGen      total 157184K, used 73542K [0x000000076c000000, 0x000000077a780000, 0x00000007c0000000)
  eden space 129024K, 48% used [0x000000076c000000,0x000000076fd17e20,0x0000000773e00000)
  from space 28160K, 39% used [0x0000000778c00000,0x00000007796b9bb8,0x000000077a780000)
  to   space 10752K, 0% used [0x0000000773e00000,0x0000000773e00000,0x0000000774880000)
 ParOldGen       total 121344K, used 32326K [0x00000006c4000000, 0x00000006cb680000, 0x000000076c000000)
  object space 121344K, 26% used [0x00000006c4000000,0x00000006c5f91b98,0x00000006cb680000)
 Metaspace       used 27059K, capacity 28050K, committed 28288K, reserved 1075200K
  class space    used 3179K, capacity 3453K, committed 3456K, reserved 1048576K
GC Heap History (10 events):
Event: 2.375 GC heap before
{Heap before GC invocations=3 (full 0):
 PSYoungGen      total 139776K, used 103105K [0x000000076c000000, 0x0000000775300000, 0x00000007c0000000)
  eden space 129024K, 71% used [0x000000076c000000,0x0000000771a35f08,0x0000000773e00000)
  from space 10752K, 99% used [0x0000000774880000,0x00000007752fa530,0x0000000775300000)
  to   space 10752K, 0% used [0x0000000773e00000,0x0000000773e00000,0x0000000774880000)
 ParOldGen       total 172032K, used 2172K [0x00000006c4000000, 0x00000006ce800000, 0x000000076c000000)
  object space 172032K, 1% used [0x00000006c4000000,0x00000006c421f1c8,0x00000006ce800000)
 Metaspace       used 20471K, capacity 21196K, committed 21296K, reserved 1069056K
  class space    used 2473K, capacity 2658K, committed 2688K, reserved 1048576K
Event: 2.387 GC heap after
Heap after GC invocations=3 (full 0):
 PSYoungGen      total 139776K, used 10736K [0x000000076c000000, 0x0000000775300000, 0x00000007c0000000)
  eden space 129024K, 0% used [0x000000076c000000,0x000000076c000000,0x0000000773e00000)
  from space 10752K, 99% used [0x0000000773e00000,0x000000077487c040,0x0000000774880000)
  to   space 10752K, 0% used [0x0000000774880000,0x0000000774880000,0x0000000775300000)
 ParOldGen       total 172032K, used 5071K [0x00000006c4000000, 0x00000006ce800000, 0x000000076c000000)
  object space 172032K, 2% used [0x00000006c4000000,0x00000006c44f3ed8,0x00000006ce800000)
 Metaspace       used 20471K, capacity 21196K, committed 21296K, reserved 1069056K
  class space    used 2473K, capacity 2658K, committed 2688K, reserved 1048576K
}
Event: 2.387 GC heap before
{Heap before GC invocations=4 (full 1):
 PSYoungGen      total 139776K, used 10736K [0x000000076c000000, 0x0000000775300000, 0x00000007c0000000)
  eden space 129024K, 0% used [0x000000076c000000,0x000000076c000000,0x0000000773e00000)
  from space 10752K, 99% used [0x0000000773e00000,0x000000077487c040,0x0000000774880000)
  to   space 10752K, 0% used [0x0000000774880000,0x0000000774880000,0x0000000775300000)
 ParOldGen       total 172032K, used 5071K [0x00000006c4000000, 0x00000006ce800000, 0x000000076c000000)
  object space 172032K, 2% used [0x00000006c4000000,0x00000006c44f3ed8,0x00000006ce800000)
 Metaspace       used 20471K, capacity 21196K, committed 21296K, reserved 1069056K
  class space    used 2473K, capacity 2658K, committed 2688K, reserved 1048576K
Event: 2.428 GC heap after
Heap after GC invocations=4 (full 1):
 PSYoungGen      total 139776K, used 0K [0x000000076c000000, 0x0000000775300000, 0x00000007c0000000)
  eden space 129024K, 0% used [0x000000076c000000,0x000000076c000000,0x0000000773e00000)
  from space 10752K, 0% used [0x0000000773e00000,0x0000000773e00000,0x0000000774880000)
  to   space 10752K, 0% used [0x0000000774880000,0x0000000774880000,0x0000000775300000)
 ParOldGen       total 121344K, used 13432K [0x00000006c4000000, 0x00000006cb680000, 0x000000076c000000)
  object space 121344K, 11% used [0x00000006c4000000,0x00000006c4d1e0c8,0x00000006cb680000)
 Metaspace       used 20471K, capacity 21196K, committed 21296K, reserved 1069056K
  class space    used 2473K, capacity 2658K, committed 2688K, reserved 1048576K
}
Event: 3.419 GC heap before
{Heap before GC invocations=5 (full 1):
 PSYoungGen      total 139776K, used 129024K [0x000000076c000000, 0x0000000775300000, 0x00000007c0000000)
  eden space 129024K, 100% used [0x000000076c000000,0x0000000773e00000,0x0000000773e00000)
  from space 10752K, 0% used [0x0000000773e00000,0x0000000773e00000,0x0000000774880000)
  to   space 10752K, 0% used [0x0000000774880000,0x0000000774880000,0x0000000775300000)
 ParOldGen       total 121344K, used 13432K [0x00000006c4000000, 0x00000006cb680000, 0x000000076c000000)
  object space 121344K, 11% used [0x00000006c4000000,0x00000006c4d1e0c8,0x00000006cb680000)
 Metaspace       used 25674K, capacity 26610K, committed 26752K, reserved 1073152K
  class space    used 3102K, capacity 3357K, committed 3456K, reserved 1048576K
Event: 3.425 GC heap after
Heap after GC invocations=5 (full 1):
 PSYoungGen      total 139776K, used 5571K [0x000000076c000000, 0x0000000778080000, 0x00000007c0000000)
  eden space 129024K, 0% used [0x000000076c000000,0x000000076c000000,0x0000000773e00000)
  from space 10752K, 51% used [0x0000000774880000,0x0000000774df0e10,0x0000000775300000)
  to   space 10752K, 0% used [0x0000000773e00000,0x0000000773e00000,0x0000000774880000)
 ParOldGen       total 121344K, used 13440K [0x00000006c4000000, 0x00000006cb680000, 0x000000076c000000)
  object space 121344K, 11% used [0x00000006c4000000,0x00000006c4d200c8,0x00000006cb680000)
 Metaspace       used 25674K, capacity 26610K, committed 26752K, reserved 1073152K
  class space    used 3102K, capacity 3357K, committed 3456K, reserved 1048576K
}
Event: 4.429 GC heap before
{Heap before GC invocations=6 (full 1):
 PSYoungGen      total 139776K, used 134595K [0x000000076c000000, 0x0000000778080000, 0x00000007c0000000)
  eden space 129024K, 100% used [0x000000076c000000,0x0000000773e00000,0x0000000773e00000)
  from space 10752K, 51% used [0x0000000774880000,0x0000000774df0e10,0x0000000775300000)
  to   space 10752K, 0% used [0x0000000773e00000,0x0000000773e00000,0x0000000774880000)
 ParOldGen       total 121344K, used 13440K [0x00000006c4000000, 0x00000006cb680000, 0x000000076c000000)
  object space 121344K, 11% used [0x00000006c4000000,0x00000006c4d200c8,0x00000006cb680000)
 Metaspace       used 26822K, capacity 27762K, committed 28032K, reserved 1073152K
  class space    used 3159K, capacity 3421K, committed 3456K, reserved 1048576K
Event: 4.447 GC heap after
Heap after GC invocations=6 (full 1):
 PSYoungGen      total 139776K, used 10735K [0x000000076c000000, 0x000000077a780000, 0x00000007c0000000)
  eden space 129024K, 0% used [0x000000076c000000,0x000000076c000000,0x0000000773e00000)
  from space 10752K, 99% used [0x0000000773e00000,0x000000077487bd28,0x0000000774880000)
  to   space 28160K, 0% used [0x0000000778c00000,0x0000000778c00000,0x000000077a780000)
 ParOldGen       total 121344K, used 32318K [0x00000006c4000000, 0x00000006cb680000, 0x000000076c000000)
  object space 121344K, 26% used [0x00000006c4000000,0x00000006c5f8fb98,0x00000006cb680000)
 Metaspace       used 26822K, capacity 27762K, committed 28032K, reserved 1073152K
  class space    used 3159K, capacity 3421K, committed 3456K, reserved 1048576K
}
Event: 4.473 GC heap before
{Heap before GC invocations=7 (full 1):
 PSYoungGen      total 139776K, used 139759K [0x000000076c000000, 0x000000077a780000, 0x00000007c0000000)
  eden space 129024K, 100% used [0x000000076c000000,0x0000000773e00000,0x0000000773e00000)
  from space 10752K, 99% used [0x0000000773e00000,0x000000077487bd28,0x0000000774880000)
  to   space 28160K, 0% used [0x0000000778c00000,0x0000000778c00000,0x000000077a780000)
 ParOldGen       total 121344K, used 32318K [0x00000006c4000000, 0x00000006cb680000, 0x000000076c000000)
  object space 121344K, 26% used [0x00000006c4000000,0x00000006c5f8fb98,0x00000006cb680000)
 Metaspace       used 26823K, capacity 27762K, committed 28032K, reserved 1073152K
  class space    used 3159K, capacity 3421K, committed 3456K, reserved 1048576K
Event: 4.479 GC heap after
Heap after GC invocations=7 (full 1):
 PSYoungGen      total 157184K, used 10982K [0x000000076c000000, 0x000000077a780000, 0x00000007c0000000)
  eden space 129024K, 0% used [0x000000076c000000,0x000000076c000000,0x0000000773e00000)
  from space 28160K, 39% used [0x0000000778c00000,0x00000007796b9bb8,0x000000077a780000)
  to   space 10752K, 0% used [0x0000000773e00000,0x0000000773e00000,0x0000000774880000)
 ParOldGen       total 121344K, used 32326K [0x00000006c4000000, 0x00000006cb680000, 0x000000076c000000)
  object space 121344K, 26% used [0x00000006c4000000,0x00000006c5f91b98,0x00000006cb680000)
 Metaspace       used 26823K, capacity 27762K, committed 28032K, reserved 1073152K
  class space    used 3159K, capacity 3421K, committed 3456K, reserved 1048576K
}

