# JRE version: Java(TM) SE Runtime Environment (8.0_45-b15) (build 1.8.0_45-b15)
# Java VM: Java HotSpot(TM) 64-Bit Server VM (25.45-b02 mixed mode windows-amd64 compressed oops)
Heap:
 PSYoungGen      total 137728K, used 97444K [0x000000076c000000, 0x0000000777500000, 0x00000007c0000000)
  eden space 111616K, 63% used [0x000000076c000000,0x00000007705aac28,0x0000000772d00000)
  from space 26112K, 99% used [0x0000000774c80000,0x00000007765fe678,0x0000000776600000)
  to   space 32256K, 0% used [0x0000000772d00000,0x0000000772d00000,0x0000000774c80000)
 ParOldGen       total 122880K, used 24528K [0x00000006c4000000, 0x00000006cb800000, 0x000000076c000000)
  object space 122880K, 19% used [0x00000006c4000000,0x00000006c57f4368,0x00000006cb800000)
 Metaspace       used 28055K, capacity 29033K, committed 29184K, reserved 1075200K
  class space    used 3306K, capacity 3563K, committed 3584K, reserved 1048576K
GC Heap History (10 events):
Event: 4.026 GC heap before
{Heap before GC invocations=7 (full 1):
 PSYoungGen      total 75264K, used 68604K [0x000000076c000000, 0x0000000773380000, 0x00000007c0000000)
  eden space 64512K, 100% used [0x000000076c000000,0x000000076ff00000,0x000000076ff00000)
  from space 10752K, 38% used [0x000000076ff00000,0x00000007702ff1b8,0x0000000770980000)
  to   space 15872K, 0% used [0x0000000772400000,0x0000000772400000,0x0000000773380000)
 ParOldGen       total 122880K, used 13810K [0x00000006c4000000, 0x00000006cb800000, 0x000000076c000000)
  object space 122880K, 11% used [0x00000006c4000000,0x00000006c4d7c9e8,0x00000006cb800000)
 Metaspace       used 25738K, capacity 26643K, committed 26880K, reserved 1073152K
  class space    used 3093K, capacity 3324K, committed 3328K, reserved 1048576K
Event: 4.041 GC heap after
Heap after GC invocations=7 (full 1):
 PSYoungGen      total 95232K, used 15848K [0x000000076c000000, 0x0000000774480000, 0x00000007c0000000)
  eden space 79360K, 0% used [0x000000076c000000,0x000000076c000000,0x0000000770d80000)
  from space 15872K, 99% used [0x0000000772400000,0x000000077337a2f0,0x0000000773380000)
  to   space 23040K, 0% used [0x0000000770d80000,0x0000000770d80000,0x0000000772400000)
 ParOldGen       total 122880K, used 22783K [0x00000006c4000000, 0x00000006cb800000, 0x000000076c000000)
  object space 122880K, 18% used [0x00000006c4000000,0x00000006c563fe78,0x00000006cb800000)
 Metaspace       used 25738K, capacity 26643K, committed 26880K, reserved 1073152K
  class space    used 3093K, capacity 3324K, committed 3328K, reserved 1048576K
}
Event: 4.384 GC heap before
{Heap before GC invocations=8 (full 1):
 PSYoungGen      total 95232K, used 95208K [0x000000076c000000, 0x0000000774480000, 0x00000007c0000000)
  eden space 79360K, 100% used [0x000000076c000000,0x0000000770d80000,0x0000000770d80000)
  from space 15872K, 99% used [0x0000000772400000,0x000000077337a2f0,0x0000000773380000)
  to   space 23040K, 0% used [0x0000000770d80000,0x0000000770d80000,0x0000000772400000)
 ParOldGen       total 122880K, used 22783K [0x00000006c4000000, 0x00000006cb800000, 0x000000076c000000)
  object space 122880K, 18% used [0x00000006c4000000,0x00000006c563fe78,0x00000006cb800000)
 Metaspace       used 26187K, capacity 27123K, committed 27264K, reserved 1073152K
  class space    used 3107K, capacity 3356K, committed 3456K, reserved 1048576K
Event: 4.396 GC heap after
Heap after GC invocations=8 (full 1):
 PSYoungGen      total 102400K, used 21274K [0x000000076c000000, 0x0000000776600000, 0x00000007c0000000)
  eden space 79360K, 0% used [0x000000076c000000,0x000000076c000000,0x0000000770d80000)
  from space 23040K, 92% used [0x0000000770d80000,0x0000000772246a58,0x0000000772400000)
  to   space 26112K, 0% used [0x0000000774c80000,0x0000000774c80000,0x0000000776600000)
 ParOldGen       total 122880K, used 22791K [0x00000006c4000000, 0x00000006cb800000, 0x000000076c000000)
  object space 122880K, 18% used [0x00000006c4000000,0x00000006c5641e78,0x00000006cb800000)
 Metaspace       used 26187K, capacity 27123K, committed 27264K, reserved 1073152K
  class space    used 3107K, capacity 3356K, committed 3456K, reserved 1048576K
}
Event: 4.416 GC heap before
{Heap before GC invocations=9 (full 1):
 PSYoungGen      total 102400K, used 100634K [0x000000076c000000, 0x0000000776600000, 0x00000007c0000000)
  eden space 79360K, 100% used [0x000000076c000000,0x0000000770d80000,0x0000000770d80000)
  from space 23040K, 92% used [0x0000000770d80000,0x0000000772246a58,0x0000000772400000)
  to   space 26112K, 0% used [0x0000000774c80000,0x0000000774c80000,0x0000000776600000)
 ParOldGen       total 122880K, used 22791K [0x00000006c4000000, 0x00000006cb800000, 0x000000076c000000)
  object space 122880K, 18% used [0x00000006c4000000,0x00000006c5641e78,0x00000006cb800000)
 Metaspace       used 26187K, capacity 27123K, committed 27264K, reserved 1073152K
  class space    used 3107K, capacity 3356K, committed 3456K, reserved 1048576K
Event: 4.429 GC heap after
Heap after GC invocations=9 (full 1):
 PSYoungGen      total 105472K, used 21308K [0x000000076c000000, 0x0000000776600000, 0x00000007c0000000)
  eden space 79360K, 0% used [0x000000076c000000,0x000000076c000000,0x0000000770d80000)
  from space 26112K, 81% used [0x0000000774c80000,0x000000077614f148,0x0000000776600000)
  to   space 23040K, 0% used [0x0000000770d80000,0x0000000770d80000,0x0000000772400000)
 ParOldGen       total 122880K, used 22791K [0x00000006c4000000, 0x00000006cb800000, 0x000000076c000000)
  object space 122880K, 18% used [0x00000006c4000000,0x00000006c5641e78,0x00000006cb800000)
 Metaspace       used 26187K, capacity 27123K, committed 27264K, reserved 1073152K
  class space    used 3107K, capacity 3356K, committed 3456K, reserved 1048576K
}
Event: 4.448 GC heap before
{Heap before GC invocations=10 (full 1):
 PSYoungGen      total 105472K, used 100668K [0x000000076c000000, 0x0000000776600000, 0x00000007c0000000)
  eden space 79360K, 100% used [0x000000076c000000,0x0000000770d80000,0x0000000770d80000)
  from space 26112K, 81% used [0x0000000774c80000,0x000000077614f148,0x0000000776600000)
  to   space 23040K, 0% used [0x0000000770d80000,0x0000000770d80000,0x0000000772400000)
 ParOldGen       total 122880K, used 22791K [0x00000006c4000000, 0x00000006cb800000, 0x000000076c000000)
  object space 122880K, 18% used [0x00000006c4000000,0x00000006c5641e78,0x00000006cb800000)
 Metaspace       used 26187K, capacity 27123K, committed 27264K, reserved 1073152K
  class space    used 3107K, capacity 3356K, committed 3456K, reserved 1048576K
Event: 4.457 GC heap after
Heap after GC invocations=10 (full 1):
 PSYoungGen      total 102400K, used 21523K [0x000000076c000000, 0x0000000776600000, 0x00000007c0000000)
  eden space 79360K, 0% used [0x000000076c000000,0x000000076c000000,0x0000000770d80000)
  from space 23040K, 93% used [0x0000000770d80000,0x0000000772284fc8,0x0000000772400000)
  to   space 26112K, 0% used [0x0000000774c80000,0x0000000774c80000,0x0000000776600000)
 ParOldGen       total 122880K, used 22791K [0x00000006c4000000, 0x00000006cb800000, 0x000000076c000000)
  object space 122880K, 18% used [0x00000006c4000000,0x00000006c5641e78,0x00000006cb800000)
 Metaspace       used 26187K, capacity 27123K, committed 27264K, reserved 1073152K
  class space    used 3107K, capacity 3356K, committed 3456K, reserved 1048576K
}
Event: 5.495 GC heap before
{Heap before GC invocations=11 (full 1):
 PSYoungGen      total 102400K, used 100883K [0x000000076c000000, 0x0000000776600000, 0x00000007c0000000)
  eden space 79360K, 100% used [0x000000076c000000,0x0000000770d80000,0x0000000770d80000)
  from space 23040K, 93% used [0x0000000770d80000,0x0000000772284fc8,0x0000000772400000)
  to   space 26112K, 0% used [0x0000000774c80000,0x0000000774c80000,0x0000000776600000)
 ParOldGen       total 122880K, used 22791K [0x00000006c4000000, 0x00000006cb800000, 0x000000076c000000)
  object space 122880K, 18% used [0x00000006c4000000,0x00000006c5641e78,0x00000006cb800000)
 Metaspace       used 27966K, capacity 29033K, committed 29184K, reserved 1075200K
  class space    used 3306K, capacity 3563K, committed 3584K, reserved 1048576K
Event: 5.505 GC heap after
Heap after GC invocations=11 (full 1):
 PSYoungGen      total 137728K, used 26105K [0x000000076c000000, 0x0000000777500000, 0x00000007c0000000)
  eden space 111616K, 0% used [0x000000076c000000,0x000000076c000000,0x0000000772d00000)
  from space 26112K, 99% used [0x0000000774c80000,0x00000007765fe678,0x0000000776600000)
  to   space 32256K, 0% used [0x0000000772d00000,0x0000000772d00000,0x0000000774c80000)
 ParOldGen       total 122880K, used 24528K [0x00000006c4000000, 0x00000006cb800000, 0x000000076c000000)
  object space 122880K, 19% used [0x00000006c4000000,0x00000006c57f4368,0x00000006cb800000)
 Metaspace       used 27966K, capacity 29033K, committed 29184K, reserved 1075200K
  class space    used 3306K, capacity 3563K, committed 3584K, reserved 1048576K
}

