# JRE version: Java(TM) SE Runtime Environment (8.0_45-b15) (build 1.8.0_45-b15)
# Java VM: Java HotSpot(TM) 64-Bit Server VM (25.45-b02 mixed mode windows-amd64 compressed oops)
Heap:
 PSYoungGen      total 240128K, used 47146K [0x000000076c000000, 0x000000077c400000, 0x00000007c0000000)
  eden space 227840K, 15% used [0x000000076c000000,0x000000076e20be80,0x0000000779e80000)
  from space 12288K, 99% used [0x000000077b800000,0x000000077c3fe9e0,0x000000077c400000)
  to   space 15872K, 0% used [0x000000077a500000,0x000000077a500000,0x000000077b480000)
 ParOldGen       total 150016K, used 17355K [0x00000006c4000000, 0x00000006cd280000, 0x000000076c000000)
  object space 150016K, 11% used [0x00000006c4000000,0x00000006c50f2f10,0x00000006cd280000)
 Metaspace       used 48640K, capacity 51370K, committed 51456K, reserved 1093632K
  class space    used 6575K, capacity 7087K, committed 7168K, reserved 1048576K
GC Heap History (10 events):
Event: 1.745 GC heap before
{Heap before GC invocations=6 (full 1):
 PSYoungGen      total 103936K, used 103554K [0x000000076c000000, 0x0000000774e80000, 0x00000007c0000000)
  eden space 97792K, 100% used [0x000000076c000000,0x0000000771f80000,0x0000000771f80000)
  from space 6144K, 93% used [0x0000000774880000,0x0000000774e20a38,0x0000000774e80000)
  to   space 10752K, 0% used [0x0000000773980000,0x0000000773980000,0x0000000774400000)
 ParOldGen       total 102400K, used 6632K [0x00000006c4000000, 0x00000006ca400000, 0x000000076c000000)
  object space 102400K, 6% used [0x00000006c4000000,0x00000006c467a148,0x00000006ca400000)
 Metaspace       used 26785K, capacity 28502K, committed 28800K, reserved 1075200K
  class space    used 3567K, capacity 3898K, committed 3968K, reserved 1048576K
Event: 1.750 GC heap after
Heap after GC invocations=6 (full 1):
 PSYoungGen      total 135168K, used 8855K [0x000000076c000000, 0x0000000776700000, 0x00000007c0000000)
  eden space 124416K, 0% used [0x000000076c000000,0x000000076c000000,0x0000000773980000)
  from space 10752K, 82% used [0x0000000773980000,0x0000000774225ce8,0x0000000774400000)
  to   space 10240K, 0% used [0x0000000775d00000,0x0000000775d00000,0x0000000776700000)
 ParOldGen       total 102400K, used 6640K [0x00000006c4000000, 0x00000006ca400000, 0x000000076c000000)
  object space 102400K, 6% used [0x00000006c4000000,0x00000006c467c148,0x00000006ca400000)
 Metaspace       used 26785K, capacity 28502K, committed 28800K, reserved 1075200K
  class space    used 3567K, capacity 3898K, committed 3968K, reserved 1048576K
}
Event: 2.621 GC heap before
{Heap before GC invocations=7 (full 1):
 PSYoungGen      total 135168K, used 133271K [0x000000076c000000, 0x0000000776700000, 0x00000007c0000000)
  eden space 124416K, 100% used [0x000000076c000000,0x0000000773980000,0x0000000773980000)
  from space 10752K, 82% used [0x0000000773980000,0x0000000774225ce8,0x0000000774400000)
  to   space 10240K, 0% used [0x0000000775d00000,0x0000000775d00000,0x0000000776700000)
 ParOldGen       total 102400K, used 6640K [0x00000006c4000000, 0x00000006ca400000, 0x000000076c000000)
  object space 102400K, 6% used [0x00000006c4000000,0x00000006c467c148,0x00000006ca400000)
 Metaspace       used 32776K, capacity 34956K, committed 35072K, reserved 1079296K
  class space    used 4404K, capacity 4813K, committed 4864K, reserved 1048576K
Event: 2.634 GC heap after
Heap after GC invocations=7 (full 1):
 PSYoungGen      total 158208K, used 10224K [0x000000076c000000, 0x0000000779200000, 0x00000007c0000000)
  eden space 147968K, 0% used [0x000000076c000000,0x000000076c000000,0x0000000775080000)
  from space 10240K, 99% used [0x0000000775d00000,0x00000007766fc2c0,0x0000000776700000)
  to   space 12800K, 0% used [0x0000000775080000,0x0000000775080000,0x0000000775d00000)
 ParOldGen       total 102400K, used 9220K [0x00000006c4000000, 0x00000006ca400000, 0x000000076c000000)
  object space 102400K, 9% used [0x00000006c4000000,0x00000006c4901230,0x00000006ca400000)
 Metaspace       used 32776K, capacity 34956K, committed 35072K, reserved 1079296K
  class space    used 4404K, capacity 4813K, committed 4864K, reserved 1048576K
}
Event: 2.741 GC heap before
{Heap before GC invocations=8 (full 1):
 PSYoungGen      total 158208K, used 30165K [0x000000076c000000, 0x0000000779200000, 0x00000007c0000000)
  eden space 147968K, 13% used [0x000000076c000000,0x000000076d379510,0x0000000775080000)
  from space 10240K, 99% used [0x0000000775d00000,0x00000007766fc2c0,0x0000000776700000)
  to   space 12800K, 0% used [0x0000000775080000,0x0000000775080000,0x0000000775d00000)
 ParOldGen       total 102400K, used 9220K [0x00000006c4000000, 0x00000006ca400000, 0x000000076c000000)
  object space 102400K, 9% used [0x00000006c4000000,0x00000006c4901230,0x00000006ca400000)
 Metaspace       used 33179K, capacity 35300K, committed 35456K, reserved 1079296K
  class space    used 4474K, capacity 4883K, committed 4992K, reserved 1048576K
Event: 2.748 GC heap after
Heap after GC invocations=8 (full 1):
 PSYoungGen      total 160768K, used 7612K [0x000000076c000000, 0x000000077c400000, 0x00000007c0000000)
  eden space 147968K, 0% used [0x000000076c000000,0x000000076c000000,0x0000000775080000)
  from space 12800K, 59% used [0x0000000775080000,0x00000007757ef298,0x0000000775d00000)
  to   space 12288K, 0% used [0x000000077b800000,0x000000077b800000,0x000000077c400000)
 ParOldGen       total 102400K, used 9228K [0x00000006c4000000, 0x00000006ca400000, 0x000000076c000000)
  object space 102400K, 9% used [0x00000006c4000000,0x00000006c4903230,0x00000006ca400000)
 Metaspace       used 33179K, capacity 35300K, committed 35456K, reserved 1079296K
  class space    used 4474K, capacity 4883K, committed 4992K, reserved 1048576K
}
Event: 2.748 GC heap before
{Heap before GC invocations=9 (full 2):
 PSYoungGen      total 160768K, used 7612K [0x000000076c000000, 0x000000077c400000, 0x00000007c0000000)
  eden space 147968K, 0% used [0x000000076c000000,0x000000076c000000,0x0000000775080000)
  from space 12800K, 59% used [0x0000000775080000,0x00000007757ef298,0x0000000775d00000)
  to   space 12288K, 0% used [0x000000077b800000,0x000000077b800000,0x000000077c400000)
 ParOldGen       total 102400K, used 9228K [0x00000006c4000000, 0x00000006ca400000, 0x000000076c000000)
  object space 102400K, 9% used [0x00000006c4000000,0x00000006c4903230,0x00000006ca400000)
 Metaspace       used 33179K, capacity 35300K, committed 35456K, reserved 1079296K
  class space    used 4474K, capacity 4883K, committed 4992K, reserved 1048576K
Event: 2.784 GC heap after
Heap after GC invocations=9 (full 2):
 PSYoungGen      total 160768K, used 0K [0x000000076c000000, 0x000000077c400000, 0x00000007c0000000)
  eden space 147968K, 0% used [0x000000076c000000,0x000000076c000000,0x0000000775080000)
  from space 12800K, 0% used [0x0000000775080000,0x0000000775080000,0x0000000775d00000)
  to   space 12288K, 0% used [0x000000077b800000,0x000000077b800000,0x000000077c400000)
 ParOldGen       total 150016K, used 12448K [0x00000006c4000000, 0x00000006cd280000, 0x000000076c000000)
  object space 150016K, 8% used [0x00000006c4000000,0x00000006c4c28318,0x00000006cd280000)
 Metaspace       used 33179K, capacity 35300K, committed 35456K, reserved 1079296K
  class space    used 4474K, capacity 4883K, committed 4992K, reserved 1048576K
}
Event: 4.243 GC heap before
{Heap before GC invocations=10 (full 2):
 PSYoungGen      total 160768K, used 147968K [0x000000076c000000, 0x000000077c400000, 0x00000007c0000000)
  eden space 147968K, 100% used [0x000000076c000000,0x0000000775080000,0x0000000775080000)
  from space 12800K, 0% used [0x0000000775080000,0x0000000775080000,0x0000000775d00000)
  to   space 12288K, 0% used [0x000000077b800000,0x000000077b800000,0x000000077c400000)
 ParOldGen       total 150016K, used 12448K [0x00000006c4000000, 0x00000006cd280000, 0x000000076c000000)
  object space 150016K, 8% used [0x00000006c4000000,0x00000006c4c28318,0x00000006cd280000)
 Metaspace       used 47582K, capacity 50208K, committed 50560K, reserved 1093632K
  class space    used 6435K, capacity 6916K, committed 7040K, reserved 1048576K
Event: 4.258 GC heap after
Heap after GC invocations=10 (full 2):
 PSYoungGen      total 240128K, used 12282K [0x000000076c000000, 0x000000077c400000, 0x00000007c0000000)
  eden space 227840K, 0% used [0x000000076c000000,0x000000076c000000,0x0000000779e80000)
  from space 12288K, 99% used [0x000000077b800000,0x000000077c3fe9e0,0x000000077c400000)
  to   space 15872K, 0% used [0x000000077a500000,0x000000077a500000,0x000000077b480000)
 ParOldGen       total 150016K, used 17355K [0x00000006c4000000, 0x00000006cd280000, 0x000000076c000000)
  object space 150016K, 11% used [0x00000006c4000000,0x00000006c50f2f10,0x00000006cd280000)
 Metaspace       used 47582K, capacity 50208K, committed 50560K, reserved 1093632K
  class space    used 6435K, capacity 6916K, committed 7040K, reserved 1048576K
}

