# JRE version: Java(TM) SE Runtime Environment (8.0_45-b15) (build 1.8.0_45-b15)
# Java VM: Java HotSpot(TM) 64-Bit Server VM (25.45-b02 mixed mode windows-amd64 compressed oops)
Heap:
 PSYoungGen      total 171520K, used 158208K [0x000000076c000000, 0x000000077e380000, 0x00000007c0000000)
  eden space 158208K, 100% used [0x000000076c000000,0x0000000775a80000,0x0000000775a80000)
  from space 13312K, 0% used [0x0000000775a80000,0x0000000775a80000,0x0000000776780000)
  to   space 12800K, 0% used [0x000000077d700000,0x000000077d700000,0x000000077e380000)
 ParOldGen       total 140800K, used 12546K [0x00000006c4000000, 0x00000006cc980000, 0x000000076c000000)
  object space 140800K, 8% used [0x00000006c4000000,0x00000006c4c408a0,0x00000006cc980000)
 Metaspace       used 47762K, capacity 50404K, committed 50560K, reserved 1093632K
  class space    used 6469K, capacity 6956K, committed 7040K, reserved 1048576K
GC Heap History (10 events):
Event: 1.505 GC heap before
{Heap before GC invocations=5 (full 1):
 PSYoungGen      total 75264K, used 64512K [0x000000076c000000, 0x0000000775300000, 0x00000007c0000000)
  eden space 64512K, 100% used [0x000000076c000000,0x000000076ff00000,0x000000076ff00000)
  from space 10752K, 0% used [0x000000076ff00000,0x000000076ff00000,0x0000000770980000)
  to   space 10752K, 0% used [0x0000000774880000,0x0000000774880000,0x0000000775300000)
 ParOldGen       total 100352K, used 6649K [0x00000006c4000000, 0x00000006ca200000, 0x000000076c000000)
  object space 100352K, 6% used [0x00000006c4000000,0x00000006c467e440,0x00000006ca200000)
 Metaspace       used 23336K, capacity 24942K, committed 25088K, reserved 1071104K
  class space    used 3152K, capacity 3470K, committed 3584K, reserved 1048576K
Event: 1.509 GC heap after
Heap after GC invocations=5 (full 1):
 PSYoungGen      total 107008K, used 5679K [0x000000076c000000, 0x0000000774e80000, 0x00000007c0000000)
  eden space 100864K, 0% used [0x000000076c000000,0x000000076c000000,0x0000000772280000)
  from space 6144K, 92% used [0x0000000774880000,0x0000000774e0bc60,0x0000000774e80000)
  to   space 10752K, 0% used [0x0000000773980000,0x0000000773980000,0x0000000774400000)
 ParOldGen       total 100352K, used 6657K [0x00000006c4000000, 0x00000006ca200000, 0x000000076c000000)
  object space 100352K, 6% used [0x00000006c4000000,0x00000006c4680440,0x00000006ca200000)
 Metaspace       used 23336K, capacity 24942K, committed 25088K, reserved 1071104K
  class space    used 3152K, capacity 3470K, committed 3584K, reserved 1048576K
}
Event: 1.739 GC heap before
{Heap before GC invocations=6 (full 1):
 PSYoungGen      total 107008K, used 106543K [0x000000076c000000, 0x0000000774e80000, 0x00000007c0000000)
  eden space 100864K, 100% used [0x000000076c000000,0x0000000772280000,0x0000000772280000)
  from space 6144K, 92% used [0x0000000774880000,0x0000000774e0bc60,0x0000000774e80000)
  to   space 10752K, 0% used [0x0000000773980000,0x0000000773980000,0x0000000774400000)
 ParOldGen       total 100352K, used 6734K [0x00000006c4000000, 0x00000006ca200000, 0x000000076c000000)
  object space 100352K, 6% used [0x00000006c4000000,0x00000006c4693810,0x00000006ca200000)
 Metaspace       used 26878K, capacity 28656K, committed 28800K, reserved 1075200K
  class space    used 3571K, capacity 3903K, committed 3968K, reserved 1048576K
Event: 1.746 GC heap after
Heap after GC invocations=6 (full 1):
 PSYoungGen      total 135168K, used 9089K [0x000000076c000000, 0x0000000777180000, 0x00000007c0000000)
  eden space 124416K, 0% used [0x000000076c000000,0x000000076c000000,0x0000000773980000)
  from space 10752K, 84% used [0x0000000773980000,0x00000007742605b8,0x0000000774400000)
  to   space 10240K, 0% used [0x0000000776780000,0x0000000776780000,0x0000000777180000)
 ParOldGen       total 100352K, used 6742K [0x00000006c4000000, 0x00000006ca200000, 0x000000076c000000)
  object space 100352K, 6% used [0x00000006c4000000,0x00000006c4695810,0x00000006ca200000)
 Metaspace       used 26878K, capacity 28656K, committed 28800K, reserved 1075200K
  class space    used 3571K, capacity 3903K, committed 3968K, reserved 1048576K
}
Event: 2.541 GC heap before
{Heap before GC invocations=7 (full 1):
 PSYoungGen      total 135168K, used 133505K [0x000000076c000000, 0x0000000777180000, 0x00000007c0000000)
  eden space 124416K, 100% used [0x000000076c000000,0x0000000773980000,0x0000000773980000)
  from space 10752K, 84% used [0x0000000773980000,0x00000007742605b8,0x0000000774400000)
  to   space 10240K, 0% used [0x0000000776780000,0x0000000776780000,0x0000000777180000)
 ParOldGen       total 100352K, used 6742K [0x00000006c4000000, 0x00000006ca200000, 0x000000076c000000)
  object space 100352K, 6% used [0x00000006c4000000,0x00000006c4695810,0x00000006ca200000)
 Metaspace       used 32850K, capacity 35024K, committed 35328K, reserved 1079296K
  class space    used 4416K, capacity 4815K, committed 4864K, reserved 1048576K
Event: 2.551 GC heap after
Heap after GC invocations=7 (full 1):
 PSYoungGen      total 168448K, used 10231K [0x000000076c000000, 0x0000000779880000, 0x00000007c0000000)
  eden space 158208K, 0% used [0x000000076c000000,0x000000076c000000,0x0000000775a80000)
  from space 10240K, 99% used [0x0000000776780000,0x000000077717df80,0x0000000777180000)
  to   space 13312K, 0% used [0x0000000775a80000,0x0000000775a80000,0x0000000776780000)
 ParOldGen       total 100352K, used 9527K [0x00000006c4000000, 0x00000006ca200000, 0x000000076c000000)
  object space 100352K, 9% used [0x00000006c4000000,0x00000006c494dee8,0x00000006ca200000)
 Metaspace       used 32850K, capacity 35024K, committed 35328K, reserved 1079296K
  class space    used 4416K, capacity 4815K, committed 4864K, reserved 1048576K
}
Event: 2.623 GC heap before
{Heap before GC invocations=8 (full 1):
 PSYoungGen      total 168448K, used 26265K [0x000000076c000000, 0x0000000779880000, 0x00000007c0000000)
  eden space 158208K, 10% used [0x000000076c000000,0x000000076cfa8678,0x0000000775a80000)
  from space 10240K, 99% used [0x0000000776780000,0x000000077717df80,0x0000000777180000)
  to   space 13312K, 0% used [0x0000000775a80000,0x0000000775a80000,0x0000000776780000)
 ParOldGen       total 100352K, used 9527K [0x00000006c4000000, 0x00000006ca200000, 0x000000076c000000)
  object space 100352K, 9% used [0x00000006c4000000,0x00000006c494dee8,0x00000006ca200000)
 Metaspace       used 33172K, capacity 35298K, committed 35456K, reserved 1079296K
  class space    used 4476K, capacity 4884K, committed 4992K, reserved 1048576K
Event: 2.631 GC heap after
Heap after GC invocations=8 (full 1):
 PSYoungGen      total 171520K, used 7547K [0x000000076c000000, 0x000000077e380000, 0x00000007c0000000)
  eden space 158208K, 0% used [0x000000076c000000,0x000000076c000000,0x0000000775a80000)
  from space 13312K, 56% used [0x0000000775a80000,0x00000007761ded50,0x0000000776780000)
  to   space 12800K, 0% used [0x000000077d700000,0x000000077d700000,0x000000077e380000)
 ParOldGen       total 100352K, used 9535K [0x00000006c4000000, 0x00000006ca200000, 0x000000076c000000)
  object space 100352K, 9% used [0x00000006c4000000,0x00000006c494fee8,0x00000006ca200000)
 Metaspace       used 33172K, capacity 35298K, committed 35456K, reserved 1079296K
  class space    used 4476K, capacity 4884K, committed 4992K, reserved 1048576K
}
Event: 2.631 GC heap before
{Heap before GC invocations=9 (full 2):
 PSYoungGen      total 171520K, used 7547K [0x000000076c000000, 0x000000077e380000, 0x00000007c0000000)
  eden space 158208K, 0% used [0x000000076c000000,0x000000076c000000,0x0000000775a80000)
  from space 13312K, 56% used [0x0000000775a80000,0x00000007761ded50,0x0000000776780000)
  to   space 12800K, 0% used [0x000000077d700000,0x000000077d700000,0x000000077e380000)
 ParOldGen       total 100352K, used 9535K [0x00000006c4000000, 0x00000006ca200000, 0x000000076c000000)
  object space 100352K, 9% used [0x00000006c4000000,0x00000006c494fee8,0x00000006ca200000)
 Metaspace       used 33172K, capacity 35298K, committed 35456K, reserved 1079296K
  class space    used 4476K, capacity 4884K, committed 4992K, reserved 1048576K
Event: 2.666 GC heap after
Heap after GC invocations=9 (full 2):
 PSYoungGen      total 171520K, used 0K [0x000000076c000000, 0x000000077e380000, 0x00000007c0000000)
  eden space 158208K, 0% used [0x000000076c000000,0x000000076c000000,0x0000000775a80000)
  from space 13312K, 0% used [0x0000000775a80000,0x0000000775a80000,0x0000000776780000)
  to   space 12800K, 0% used [0x000000077d700000,0x000000077d700000,0x000000077e380000)
 ParOldGen       total 140800K, used 12546K [0x00000006c4000000, 0x00000006cc980000, 0x000000076c000000)
  object space 140800K, 8% used [0x00000006c4000000,0x00000006c4c408a0,0x00000006cc980000)
 Metaspace       used 33172K, capacity 35298K, committed 35456K, reserved 1079296K
  class space    used 4476K, capacity 4884K, committed 4992K, reserved 1048576K
}

