# JRE version: Java(TM) SE Runtime Environment (8.0_45-b15) (build 1.8.0_45-b15)
# Java VM: Java HotSpot(TM) 64-Bit Server VM (25.45-b02 mixed mode windows-amd64 compressed oops)
Heap:
 PSYoungGen      total 251392K, used 47828K [0x000000076c000000, 0x0000000781700000, 0x00000007c0000000)
  eden space 239104K, 20% used [0x000000076c000000,0x000000076eeb52f8,0x000000077a980000)
  from space 12288K, 0% used [0x000000077bf00000,0x000000077bf00000,0x000000077cb00000)
  to   space 22016K, 0% used [0x000000077a980000,0x000000077a980000,0x000000077bf00000)
 ParOldGen       total 144384K, used 30328K [0x00000006c4000000, 0x00000006ccd00000, 0x000000076c000000)
  object space 144384K, 21% used [0x00000006c4000000,0x00000006c5d9e260,0x00000006ccd00000)
 Metaspace       used 56591K, capacity 60068K, committed 60288K, reserved 1101824K
  class space    used 7695K, capacity 8290K, committed 8320K, reserved 1048576K
GC Heap History (10 events):
Event: 5.898 GC heap before
{Heap before GC invocations=9 (full 2):
 PSYoungGen      total 164864K, used 7599K [0x000000076c000000, 0x000000077cb00000, 0x00000007c0000000)
  eden space 152064K, 0% used [0x000000076c000000,0x000000076c000000,0x0000000775480000)
  from space 12800K, 59% used [0x0000000775480000,0x0000000775bebd60,0x0000000776100000)
  to   space 12288K, 0% used [0x000000077bf00000,0x000000077bf00000,0x000000077cb00000)
 ParOldGen       total 99328K, used 9225K [0x00000006c4000000, 0x00000006ca100000, 0x000000076c000000)
  object space 99328K, 9% used [0x00000006c4000000,0x00000006c49026a0,0x00000006ca100000)
 Metaspace       used 33220K, capacity 35418K, committed 35496K, reserved 1079296K
  class space    used 4452K, capacity 4852K, committed 4864K, reserved 1048576K
Event: 5.980 GC heap after
Heap after GC invocations=9 (full 2):
 PSYoungGen      total 164864K, used 0K [0x000000076c000000, 0x000000077cb00000, 0x00000007c0000000)
  eden space 152064K, 0% used [0x000000076c000000,0x000000076c000000,0x0000000775480000)
  from space 12800K, 0% used [0x0000000775480000,0x0000000775480000,0x0000000776100000)
  to   space 12288K, 0% used [0x000000077bf00000,0x000000077bf00000,0x000000077cb00000)
 ParOldGen       total 144384K, used 12428K [0x00000006c4000000, 0x00000006ccd00000, 0x000000076c000000)
  object space 144384K, 8% used [0x00000006c4000000,0x00000006c4c23020,0x00000006ccd00000)
 Metaspace       used 33220K, capacity 35418K, committed 35496K, reserved 1079296K
  class space    used 4452K, capacity 4852K, committed 4864K, reserved 1048576K
}
Event: 10.083 GC heap before
{Heap before GC invocations=10 (full 2):
 PSYoungGen      total 164864K, used 152064K [0x000000076c000000, 0x000000077cb00000, 0x00000007c0000000)
  eden space 152064K, 100% used [0x000000076c000000,0x0000000775480000,0x0000000775480000)
  from space 12800K, 0% used [0x0000000775480000,0x0000000775480000,0x0000000776100000)
  to   space 12288K, 0% used [0x000000077bf00000,0x000000077bf00000,0x000000077cb00000)
 ParOldGen       total 144384K, used 12428K [0x00000006c4000000, 0x00000006ccd00000, 0x000000076c000000)
  object space 144384K, 8% used [0x00000006c4000000,0x00000006c4c23020,0x00000006ccd00000)
 Metaspace       used 47777K, capacity 50350K, committed 50560K, reserved 1093632K
  class space    used 6447K, capacity 6917K, committed 7040K, reserved 1048576K
Event: 10.110 GC heap after
Heap after GC invocations=10 (full 2):
 PSYoungGen      total 247808K, used 12267K [0x000000076c000000, 0x000000077cb00000, 0x00000007c0000000)
  eden space 235520K, 0% used [0x000000076c000000,0x000000076c000000,0x000000077a600000)
  from space 12288K, 99% used [0x000000077bf00000,0x000000077cafafe0,0x000000077cb00000)
  to   space 15872K, 0% used [0x000000077ac00000,0x000000077ac00000,0x000000077bb80000)
 ParOldGen       total 144384K, used 17558K [0x00000006c4000000, 0x00000006ccd00000, 0x000000076c000000)
  object space 144384K, 12% used [0x00000006c4000000,0x00000006c5125a40,0x00000006ccd00000)
 Metaspace       used 47777K, capacity 50350K, committed 50560K, reserved 1093632K
  class space    used 6447K, capacity 6917K, committed 7040K, reserved 1048576K
}
Event: 13.436 GC heap before
{Heap before GC invocations=11 (full 2):
 PSYoungGen      total 247808K, used 247787K [0x000000076c000000, 0x000000077cb00000, 0x00000007c0000000)
  eden space 235520K, 100% used [0x000000076c000000,0x000000077a600000,0x000000077a600000)
  from space 12288K, 99% used [0x000000077bf00000,0x000000077cafafe0,0x000000077cb00000)
  to   space 15872K, 0% used [0x000000077ac00000,0x000000077ac00000,0x000000077bb80000)
 ParOldGen       total 144384K, used 17558K [0x00000006c4000000, 0x00000006ccd00000, 0x000000076c000000)
  object space 144384K, 12% used [0x00000006c4000000,0x00000006c5125a40,0x00000006ccd00000)
 Metaspace       used 53688K, capacity 56576K, committed 56704K, reserved 1097728K
  class space    used 7208K, capacity 7744K, committed 7808K, reserved 1048576K
Event: 13.459 GC heap after
Heap after GC invocations=11 (full 2):
 PSYoungGen      total 251392K, used 15860K [0x000000076c000000, 0x000000077cb00000, 0x00000007c0000000)
  eden space 235520K, 0% used [0x000000076c000000,0x000000076c000000,0x000000077a600000)
  from space 15872K, 99% used [0x000000077ac00000,0x000000077bb7d090,0x000000077bb80000)
  to   space 12288K, 0% used [0x000000077bf00000,0x000000077bf00000,0x000000077cb00000)
 ParOldGen       total 144384K, used 21140K [0x00000006c4000000, 0x00000006ccd00000, 0x000000076c000000)
  object space 144384K, 14% used [0x00000006c4000000,0x00000006c54a50d0,0x00000006ccd00000)
 Metaspace       used 53688K, capacity 56576K, committed 56704K, reserved 1097728K
  class space    used 7208K, capacity 7744K, committed 7808K, reserved 1048576K
}
Event: 14.543 GC heap before
{Heap before GC invocations=12 (full 2):
 PSYoungGen      total 251392K, used 105394K [0x000000076c000000, 0x000000077cb00000, 0x00000007c0000000)
  eden space 235520K, 38% used [0x000000076c000000,0x000000077176fad8,0x000000077a600000)
  from space 15872K, 99% used [0x000000077ac00000,0x000000077bb7d090,0x000000077bb80000)
  to   space 12288K, 0% used [0x000000077bf00000,0x000000077bf00000,0x000000077cb00000)
 ParOldGen       total 144384K, used 21140K [0x00000006c4000000, 0x00000006ccd00000, 0x000000076c000000)
  object space 144384K, 14% used [0x00000006c4000000,0x00000006c54a50d0,0x00000006ccd00000)
 Metaspace       used 55735K, capacity 59040K, committed 59136K, reserved 1099776K
  class space    used 7525K, capacity 8108K, committed 8192K, reserved 1048576K
Event: 14.567 GC heap after
Heap after GC invocations=12 (full 2):
 PSYoungGen      total 251392K, used 12272K [0x000000076c000000, 0x0000000781700000, 0x00000007c0000000)
  eden space 239104K, 0% used [0x000000076c000000,0x000000076c000000,0x000000077a980000)
  from space 12288K, 99% used [0x000000077bf00000,0x000000077cafc088,0x000000077cb00000)
  to   space 22016K, 0% used [0x000000077a980000,0x000000077a980000,0x000000077bf00000)
 ParOldGen       total 144384K, used 28163K [0x00000006c4000000, 0x00000006ccd00000, 0x000000076c000000)
  object space 144384K, 19% used [0x00000006c4000000,0x00000006c5b80e60,0x00000006ccd00000)
 Metaspace       used 55735K, capacity 59040K, committed 59136K, reserved 1099776K
  class space    used 7525K, capacity 8108K, committed 8192K, reserved 1048576K
}
Event: 14.567 GC heap before
{Heap before GC invocations=13 (full 3):
 PSYoungGen      total 251392K, used 12272K [0x000000076c000000, 0x0000000781700000, 0x00000007c0000000)
  eden space 239104K, 0% used [0x000000076c000000,0x000000076c000000,0x000000077a980000)
  from space 12288K, 99% used [0x000000077bf00000,0x000000077cafc088,0x000000077cb00000)
  to   space 22016K, 0% used [0x000000077a980000,0x000000077a980000,0x000000077bf00000)
 ParOldGen       total 144384K, used 28163K [0x00000006c4000000, 0x00000006ccd00000, 0x000000076c000000)
  object space 144384K, 19% used [0x00000006c4000000,0x00000006c5b80e60,0x00000006ccd00000)
 Metaspace       used 55735K, capacity 59040K, committed 59136K, reserved 1099776K
  class space    used 7525K, capacity 8108K, committed 8192K, reserved 1048576K
Event: 14.976 GC heap after
Heap after GC invocations=13 (full 3):
 PSYoungGen      total 251392K, used 0K [0x000000076c000000, 0x0000000781700000, 0x00000007c0000000)
  eden space 239104K, 0% used [0x000000076c000000,0x000000076c000000,0x000000077a980000)
  from space 12288K, 0% used [0x000000077bf00000,0x000000077bf00000,0x000000077cb00000)
  to   space 22016K, 0% used [0x000000077a980000,0x000000077a980000,0x000000077bf00000)
 ParOldGen       total 144384K, used 30328K [0x00000006c4000000, 0x00000006ccd00000, 0x000000076c000000)
  object space 144384K, 21% used [0x00000006c4000000,0x00000006c5d9e260,0x00000006ccd00000)
 Metaspace       used 55735K, capacity 59040K, committed 59136K, reserved 1099776K
  class space    used 7525K, capacity 8108K, committed 8192K, reserved 1048576K
}

