# JRE version: Java(TM) SE Runtime Environment (8.0_45-b15) (build 1.8.0_45-b15)
# Java VM: Java HotSpot(TM) 64-Bit Server VM (25.45-b02 mixed mode windows-amd64 compressed oops)
Heap:
 PSYoungGen      total 173056K, used 139476K [0x000000076c000000, 0x000000077db80000, 0x00000007c0000000)
  eden space 160256K, 87% used [0x000000076c000000,0x00000007748353f0,0x0000000775c80000)
  from space 12800K, 0% used [0x0000000775c80000,0x0000000775c80000,0x0000000776900000)
  to   space 12288K, 0% used [0x000000077cf80000,0x000000077cf80000,0x000000077db80000)
 ParOldGen       total 143872K, used 12533K [0x00000006c4000000, 0x00000006ccc80000, 0x000000076c000000)
  object space 143872K, 8% used [0x00000006c4000000,0x00000006c4c3d5e0,0x00000006ccc80000)
 Metaspace       used 47096K, capacity 49642K, committed 49920K, reserved 1091584K
  class space    used 6350K, capacity 6839K, committed 6912K, reserved 1048576K
GC Heap History (10 events):
Event: 1.697 GC heap before
{Heap before GC invocations=5 (full 1):
 PSYoungGen      total 75264K, used 64512K [0x000000076c000000, 0x0000000775300000, 0x00000007c0000000)
  eden space 64512K, 100% used [0x000000076c000000,0x000000076ff00000,0x000000076ff00000)
  from space 10752K, 0% used [0x000000076ff00000,0x000000076ff00000,0x0000000770980000)
  to   space 10752K, 0% used [0x0000000774880000,0x0000000774880000,0x0000000775300000)
 ParOldGen       total 98816K, used 6738K [0x00000006c4000000, 0x00000006ca080000, 0x000000076c000000)
  object space 98816K, 6% used [0x00000006c4000000,0x00000006c4694838,0x00000006ca080000)
 Metaspace       used 23360K, capacity 24954K, committed 25344K, reserved 1071104K
  class space    used 3154K, capacity 3470K, committed 3584K, reserved 1048576K
Event: 1.701 GC heap after
Heap after GC invocations=5 (full 1):
 PSYoungGen      total 107520K, used 5395K [0x000000076c000000, 0x0000000774e00000, 0x00000007c0000000)
  eden space 101888K, 0% used [0x000000076c000000,0x000000076c000000,0x0000000772380000)
  from space 5632K, 95% used [0x0000000774880000,0x0000000774dc4e88,0x0000000774e00000)
  to   space 10752K, 0% used [0x0000000773900000,0x0000000773900000,0x0000000774380000)
 ParOldGen       total 98816K, used 6746K [0x00000006c4000000, 0x00000006ca080000, 0x000000076c000000)
  object space 98816K, 6% used [0x00000006c4000000,0x00000006c4696838,0x00000006ca080000)
 Metaspace       used 23360K, capacity 24954K, committed 25344K, reserved 1071104K
  class space    used 3154K, capacity 3470K, committed 3584K, reserved 1048576K
}
Event: 1.981 GC heap before
{Heap before GC invocations=6 (full 1):
 PSYoungGen      total 107520K, used 107283K [0x000000076c000000, 0x0000000774e00000, 0x00000007c0000000)
  eden space 101888K, 100% used [0x000000076c000000,0x0000000772380000,0x0000000772380000)
  from space 5632K, 95% used [0x0000000774880000,0x0000000774dc4e88,0x0000000774e00000)
  to   space 10752K, 0% used [0x0000000773900000,0x0000000773900000,0x0000000774380000)
 ParOldGen       total 98816K, used 6746K [0x00000006c4000000, 0x00000006ca080000, 0x000000076c000000)
  object space 98816K, 6% used [0x00000006c4000000,0x00000006c4696838,0x00000006ca080000)
 Metaspace       used 26790K, capacity 28498K, committed 28800K, reserved 1075200K
  class space    used 3556K, capacity 3894K, committed 3968K, reserved 1048576K
Event: 1.989 GC heap after
Heap after GC invocations=6 (full 1):
 PSYoungGen      total 134656K, used 8799K [0x000000076c000000, 0x0000000777300000, 0x00000007c0000000)
  eden space 123904K, 0% used [0x000000076c000000,0x000000076c000000,0x0000000773900000)
  from space 10752K, 81% used [0x0000000773900000,0x0000000774197db0,0x0000000774380000)
  to   space 10240K, 0% used [0x0000000776900000,0x0000000776900000,0x0000000777300000)
 ParOldGen       total 98816K, used 6754K [0x00000006c4000000, 0x00000006ca080000, 0x000000076c000000)
  object space 98816K, 6% used [0x00000006c4000000,0x00000006c4698838,0x00000006ca080000)
 Metaspace       used 26790K, capacity 28498K, committed 28800K, reserved 1075200K
  class space    used 3556K, capacity 3894K, committed 3968K, reserved 1048576K
}
Event: 2.915 GC heap before
{Heap before GC invocations=7 (full 1):
 PSYoungGen      total 134656K, used 132703K [0x000000076c000000, 0x0000000777300000, 0x00000007c0000000)
  eden space 123904K, 100% used [0x000000076c000000,0x0000000773900000,0x0000000773900000)
  from space 10752K, 81% used [0x0000000773900000,0x0000000774197db0,0x0000000774380000)
  to   space 10240K, 0% used [0x0000000776900000,0x0000000776900000,0x0000000777300000)
 ParOldGen       total 98816K, used 6754K [0x00000006c4000000, 0x00000006ca080000, 0x000000076c000000)
  object space 98816K, 6% used [0x00000006c4000000,0x00000006c4698838,0x00000006ca080000)
 Metaspace       used 32972K, capacity 35146K, committed 35328K, reserved 1079296K
  class space    used 4399K, capacity 4810K, committed 4864K, reserved 1048576K
Event: 2.926 GC heap after
Heap after GC invocations=7 (full 1):
 PSYoungGen      total 170496K, used 10236K [0x000000076c000000, 0x0000000779680000, 0x00000007c0000000)
  eden space 160256K, 0% used [0x000000076c000000,0x000000076c000000,0x0000000775c80000)
  from space 10240K, 99% used [0x0000000776900000,0x00000007772ff020,0x0000000777300000)
  to   space 12800K, 0% used [0x0000000775c80000,0x0000000775c80000,0x0000000776900000)
 ParOldGen       total 98816K, used 9420K [0x00000006c4000000, 0x00000006ca080000, 0x000000076c000000)
  object space 98816K, 9% used [0x00000006c4000000,0x00000006c4933028,0x00000006ca080000)
 Metaspace       used 32972K, capacity 35146K, committed 35328K, reserved 1079296K
  class space    used 4399K, capacity 4810K, committed 4864K, reserved 1048576K
}
Event: 3.049 GC heap before
{Heap before GC invocations=8 (full 1):
 PSYoungGen      total 170496K, used 31449K [0x000000076c000000, 0x0000000779680000, 0x00000007c0000000)
  eden space 160256K, 13% used [0x000000076c000000,0x000000076d4b7458,0x0000000775c80000)
  from space 10240K, 99% used [0x0000000776900000,0x00000007772ff020,0x0000000777300000)
  to   space 12800K, 0% used [0x0000000775c80000,0x0000000775c80000,0x0000000776900000)
 ParOldGen       total 98816K, used 9420K [0x00000006c4000000, 0x00000006ca080000, 0x000000076c000000)
  object space 98816K, 9% used [0x00000006c4000000,0x00000006c4933028,0x00000006ca080000)
 Metaspace       used 33315K, capacity 35480K, committed 35496K, reserved 1079296K
  class space    used 4452K, capacity 4851K, committed 4864K, reserved 1048576K
Event: 3.056 GC heap after
Heap after GC invocations=8 (full 1):
 PSYoungGen      total 173056K, used 7596K [0x000000076c000000, 0x000000077db80000, 0x00000007c0000000)
  eden space 160256K, 0% used [0x000000076c000000,0x000000076c000000,0x0000000775c80000)
  from space 12800K, 59% used [0x0000000775c80000,0x00000007763eb258,0x0000000776900000)
  to   space 12288K, 0% used [0x000000077cf80000,0x000000077cf80000,0x000000077db80000)
 ParOldGen       total 98816K, used 9428K [0x00000006c4000000, 0x00000006ca080000, 0x000000076c000000)
  object space 98816K, 9% used [0x00000006c4000000,0x00000006c4935028,0x00000006ca080000)
 Metaspace       used 33315K, capacity 35480K, committed 35496K, reserved 1079296K
  class space    used 4452K, capacity 4851K, committed 4864K, reserved 1048576K
}
Event: 3.056 GC heap before
{Heap before GC invocations=9 (full 2):
 PSYoungGen      total 173056K, used 7596K [0x000000076c000000, 0x000000077db80000, 0x00000007c0000000)
  eden space 160256K, 0% used [0x000000076c000000,0x000000076c000000,0x0000000775c80000)
  from space 12800K, 59% used [0x0000000775c80000,0x00000007763eb258,0x0000000776900000)
  to   space 12288K, 0% used [0x000000077cf80000,0x000000077cf80000,0x000000077db80000)
 ParOldGen       total 98816K, used 9428K [0x00000006c4000000, 0x00000006ca080000, 0x000000076c000000)
  object space 98816K, 9% used [0x00000006c4000000,0x00000006c4935028,0x00000006ca080000)
 Metaspace       used 33315K, capacity 35480K, committed 35496K, reserved 1079296K
  class space    used 4452K, capacity 4851K, committed 4864K, reserved 1048576K
Event: 3.094 GC heap after
Heap after GC invocations=9 (full 2):
 PSYoungGen      total 173056K, used 0K [0x000000076c000000, 0x000000077db80000, 0x00000007c0000000)
  eden space 160256K, 0% used [0x000000076c000000,0x000000076c000000,0x0000000775c80000)
  from space 12800K, 0% used [0x0000000775c80000,0x0000000775c80000,0x0000000776900000)
  to   space 12288K, 0% used [0x000000077cf80000,0x000000077cf80000,0x000000077db80000)
 ParOldGen       total 143872K, used 12533K [0x00000006c4000000, 0x00000006ccc80000, 0x000000076c000000)
  object space 143872K, 8% used [0x00000006c4000000,0x00000006c4c3d5e0,0x00000006ccc80000)
 Metaspace       used 33315K, capacity 35480K, committed 35496K, reserved 1079296K
  class space    used 4452K, capacity 4851K, committed 4864K, reserved 1048576K
}

