# JRE version: Java(TM) SE Runtime Environment (8.0_45-b15) (build 1.8.0_45-b15)
# Java VM: Java HotSpot(TM) 64-Bit Server VM (25.45-b02 mixed mode windows-amd64 compressed oops)
Heap:
 PSYoungGen      total 110592K, used 18739K [0x000000076c000000, 0x0000000773a80000, 0x00000007c0000000)
  eden space 95744K, 4% used [0x000000076c000000,0x000000076c3cfc48,0x0000000771d80000)
  from space 14848K, 99% used [0x0000000771d80000,0x0000000772bfd2b0,0x0000000772c00000)
  to   space 13824K, 0% used [0x0000000772c80000,0x0000000772c80000,0x0000000773a00000)
 ParOldGen       total 112128K, used 50909K [0x00000006c4000000, 0x00000006cad80000, 0x000000076c000000)
  object space 112128K, 45% used [0x00000006c4000000,0x00000006c71b7740,0x00000006cad80000)
 Metaspace       used 26838K, capacity 27838K, committed 28032K, reserved 1073152K
  class space    used 3161K, capacity 3421K, committed 3456K, reserved 1048576K
GC Heap History (10 events):
Event: 3.938 GC heap before
{Heap before GC invocations=4 (full 0):
 PSYoungGen      total 75264K, used 35267K [0x000000076c000000, 0x0000000771400000, 0x00000007c0000000)
  eden space 64512K, 38% used [0x000000076c000000,0x000000076d7f8e70,0x000000076ff00000)
  from space 10752K, 99% used [0x000000076ff00000,0x0000000770978040,0x0000000770980000)
  to   space 10752K, 0% used [0x0000000770980000,0x0000000770980000,0x0000000771400000)
 ParOldGen       total 172032K, used 3803K [0x00000006c4000000, 0x00000006ce800000, 0x000000076c000000)
  object space 172032K, 2% used [0x00000006c4000000,0x00000006c43b6ef0,0x00000006ce800000)
 Metaspace       used 20457K, capacity 21208K, committed 21296K, reserved 1069056K
  class space    used 2475K, capacity 2658K, committed 2688K, reserved 1048576K
Event: 3.954 GC heap after
Heap after GC invocations=4 (full 0):
 PSYoungGen      total 75264K, used 10720K [0x000000076c000000, 0x0000000771400000, 0x00000007c0000000)
  eden space 64512K, 0% used [0x000000076c000000,0x000000076c000000,0x000000076ff00000)
  from space 10752K, 99% used [0x0000000770980000,0x00000007713f8050,0x0000000771400000)
  to   space 10752K, 0% used [0x000000076ff00000,0x000000076ff00000,0x0000000770980000)
 ParOldGen       total 172032K, used 4922K [0x00000006c4000000, 0x00000006ce800000, 0x000000076c000000)
  object space 172032K, 2% used [0x00000006c4000000,0x00000006c44ce918,0x00000006ce800000)
 Metaspace       used 20457K, capacity 21208K, committed 21296K, reserved 1069056K
  class space    used 2475K, capacity 2658K, committed 2688K, reserved 1048576K
}
Event: 3.954 GC heap before
{Heap before GC invocations=5 (full 1):
 PSYoungGen      total 75264K, used 10720K [0x000000076c000000, 0x0000000771400000, 0x00000007c0000000)
  eden space 64512K, 0% used [0x000000076c000000,0x000000076c000000,0x000000076ff00000)
  from space 10752K, 99% used [0x0000000770980000,0x00000007713f8050,0x0000000771400000)
  to   space 10752K, 0% used [0x000000076ff00000,0x000000076ff00000,0x0000000770980000)
 ParOldGen       total 172032K, used 4922K [0x00000006c4000000, 0x00000006ce800000, 0x000000076c000000)
  object space 172032K, 2% used [0x00000006c4000000,0x00000006c44ce918,0x00000006ce800000)
 Metaspace       used 20457K, capacity 21208K, committed 21296K, reserved 1069056K
  class space    used 2475K, capacity 2658K, committed 2688K, reserved 1048576K
Event: 4.017 GC heap after
Heap after GC invocations=5 (full 1):
 PSYoungGen      total 75264K, used 0K [0x000000076c000000, 0x0000000771400000, 0x00000007c0000000)
  eden space 64512K, 0% used [0x000000076c000000,0x000000076c000000,0x000000076ff00000)
  from space 10752K, 0% used [0x0000000770980000,0x0000000770980000,0x0000000771400000)
  to   space 10752K, 0% used [0x000000076ff00000,0x000000076ff00000,0x0000000770980000)
 ParOldGen       total 112128K, used 13145K [0x00000006c4000000, 0x00000006cad80000, 0x000000076c000000)
  object space 112128K, 11% used [0x00000006c4000000,0x00000006c4cd6600,0x00000006cad80000)
 Metaspace       used 20457K, capacity 21208K, committed 21296K, reserved 1069056K
  class space    used 2475K, capacity 2658K, committed 2688K, reserved 1048576K
}
Event: 4.809 GC heap before
{Heap before GC invocations=6 (full 1):
 PSYoungGen      total 75264K, used 60359K [0x000000076c000000, 0x0000000771400000, 0x00000007c0000000)
  eden space 64512K, 93% used [0x000000076c000000,0x000000076faf1e30,0x000000076ff00000)
  from space 10752K, 0% used [0x0000000770980000,0x0000000770980000,0x0000000771400000)
  to   space 10752K, 0% used [0x000000076ff00000,0x000000076ff00000,0x0000000770980000)
 ParOldGen       total 112128K, used 13145K [0x00000006c4000000, 0x00000006cad80000, 0x000000076c000000)
  object space 112128K, 11% used [0x00000006c4000000,0x00000006c4cd6600,0x00000006cad80000)
 Metaspace       used 21568K, capacity 22424K, committed 22576K, reserved 1069056K
  class space    used 2568K, capacity 2828K, committed 2944K, reserved 1048576K
Event: 4.822 GC heap after
Heap after GC invocations=6 (full 1):
 PSYoungGen      total 75264K, used 10141K [0x000000076c000000, 0x0000000773a00000, 0x00000007c0000000)
  eden space 64512K, 0% used [0x000000076c000000,0x000000076c000000,0x000000076ff00000)
  from space 10752K, 94% used [0x000000076ff00000,0x00000007708e7630,0x0000000770980000)
  to   space 13824K, 0% used [0x0000000772c80000,0x0000000772c80000,0x0000000773a00000)
 ParOldGen       total 112128K, used 36193K [0x00000006c4000000, 0x00000006cad80000, 0x000000076c000000)
  object space 112128K, 32% used [0x00000006c4000000,0x00000006c6358620,0x00000006cad80000)
 Metaspace       used 21568K, capacity 22424K, committed 22576K, reserved 1069056K
  class space    used 2568K, capacity 2828K, committed 2944K, reserved 1048576K
}
Event: 5.456 GC heap before
{Heap before GC invocations=7 (full 1):
 PSYoungGen      total 75264K, used 74630K [0x000000076c000000, 0x0000000773a00000, 0x00000007c0000000)
  eden space 64512K, 99% used [0x000000076c000000,0x000000076fefa358,0x000000076ff00000)
  from space 10752K, 94% used [0x000000076ff00000,0x00000007708e7630,0x0000000770980000)
  to   space 13824K, 0% used [0x0000000772c80000,0x0000000772c80000,0x0000000773a00000)
 ParOldGen       total 112128K, used 36193K [0x00000006c4000000, 0x00000006cad80000, 0x000000076c000000)
  object space 112128K, 32% used [0x00000006c4000000,0x00000006c6358620,0x00000006cad80000)
 Metaspace       used 25671K, capacity 26622K, committed 26752K, reserved 1073152K
  class space    used 3104K, capacity 3357K, committed 3456K, reserved 1048576K
Event: 5.462 GC heap after
Heap after GC invocations=7 (full 1):
 PSYoungGen      total 109568K, used 4702K [0x000000076c000000, 0x0000000773a80000, 0x00000007c0000000)
  eden space 95744K, 0% used [0x000000076c000000,0x000000076c000000,0x0000000771d80000)
  from space 13824K, 34% used [0x0000000772c80000,0x0000000773117900,0x0000000773a00000)
  to   space 14848K, 0% used [0x0000000771d80000,0x0000000771d80000,0x0000000772c00000)
 ParOldGen       total 112128K, used 36201K [0x00000006c4000000, 0x00000006cad80000, 0x000000076c000000)
  object space 112128K, 32% used [0x00000006c4000000,0x00000006c635a620,0x00000006cad80000)
 Metaspace       used 25671K, capacity 26622K, committed 26752K, reserved 1073152K
  class space    used 3104K, capacity 3357K, committed 3456K, reserved 1048576K
}
Event: 6.758 GC heap before
{Heap before GC invocations=8 (full 1):
 PSYoungGen      total 109568K, used 100446K [0x000000076c000000, 0x0000000773a80000, 0x00000007c0000000)
  eden space 95744K, 100% used [0x000000076c000000,0x0000000771d80000,0x0000000771d80000)
  from space 13824K, 34% used [0x0000000772c80000,0x0000000773117900,0x0000000773a00000)
  to   space 14848K, 0% used [0x0000000771d80000,0x0000000771d80000,0x0000000772c00000)
 ParOldGen       total 112128K, used 36201K [0x00000006c4000000, 0x00000006cad80000, 0x000000076c000000)
  object space 112128K, 32% used [0x00000006c4000000,0x00000006c635a620,0x00000006cad80000)
 Metaspace       used 26833K, capacity 27838K, committed 28032K, reserved 1073152K
  class space    used 3161K, capacity 3421K, committed 3456K, reserved 1048576K
Event: 6.779 GC heap after
Heap after GC invocations=8 (full 1):
 PSYoungGen      total 110592K, used 14836K [0x000000076c000000, 0x0000000773a80000, 0x00000007c0000000)
  eden space 95744K, 0% used [0x000000076c000000,0x000000076c000000,0x0000000771d80000)
  from space 14848K, 99% used [0x0000000771d80000,0x0000000772bfd2b0,0x0000000772c00000)
  to   space 13824K, 0% used [0x0000000772c80000,0x0000000772c80000,0x0000000773a00000)
 ParOldGen       total 112128K, used 50909K [0x00000006c4000000, 0x00000006cad80000, 0x000000076c000000)
  object space 112128K, 45% used [0x00000006c4000000,0x00000006c71b7740,0x00000006cad80000)
 Metaspace       used 26833K, capacity 27838K, committed 28032K, reserved 1073152K
  class space    used 3161K, capacity 3421K, committed 3456K, reserved 1048576K
}

