# JRE version: Java(TM) SE Runtime Environment (8.0_45-b15) (build 1.8.0_45-b15)
# Java VM: Java HotSpot(TM) 64-Bit Server VM (25.45-b02 mixed mode windows-amd64 compressed oops)
Heap:
 PSYoungGen      total 135168K, used 99203K [0x000000076c000000, 0x0000000776d00000, 0x00000007c0000000)
  eden space 124416K, 72% used [0x000000076c000000,0x000000077187c828,0x0000000773980000)
  from space 10752K, 79% used [0x0000000773980000,0x00000007741e47b0,0x0000000774400000)
  to   space 10240K, 0% used [0x0000000776300000,0x0000000776300000,0x0000000776d00000)
 ParOldGen       total 101376K, used 6753K [0x00000006c4000000, 0x00000006ca300000, 0x000000076c000000)
  object space 101376K, 6% used [0x00000006c4000000,0x00000006c4698568,0x00000006ca300000)
 Metaspace       used 30657K, capacity 32732K, committed 33024K, reserved 1077248K
  class space    used 4094K, capacity 4501K, committed 4608K, reserved 1048576K
GC Heap History (10 events):
Event: 1.665 GC heap before
{Heap before GC invocations=2 (full 0):
 PSYoungGen      total 75264K, used 71641K [0x000000076c000000, 0x0000000771400000, 0x00000007c0000000)
  eden space 64512K, 100% used [0x000000076c000000,0x000000076ff00000,0x000000076ff00000)
  from space 10752K, 66% used [0x000000076ff00000,0x00000007705f6440,0x0000000770980000)
  to   space 10752K, 0% used [0x0000000770980000,0x0000000770980000,0x0000000771400000)
 ParOldGen       total 172032K, used 24K [0x00000006c4000000, 0x00000006ce800000, 0x000000076c000000)
  object space 172032K, 0% used [0x00000006c4000000,0x00000006c4006000,0x00000006ce800000)
 Metaspace       used 17393K, capacity 18840K, committed 18944K, reserved 1064960K
  class space    used 2266K, capacity 2526K, committed 2560K, reserved 1048576K
Event: 1.671 GC heap after
Heap after GC invocations=2 (full 0):
 PSYoungGen      total 75264K, used 8898K [0x000000076c000000, 0x0000000771400000, 0x00000007c0000000)
  eden space 64512K, 0% used [0x000000076c000000,0x000000076c000000,0x000000076ff00000)
  from space 10752K, 82% used [0x0000000770980000,0x0000000771230b28,0x0000000771400000)
  to   space 10752K, 0% used [0x000000076ff00000,0x000000076ff00000,0x0000000770980000)
 ParOldGen       total 172032K, used 32K [0x00000006c4000000, 0x00000006ce800000, 0x000000076c000000)
  object space 172032K, 0% used [0x00000006c4000000,0x00000006c4008000,0x00000006ce800000)
 Metaspace       used 17393K, capacity 18840K, committed 18944K, reserved 1064960K
  class space    used 2266K, capacity 2526K, committed 2560K, reserved 1048576K
}
Event: 1.811 GC heap before
{Heap before GC invocations=3 (full 0):
 PSYoungGen      total 75264K, used 40760K [0x000000076c000000, 0x0000000771400000, 0x00000007c0000000)
  eden space 64512K, 49% used [0x000000076c000000,0x000000076df1d690,0x000000076ff00000)
  from space 10752K, 82% used [0x0000000770980000,0x0000000771230b28,0x0000000771400000)
  to   space 10752K, 0% used [0x000000076ff00000,0x000000076ff00000,0x0000000770980000)
 ParOldGen       total 172032K, used 32K [0x00000006c4000000, 0x00000006ce800000, 0x000000076c000000)
  object space 172032K, 0% used [0x00000006c4000000,0x00000006c4008000,0x00000006ce800000)
 Metaspace       used 19692K, capacity 21242K, committed 21296K, reserved 1067008K
  class space    used 2634K, capacity 2925K, committed 2944K, reserved 1048576K
Event: 1.817 GC heap after
Heap after GC invocations=3 (full 0):
 PSYoungGen      total 75264K, used 7076K [0x000000076c000000, 0x0000000775300000, 0x00000007c0000000)
  eden space 64512K, 0% used [0x000000076c000000,0x000000076c000000,0x000000076ff00000)
  from space 10752K, 65% used [0x000000076ff00000,0x00000007705e90d8,0x0000000770980000)
  to   space 10752K, 0% used [0x0000000774880000,0x0000000774880000,0x0000000775300000)
 ParOldGen       total 172032K, used 40K [0x00000006c4000000, 0x00000006ce800000, 0x000000076c000000)
  object space 172032K, 0% used [0x00000006c4000000,0x00000006c400a000,0x00000006ce800000)
 Metaspace       used 19692K, capacity 21242K, committed 21296K, reserved 1067008K
  class space    used 2634K, capacity 2925K, committed 2944K, reserved 1048576K
}
Event: 1.817 GC heap before
{Heap before GC invocations=4 (full 1):
 PSYoungGen      total 75264K, used 7076K [0x000000076c000000, 0x0000000775300000, 0x00000007c0000000)
  eden space 64512K, 0% used [0x000000076c000000,0x000000076c000000,0x000000076ff00000)
  from space 10752K, 65% used [0x000000076ff00000,0x00000007705e90d8,0x0000000770980000)
  to   space 10752K, 0% used [0x0000000774880000,0x0000000774880000,0x0000000775300000)
 ParOldGen       total 172032K, used 40K [0x00000006c4000000, 0x00000006ce800000, 0x000000076c000000)
  object space 172032K, 0% used [0x00000006c4000000,0x00000006c400a000,0x00000006ce800000)
 Metaspace       used 19692K, capacity 21242K, committed 21296K, reserved 1067008K
  class space    used 2634K, capacity 2925K, committed 2944K, reserved 1048576K
Event: 1.844 GC heap after
Heap after GC invocations=4 (full 1):
 PSYoungGen      total 75264K, used 0K [0x000000076c000000, 0x0000000775300000, 0x00000007c0000000)
  eden space 64512K, 0% used [0x000000076c000000,0x000000076c000000,0x000000076ff00000)
  from space 10752K, 0% used [0x000000076ff00000,0x000000076ff00000,0x0000000770980000)
  to   space 10752K, 0% used [0x0000000774880000,0x0000000774880000,0x0000000775300000)
 ParOldGen       total 101376K, used 6737K [0x00000006c4000000, 0x00000006ca300000, 0x000000076c000000)
  object space 101376K, 6% used [0x00000006c4000000,0x00000006c4694568,0x00000006ca300000)
 Metaspace       used 19692K, capacity 21242K, committed 21296K, reserved 1067008K
  class space    used 2634K, capacity 2925K, committed 2944K, reserved 1048576K
}
Event: 2.147 GC heap before
{Heap before GC invocations=5 (full 1):
 PSYoungGen      total 75264K, used 64512K [0x000000076c000000, 0x0000000775300000, 0x00000007c0000000)
  eden space 64512K, 100% used [0x000000076c000000,0x000000076ff00000,0x000000076ff00000)
  from space 10752K, 0% used [0x000000076ff00000,0x000000076ff00000,0x0000000770980000)
  to   space 10752K, 0% used [0x0000000774880000,0x0000000774880000,0x0000000775300000)
 ParOldGen       total 101376K, used 6737K [0x00000006c4000000, 0x00000006ca300000, 0x000000076c000000)
  object space 101376K, 6% used [0x00000006c4000000,0x00000006c4694568,0x00000006ca300000)
 Metaspace       used 23209K, capacity 24822K, committed 25088K, reserved 1071104K
  class space    used 3146K, capacity 3470K, committed 3584K, reserved 1048576K
Event: 2.152 GC heap after
Heap after GC invocations=5 (full 1):
 PSYoungGen      total 105472K, used 5709K [0x000000076c000000, 0x0000000774e80000, 0x00000007c0000000)
  eden space 99328K, 0% used [0x000000076c000000,0x000000076c000000,0x0000000772100000)
  from space 6144K, 92% used [0x0000000774880000,0x0000000774e13540,0x0000000774e80000)
  to   space 10752K, 0% used [0x0000000773980000,0x0000000773980000,0x0000000774400000)
 ParOldGen       total 101376K, used 6745K [0x00000006c4000000, 0x00000006ca300000, 0x000000076c000000)
  object space 101376K, 6% used [0x00000006c4000000,0x00000006c4696568,0x00000006ca300000)
 Metaspace       used 23209K, capacity 24822K, committed 25088K, reserved 1071104K
  class space    used 3146K, capacity 3470K, committed 3584K, reserved 1048576K
}
Event: 2.429 GC heap before
{Heap before GC invocations=6 (full 1):
 PSYoungGen      total 105472K, used 105037K [0x000000076c000000, 0x0000000774e80000, 0x00000007c0000000)
  eden space 99328K, 100% used [0x000000076c000000,0x0000000772100000,0x0000000772100000)
  from space 6144K, 92% used [0x0000000774880000,0x0000000774e13540,0x0000000774e80000)
  to   space 10752K, 0% used [0x0000000773980000,0x0000000773980000,0x0000000774400000)
 ParOldGen       total 101376K, used 6745K [0x00000006c4000000, 0x00000006ca300000, 0x000000076c000000)
  object space 101376K, 6% used [0x00000006c4000000,0x00000006c4696568,0x00000006ca300000)
 Metaspace       used 26794K, capacity 28494K, committed 28800K, reserved 1075200K
  class space    used 3565K, capacity 3894K, committed 3968K, reserved 1048576K
Event: 2.438 GC heap after
Heap after GC invocations=6 (full 1):
 PSYoungGen      total 135168K, used 8593K [0x000000076c000000, 0x0000000776d00000, 0x00000007c0000000)
  eden space 124416K, 0% used [0x000000076c000000,0x000000076c000000,0x0000000773980000)
  from space 10752K, 79% used [0x0000000773980000,0x00000007741e47b0,0x0000000774400000)
  to   space 10240K, 0% used [0x0000000776300000,0x0000000776300000,0x0000000776d00000)
 ParOldGen       total 101376K, used 6753K [0x00000006c4000000, 0x00000006ca300000, 0x000000076c000000)
  object space 101376K, 6% used [0x00000006c4000000,0x00000006c4698568,0x00000006ca300000)
 Metaspace       used 26794K, capacity 28494K, committed 28800K, reserved 1075200K
  class space    used 3565K, capacity 3894K, committed 3968K, reserved 1048576K
}

