# JRE version: Java(TM) SE Runtime Environment (8.0_45-b15) (build 1.8.0_45-b15)
# Java VM: Java HotSpot(TM) 64-Bit Server VM (25.45-b02 mixed mode windows-amd64 compressed oops)
Heap:
 PSYoungGen      total 195584K, used 31258K [0x000000076c000000, 0x000000077a500000, 0x00000007c0000000)
  eden space 167424K, 3% used [0x000000076c000000,0x000000076c67c108,0x0000000776380000)
  from space 28160K, 87% used [0x0000000776380000,0x0000000777b8aa80,0x0000000777f00000)
  to   space 26624K, 0% used [0x0000000777f00000,0x0000000777f00000,0x0000000779900000)
 ParOldGen       total 121344K, used 49022K [0x00000006c4000000, 0x00000006cb680000, 0x000000076c000000)
  object space 121344K, 40% used [0x00000006c4000000,0x00000006c6fdfa10,0x00000006cb680000)
 Metaspace       used 29433K, capacity 30570K, committed 30720K, reserved 1077248K
  class space    used 3420K, capacity 3725K, committed 3840K, reserved 1048576K
GC Heap History (10 events):
Event: 4.034 GC heap before
{Heap before GC invocations=7 (full 1):
 PSYoungGen      total 75264K, used 74733K [0x000000076c000000, 0x0000000773480000, 0x00000007c0000000)
  eden space 64512K, 100% used [0x000000076c000000,0x000000076ff00000,0x000000076ff00000)
  from space 10752K, 95% used [0x000000076ff00000,0x00000007708fb620,0x0000000770980000)
  to   space 13824K, 0% used [0x0000000772700000,0x0000000772700000,0x0000000773480000)
 ParOldGen       total 121344K, used 36186K [0x00000006c4000000, 0x00000006cb680000, 0x000000076c000000)
  object space 121344K, 29% used [0x00000006c4000000,0x00000006c6356ac0,0x00000006cb680000)
 Metaspace       used 25644K, capacity 26606K, committed 26752K, reserved 1073152K
  class space    used 3102K, capacity 3357K, committed 3456K, reserved 1048576K
Event: 4.041 GC heap after
Heap after GC invocations=7 (full 1):
 PSYoungGen      total 104448K, used 4727K [0x000000076c000000, 0x0000000773680000, 0x00000007c0000000)
  eden space 90624K, 0% used [0x000000076c000000,0x000000076c000000,0x0000000771880000)
  from space 13824K, 34% used [0x0000000772700000,0x0000000772b9dfa0,0x0000000773480000)
  to   space 14848K, 0% used [0x0000000771880000,0x0000000771880000,0x0000000772700000)
 ParOldGen       total 121344K, used 36194K [0x00000006c4000000, 0x00000006cb680000, 0x000000076c000000)
  object space 121344K, 29% used [0x00000006c4000000,0x00000006c6358ac0,0x00000006cb680000)
 Metaspace       used 25644K, capacity 26606K, committed 26752K, reserved 1073152K
  class space    used 3102K, capacity 3357K, committed 3456K, reserved 1048576K
}
Event: 5.012 GC heap before
{Heap before GC invocations=8 (full 1):
 PSYoungGen      total 104448K, used 95351K [0x000000076c000000, 0x0000000773680000, 0x00000007c0000000)
  eden space 90624K, 100% used [0x000000076c000000,0x0000000771880000,0x0000000771880000)
  from space 13824K, 34% used [0x0000000772700000,0x0000000772b9dfa0,0x0000000773480000)
  to   space 14848K, 0% used [0x0000000771880000,0x0000000771880000,0x0000000772700000)
 ParOldGen       total 121344K, used 36194K [0x00000006c4000000, 0x00000006cb680000, 0x000000076c000000)
  object space 121344K, 29% used [0x00000006c4000000,0x00000006c6358ac0,0x00000006cb680000)
 Metaspace       used 26790K, capacity 27758K, committed 28032K, reserved 1073152K
  class space    used 3159K, capacity 3421K, committed 3456K, reserved 1048576K
Event: 5.028 GC heap after
Heap after GC invocations=8 (full 1):
 PSYoungGen      total 105472K, used 14836K [0x000000076c000000, 0x0000000776c00000, 0x00000007c0000000)
  eden space 90624K, 0% used [0x000000076c000000,0x000000076c000000,0x0000000771880000)
  from space 14848K, 99% used [0x0000000771880000,0x00000007726fd370,0x0000000772700000)
  to   space 23040K, 0% used [0x0000000775580000,0x0000000775580000,0x0000000776c00000)
 ParOldGen       total 121344K, used 48990K [0x00000006c4000000, 0x00000006cb680000, 0x000000076c000000)
  object space 121344K, 40% used [0x00000006c4000000,0x00000006c6fd7a10,0x00000006cb680000)
 Metaspace       used 26790K, capacity 27758K, committed 28032K, reserved 1073152K
  class space    used 3159K, capacity 3421K, committed 3456K, reserved 1048576K
}
Event: 6.385 GC heap before
{Heap before GC invocations=9 (full 1):
 PSYoungGen      total 105472K, used 105460K [0x000000076c000000, 0x0000000776c00000, 0x00000007c0000000)
  eden space 90624K, 100% used [0x000000076c000000,0x0000000771880000,0x0000000771880000)
  from space 14848K, 99% used [0x0000000771880000,0x00000007726fd370,0x0000000772700000)
  to   space 23040K, 0% used [0x0000000775580000,0x0000000775580000,0x0000000776c00000)
 ParOldGen       total 121344K, used 48990K [0x00000006c4000000, 0x00000006cb680000, 0x000000076c000000)
  object space 121344K, 40% used [0x00000006c4000000,0x00000006c6fd7a10,0x00000006cb680000)
 Metaspace       used 28610K, capacity 29700K, committed 29824K, reserved 1075200K
  class space    used 3358K, capacity 3660K, committed 3712K, reserved 1048576K
Event: 6.398 GC heap after
Heap after GC invocations=9 (full 1):
 PSYoungGen      total 151040K, used 20682K [0x000000076c000000, 0x0000000776e80000, 0x00000007c0000000)
  eden space 128000K, 0% used [0x000000076c000000,0x000000076c000000,0x0000000773d00000)
  from space 23040K, 89% used [0x0000000775580000,0x00000007769b2b08,0x0000000776c00000)
  to   space 25088K, 0% used [0x0000000773d00000,0x0000000773d00000,0x0000000775580000)
 ParOldGen       total 121344K, used 48998K [0x00000006c4000000, 0x00000006cb680000, 0x000000076c000000)
  object space 121344K, 40% used [0x00000006c4000000,0x00000006c6fd9a10,0x00000006cb680000)
 Metaspace       used 28610K, capacity 29700K, committed 29824K, reserved 1075200K
  class space    used 3358K, capacity 3660K, committed 3712K, reserved 1048576K
}
Event: 6.720 GC heap before
{Heap before GC invocations=10 (full 1):
 PSYoungGen      total 151040K, used 148682K [0x000000076c000000, 0x0000000776e80000, 0x00000007c0000000)
  eden space 128000K, 100% used [0x000000076c000000,0x0000000773d00000,0x0000000773d00000)
  from space 23040K, 89% used [0x0000000775580000,0x00000007769b2b08,0x0000000776c00000)
  to   space 25088K, 0% used [0x0000000773d00000,0x0000000773d00000,0x0000000775580000)
 ParOldGen       total 121344K, used 48998K [0x00000006c4000000, 0x00000006cb680000, 0x000000076c000000)
  object space 121344K, 40% used [0x00000006c4000000,0x00000006c6fd9a10,0x00000006cb680000)
 Metaspace       used 29198K, capacity 30400K, committed 30720K, reserved 1077248K
  class space    used 3413K, capacity 3718K, committed 3840K, reserved 1048576K
Event: 6.734 GC heap after
Heap after GC invocations=10 (full 1):
 PSYoungGen      total 153088K, used 20464K [0x000000076c000000, 0x0000000779900000, 0x00000007c0000000)
  eden space 128000K, 0% used [0x000000076c000000,0x000000076c000000,0x0000000773d00000)
  from space 25088K, 81% used [0x0000000773d00000,0x00000007750fc358,0x0000000775580000)
  to   space 26624K, 0% used [0x0000000777f00000,0x0000000777f00000,0x0000000779900000)
 ParOldGen       total 121344K, used 49006K [0x00000006c4000000, 0x00000006cb680000, 0x000000076c000000)
  object space 121344K, 40% used [0x00000006c4000000,0x00000006c6fdba10,0x00000006cb680000)
 Metaspace       used 29198K, capacity 30400K, committed 30720K, reserved 1077248K
  class space    used 3413K, capacity 3718K, committed 3840K, reserved 1048576K
}
Event: 6.897 GC heap before
{Heap before GC invocations=11 (full 1):
 PSYoungGen      total 153088K, used 148464K [0x000000076c000000, 0x0000000779900000, 0x00000007c0000000)
  eden space 128000K, 100% used [0x000000076c000000,0x0000000773d00000,0x0000000773d00000)
  from space 25088K, 81% used [0x0000000773d00000,0x00000007750fc358,0x0000000775580000)
  to   space 26624K, 0% used [0x0000000777f00000,0x0000000777f00000,0x0000000779900000)
 ParOldGen       total 121344K, used 49006K [0x00000006c4000000, 0x00000006cb680000, 0x000000076c000000)
  object space 121344K, 40% used [0x00000006c4000000,0x00000006c6fdba10,0x00000006cb680000)
 Metaspace       used 29341K, capacity 30558K, committed 30720K, reserved 1077248K
  class space    used 3419K, capacity 3723K, committed 3840K, reserved 1048576K
Event: 6.910 GC heap after
Heap after GC invocations=11 (full 1):
 PSYoungGen      total 194048K, used 22020K [0x000000076c000000, 0x000000077a500000, 0x00000007c0000000)
  eden space 167424K, 0% used [0x000000076c000000,0x000000076c000000,0x0000000776380000)
  from space 26624K, 82% used [0x0000000777f00000,0x00000007794813a0,0x0000000779900000)
  to   space 28160K, 0% used [0x0000000776380000,0x0000000776380000,0x0000000777f00000)
 ParOldGen       total 121344K, used 49014K [0x00000006c4000000, 0x00000006cb680000, 0x000000076c000000)
  object space 121344K, 40% used [0x00000006c4000000,0x00000006c6fdda10,0x00000006cb680000)
 Metaspace       used 29341K, capacity 30558K, committed 30720K, reserved 1077248K
  class space    used 3419K, capacity 3723K, committed 3840K, reserved 1048576K
}

