# JRE version: Java(TM) SE Runtime Environment (8.0_45-b15) (build 1.8.0_45-b15)
# Java VM: Java HotSpot(TM) 64-Bit Server VM (25.45-b02 mixed mode windows-amd64 compressed oops)
Heap:
 PSYoungGen      total 257024K, used 22593K [0x000000076c000000, 0x000000077d600000, 0x00000007c0000000)
  eden space 244736K, 9% used [0x000000076c000000,0x000000076d610758,0x000000077af00000)
  from space 12288K, 0% used [0x000000077ca00000,0x000000077ca00000,0x000000077d600000)
  to   space 15872K, 0% used [0x000000077b700000,0x000000077b700000,0x000000077c680000)
 ParOldGen       total 142848K, used 29598K [0x00000006c4000000, 0x00000006ccb80000, 0x000000076c000000)
  object space 142848K, 20% used [0x00000006c4000000,0x00000006c5ce7808,0x00000006ccb80000)
 Metaspace       used 56089K, capacity 59476K, committed 59776K, reserved 1101824K
  class space    used 7608K, capacity 8206K, committed 8320K, reserved 1048576K
GC Heap History (10 events):
Event: 4.005 GC heap before
{Heap before GC invocations=9 (full 2):
 PSYoungGen      total 166912K, used 7484K [0x000000076c000000, 0x000000077d600000, 0x00000007c0000000)
  eden space 154112K, 0% used [0x000000076c000000,0x000000076c000000,0x0000000775680000)
  from space 12800K, 58% used [0x0000000775680000,0x0000000775dcf298,0x0000000776300000)
  to   space 12288K, 0% used [0x000000077ca00000,0x000000077ca00000,0x000000077d600000)
 ParOldGen       total 101376K, used 9452K [0x00000006c4000000, 0x00000006ca300000, 0x000000076c000000)
  object space 101376K, 9% used [0x00000006c4000000,0x00000006c493b080,0x00000006ca300000)
 Metaspace       used 33213K, capacity 35346K, committed 35496K, reserved 1079296K
  class space    used 4453K, capacity 4852K, committed 4864K, reserved 1048576K
Event: 4.047 GC heap after
Heap after GC invocations=9 (full 2):
 PSYoungGen      total 166912K, used 0K [0x000000076c000000, 0x000000077d600000, 0x00000007c0000000)
  eden space 154112K, 0% used [0x000000076c000000,0x000000076c000000,0x0000000775680000)
  from space 12800K, 0% used [0x0000000775680000,0x0000000775680000,0x0000000776300000)
  to   space 12288K, 0% used [0x000000077ca00000,0x000000077ca00000,0x000000077d600000)
 ParOldGen       total 142848K, used 12361K [0x00000006c4000000, 0x00000006ccb80000, 0x000000076c000000)
  object space 142848K, 8% used [0x00000006c4000000,0x00000006c4c12670,0x00000006ccb80000)
 Metaspace       used 33213K, capacity 35346K, committed 35496K, reserved 1079296K
  class space    used 4453K, capacity 4852K, committed 4864K, reserved 1048576K
}
Event: 6.627 GC heap before
{Heap before GC invocations=10 (full 2):
 PSYoungGen      total 166912K, used 154112K [0x000000076c000000, 0x000000077d600000, 0x00000007c0000000)
  eden space 154112K, 100% used [0x000000076c000000,0x0000000775680000,0x0000000775680000)
  from space 12800K, 0% used [0x0000000775680000,0x0000000775680000,0x0000000776300000)
  to   space 12288K, 0% used [0x000000077ca00000,0x000000077ca00000,0x000000077d600000)
 ParOldGen       total 142848K, used 12361K [0x00000006c4000000, 0x00000006ccb80000, 0x000000076c000000)
  object space 142848K, 8% used [0x00000006c4000000,0x00000006c4c12670,0x00000006ccb80000)
 Metaspace       used 47850K, capacity 50438K, committed 50816K, reserved 1093632K
  class space    used 6454K, capacity 6949K, committed 7040K, reserved 1048576K
Event: 6.643 GC heap after
Heap after GC invocations=10 (full 2):
 PSYoungGen      total 257024K, used 12265K [0x000000076c000000, 0x000000077d600000, 0x00000007c0000000)
  eden space 244736K, 0% used [0x000000076c000000,0x000000076c000000,0x000000077af00000)
  from space 12288K, 99% used [0x000000077ca00000,0x000000077d5fa648,0x000000077d600000)
  to   space 15872K, 0% used [0x000000077b700000,0x000000077b700000,0x000000077c680000)
 ParOldGen       total 142848K, used 17658K [0x00000006c4000000, 0x00000006ccb80000, 0x000000076c000000)
  object space 142848K, 12% used [0x00000006c4000000,0x00000006c513e830,0x00000006ccb80000)
 Metaspace       used 47850K, capacity 50438K, committed 50816K, reserved 1093632K
  class space    used 6454K, capacity 6949K, committed 7040K, reserved 1048576K
}
Event: 8.762 GC heap before
{Heap before GC invocations=11 (full 2):
 PSYoungGen      total 257024K, used 257001K [0x000000076c000000, 0x000000077d600000, 0x00000007c0000000)
  eden space 244736K, 100% used [0x000000076c000000,0x000000077af00000,0x000000077af00000)
  from space 12288K, 99% used [0x000000077ca00000,0x000000077d5fa648,0x000000077d600000)
  to   space 15872K, 0% used [0x000000077b700000,0x000000077b700000,0x000000077c680000)
 ParOldGen       total 142848K, used 17658K [0x00000006c4000000, 0x00000006ccb80000, 0x000000076c000000)
  object space 142848K, 12% used [0x00000006c4000000,0x00000006c513e830,0x00000006ccb80000)
 Metaspace       used 54330K, capacity 57166K, committed 57344K, reserved 1099776K
  class space    used 7293K, capacity 7813K, committed 7936K, reserved 1048576K
Event: 8.780 GC heap after
Heap after GC invocations=11 (full 2):
 PSYoungGen      total 260608K, used 15841K [0x000000076c000000, 0x000000077d600000, 0x00000007c0000000)
  eden space 244736K, 0% used [0x000000076c000000,0x000000076c000000,0x000000077af00000)
  from space 15872K, 99% used [0x000000077b700000,0x000000077c678660,0x000000077c680000)
  to   space 12288K, 0% used [0x000000077ca00000,0x000000077ca00000,0x000000077d600000)
 ParOldGen       total 142848K, used 22476K [0x00000006c4000000, 0x00000006ccb80000, 0x000000076c000000)
  object space 142848K, 15% used [0x00000006c4000000,0x00000006c55f3298,0x00000006ccb80000)
 Metaspace       used 54330K, capacity 57166K, committed 57344K, reserved 1099776K
  class space    used 7293K, capacity 7813K, committed 7936K, reserved 1048576K
}
Event: 9.221 GC heap before
{Heap before GC invocations=12 (full 2):
 PSYoungGen      total 260608K, used 92942K [0x000000076c000000, 0x000000077d600000, 0x00000007c0000000)
  eden space 244736K, 31% used [0x000000076c000000,0x0000000770b4b4a8,0x000000077af00000)
  from space 15872K, 99% used [0x000000077b700000,0x000000077c678660,0x000000077c680000)
  to   space 12288K, 0% used [0x000000077ca00000,0x000000077ca00000,0x000000077d600000)
 ParOldGen       total 142848K, used 22476K [0x00000006c4000000, 0x00000006ccb80000, 0x000000076c000000)
  object space 142848K, 15% used [0x00000006c4000000,0x00000006c55f3298,0x00000006ccb80000)
 Metaspace       used 55776K, capacity 59036K, committed 59136K, reserved 1099776K
  class space    used 7528K, capacity 8108K, committed 8192K, reserved 1048576K
Event: 9.236 GC heap after
Heap after GC invocations=12 (full 2):
 PSYoungGen      total 257024K, used 12198K [0x000000076c000000, 0x000000077d600000, 0x00000007c0000000)
  eden space 244736K, 0% used [0x000000076c000000,0x000000076c000000,0x000000077af00000)
  from space 12288K, 99% used [0x000000077ca00000,0x000000077d5e9858,0x000000077d600000)
  to   space 15872K, 0% used [0x000000077b700000,0x000000077b700000,0x000000077c680000)
 ParOldGen       total 142848K, used 28669K [0x00000006c4000000, 0x00000006ccb80000, 0x000000076c000000)
  object space 142848K, 20% used [0x00000006c4000000,0x00000006c5bff6f8,0x00000006ccb80000)
 Metaspace       used 55776K, capacity 59036K, committed 59136K, reserved 1099776K
  class space    used 7528K, capacity 8108K, committed 8192K, reserved 1048576K
}
Event: 9.236 GC heap before
{Heap before GC invocations=13 (full 3):
 PSYoungGen      total 257024K, used 12198K [0x000000076c000000, 0x000000077d600000, 0x00000007c0000000)
  eden space 244736K, 0% used [0x000000076c000000,0x000000076c000000,0x000000077af00000)
  from space 12288K, 99% used [0x000000077ca00000,0x000000077d5e9858,0x000000077d600000)
  to   space 15872K, 0% used [0x000000077b700000,0x000000077b700000,0x000000077c680000)
 ParOldGen       total 142848K, used 28669K [0x00000006c4000000, 0x00000006ccb80000, 0x000000076c000000)
  object space 142848K, 20% used [0x00000006c4000000,0x00000006c5bff6f8,0x00000006ccb80000)
 Metaspace       used 55776K, capacity 59036K, committed 59136K, reserved 1099776K
  class space    used 7528K, capacity 8108K, committed 8192K, reserved 1048576K
Event: 9.464 GC heap after
Heap after GC invocations=13 (full 3):
 PSYoungGen      total 257024K, used 0K [0x000000076c000000, 0x000000077d600000, 0x00000007c0000000)
  eden space 244736K, 0% used [0x000000076c000000,0x000000076c000000,0x000000077af00000)
  from space 12288K, 0% used [0x000000077ca00000,0x000000077ca00000,0x000000077d600000)
  to   space 15872K, 0% used [0x000000077b700000,0x000000077b700000,0x000000077c680000)
 ParOldGen       total 142848K, used 29598K [0x00000006c4000000, 0x00000006ccb80000, 0x000000076c000000)
  object space 142848K, 20% used [0x00000006c4000000,0x00000006c5ce7808,0x00000006ccb80000)
 Metaspace       used 55776K, capacity 59036K, committed 59136K, reserved 1099776K
  class space    used 7528K, capacity 8108K, committed 8192K, reserved 1048576K
}

