# JRE version: Java(TM) SE Runtime Environment (8.0_45-b15) (build 1.8.0_45-b15)
# Java VM: Java HotSpot(TM) 64-Bit Server VM (25.45-b02 mixed mode windows-amd64 compressed oops)
Heap:
 PSYoungGen      total 299008K, used 13423K [0x000000076c000000, 0x0000000780a00000, 0x00000007c0000000)
  eden space 279552K, 0% used [0x000000076c000000,0x000000076c000000,0x000000077d100000)
  from space 19456K, 68% used [0x000000077e400000,0x000000077f11bc58,0x000000077f700000)
  to   space 19456K, 0% used [0x000000077d100000,0x000000077d100000,0x000000077e400000)
 ParOldGen       total 153600K, used 26105K [0x00000006c4000000, 0x00000006cd600000, 0x000000076c000000)
  object space 153600K, 16% used [0x00000006c4000000,0x00000006c597e7d0,0x00000006cd600000)
 Metaspace       used 55724K, capacity 59036K, committed 59136K, reserved 1099776K
  class space    used 7510K, capacity 8108K, committed 8192K, reserved 1048576K
GC Heap History (10 events):
Event: 2.911 GC heap after
Heap after GC invocations=8 (full 1):
 PSYoungGen      total 161792K, used 7582K [0x000000076c000000, 0x000000077c000000, 0x00000007c0000000)
  eden space 148480K, 0% used [0x000000076c000000,0x000000076c000000,0x0000000775100000)
  from space 13312K, 56% used [0x0000000775100000,0x0000000775867bf0,0x0000000775e00000)
  to   space 12800K, 0% used [0x000000077b380000,0x000000077b380000,0x000000077c000000)
 ParOldGen       total 102400K, used 9504K [0x00000006c4000000, 0x00000006ca400000, 0x000000076c000000)
  object space 102400K, 9% used [0x00000006c4000000,0x00000006c4948188,0x00000006ca400000)
 Metaspace       used 33254K, capacity 35464K, committed 35496K, reserved 1079296K
  class space    used 4452K, capacity 4851K, committed 4864K, reserved 1048576K
}
Event: 2.911 GC heap before
{Heap before GC invocations=9 (full 2):
 PSYoungGen      total 161792K, used 7582K [0x000000076c000000, 0x000000077c000000, 0x00000007c0000000)
  eden space 148480K, 0% used [0x000000076c000000,0x000000076c000000,0x0000000775100000)
  from space 13312K, 56% used [0x0000000775100000,0x0000000775867bf0,0x0000000775e00000)
  to   space 12800K, 0% used [0x000000077b380000,0x000000077b380000,0x000000077c000000)
 ParOldGen       total 102400K, used 9504K [0x00000006c4000000, 0x00000006ca400000, 0x000000076c000000)
  object space 102400K, 9% used [0x00000006c4000000,0x00000006c4948188,0x00000006ca400000)
 Metaspace       used 33254K, capacity 35464K, committed 35496K, reserved 1079296K
  class space    used 4452K, capacity 4851K, committed 4864K, reserved 1048576K
Event: 2.949 GC heap after
Heap after GC invocations=9 (full 2):
 PSYoungGen      total 161792K, used 0K [0x000000076c000000, 0x000000077c000000, 0x00000007c0000000)
  eden space 148480K, 0% used [0x000000076c000000,0x000000076c000000,0x0000000775100000)
  from space 13312K, 0% used [0x0000000775100000,0x0000000775100000,0x0000000775e00000)
  to   space 12800K, 0% used [0x000000077b380000,0x000000077b380000,0x000000077c000000)
 ParOldGen       total 153600K, used 12392K [0x00000006c4000000, 0x00000006cd600000, 0x000000076c000000)
  object space 153600K, 8% used [0x00000006c4000000,0x00000006c4c1a118,0x00000006cd600000)
 Metaspace       used 33254K, capacity 35464K, committed 35496K, reserved 1079296K
  class space    used 4452K, capacity 4851K, committed 4864K, reserved 1048576K
}
Event: 5.607 GC heap before
{Heap before GC invocations=10 (full 2):
 PSYoungGen      total 161792K, used 148480K [0x000000076c000000, 0x000000077c000000, 0x00000007c0000000)
  eden space 148480K, 100% used [0x000000076c000000,0x0000000775100000,0x0000000775100000)
  from space 13312K, 0% used [0x0000000775100000,0x0000000775100000,0x0000000775e00000)
  to   space 12800K, 0% used [0x000000077b380000,0x000000077b380000,0x000000077c000000)
 ParOldGen       total 153600K, used 12392K [0x00000006c4000000, 0x00000006cd600000, 0x000000076c000000)
  object space 153600K, 8% used [0x00000006c4000000,0x00000006c4c1a118,0x00000006cd600000)
 Metaspace       used 47769K, capacity 50342K, committed 50560K, reserved 1093632K
  class space    used 6440K, capacity 6917K, committed 7040K, reserved 1048576K
Event: 5.619 GC heap after
Heap after GC invocations=10 (full 2):
 PSYoungGen      total 232960K, used 12780K [0x000000076c000000, 0x000000077c000000, 0x00000007c0000000)
  eden space 220160K, 0% used [0x000000076c000000,0x000000076c000000,0x0000000779700000)
  from space 12800K, 99% used [0x000000077b380000,0x000000077bffb248,0x000000077c000000)
  to   space 15872K, 0% used [0x000000077a100000,0x000000077a100000,0x000000077b080000)
 ParOldGen       total 153600K, used 16876K [0x00000006c4000000, 0x00000006cd600000, 0x000000076c000000)
  object space 153600K, 10% used [0x00000006c4000000,0x00000006c507b090,0x00000006cd600000)
 Metaspace       used 47769K, capacity 50342K, committed 50560K, reserved 1093632K
  class space    used 6440K, capacity 6917K, committed 7040K, reserved 1048576K
}
Event: 6.813 GC heap before
{Heap before GC invocations=11 (full 2):
 PSYoungGen      total 232960K, used 232940K [0x000000076c000000, 0x000000077c000000, 0x00000007c0000000)
  eden space 220160K, 100% used [0x000000076c000000,0x0000000779700000,0x0000000779700000)
  from space 12800K, 99% used [0x000000077b380000,0x000000077bffb248,0x000000077c000000)
  to   space 15872K, 0% used [0x000000077a100000,0x000000077a100000,0x000000077b080000)
 ParOldGen       total 153600K, used 16876K [0x00000006c4000000, 0x00000006cd600000, 0x000000076c000000)
  object space 153600K, 10% used [0x00000006c4000000,0x00000006c507b090,0x00000006cd600000)
 Metaspace       used 53578K, capacity 56476K, committed 56704K, reserved 1097728K
  class space    used 7177K, capacity 7712K, committed 7808K, reserved 1048576K
Event: 6.824 GC heap after
Heap after GC invocations=11 (full 2):
 PSYoungGen      total 246272K, used 15864K [0x000000076c000000, 0x000000077f700000, 0x00000007c0000000)
  eden space 230400K, 0% used [0x000000076c000000,0x000000076c000000,0x000000077a100000)
  from space 15872K, 99% used [0x000000077a100000,0x000000077b07e0b8,0x000000077b080000)
  to   space 19456K, 0% used [0x000000077e400000,0x000000077e400000,0x000000077f700000)
 ParOldGen       total 153600K, used 19932K [0x00000006c4000000, 0x00000006cd600000, 0x000000076c000000)
  object space 153600K, 12% used [0x00000006c4000000,0x00000006c5377380,0x00000006cd600000)
 Metaspace       used 53578K, capacity 56476K, committed 56704K, reserved 1097728K
  class space    used 7177K, capacity 7712K, committed 7808K, reserved 1048576K
}
Event: 7.209 GC heap before
{Heap before GC invocations=12 (full 2):
 PSYoungGen      total 246272K, used 121973K [0x000000076c000000, 0x000000077f700000, 0x00000007c0000000)
  eden space 230400K, 46% used [0x000000076c000000,0x000000077279f718,0x000000077a100000)
  from space 15872K, 99% used [0x000000077a100000,0x000000077b07e0b8,0x000000077b080000)
  to   space 19456K, 0% used [0x000000077e400000,0x000000077e400000,0x000000077f700000)
 ParOldGen       total 153600K, used 19932K [0x00000006c4000000, 0x00000006cd600000, 0x000000076c000000)
  object space 153600K, 12% used [0x00000006c4000000,0x00000006c5377380,0x00000006cd600000)
 Metaspace       used 55724K, capacity 59036K, committed 59136K, reserved 1099776K
  class space    used 7510K, capacity 8108K, committed 8192K, reserved 1048576K
Event: 7.221 GC heap after
Heap after GC invocations=12 (full 2):
 PSYoungGen      total 299008K, used 13423K [0x000000076c000000, 0x0000000780a00000, 0x00000007c0000000)
  eden space 279552K, 0% used [0x000000076c000000,0x000000076c000000,0x000000077d100000)
  from space 19456K, 68% used [0x000000077e400000,0x000000077f11bc58,0x000000077f700000)
  to   space 19456K, 0% used [0x000000077d100000,0x000000077d100000,0x000000077e400000)
 ParOldGen       total 153600K, used 26105K [0x00000006c4000000, 0x00000006cd600000, 0x000000076c000000)
  object space 153600K, 16% used [0x00000006c4000000,0x00000006c597e7d0,0x00000006cd600000)
 Metaspace       used 55724K, capacity 59036K, committed 59136K, reserved 1099776K
  class space    used 7510K, capacity 8108K, committed 8192K, reserved 1048576K
}
Event: 7.221 GC heap before
{Heap before GC invocations=13 (full 3):
 PSYoungGen      total 299008K, used 13423K [0x000000076c000000, 0x0000000780a00000, 0x00000007c0000000)
  eden space 279552K, 0% used [0x000000076c000000,0x000000076c000000,0x000000077d100000)
  from space 19456K, 68% used [0x000000077e400000,0x000000077f11bc58,0x000000077f700000)
  to   space 19456K, 0% used [0x000000077d100000,0x000000077d100000,0x000000077e400000)
 ParOldGen       total 153600K, used 26105K [0x00000006c4000000, 0x00000006cd600000, 0x000000076c000000)
  object space 153600K, 16% used [0x00000006c4000000,0x00000006c597e7d0,0x00000006cd600000)
 Metaspace       used 55724K, capacity 59036K, committed 59136K, reserved 1099776K
  class space    used 7510K, capacity 8108K, committed 8192K, reserved 1048576K

