# JRE version: Java(TM) SE Runtime Environment (8.0_45-b15) (build 1.8.0_45-b15)
# Java VM: Java HotSpot(TM) 64-Bit Server VM (25.45-b02 mixed mode windows-amd64 compressed oops)
Heap:
 PSYoungGen      total 105472K, used 105468K [0x000000076c000000, 0x0000000776080000, 0x00000007c0000000)
  eden space 90624K, 100% used [0x000000076c000000,0x0000000771880000,0x0000000771880000)
  from space 14848K, 99% used [0x0000000771880000,0x00000007726ff130,0x0000000772700000)
  to   space 19968K, 0% used [0x0000000774d00000,0x0000000774d00000,0x0000000776080000)
 ParOldGen       total 117248K, used 42944K [0x00000006c4000000, 0x00000006cb280000, 0x000000076c000000)
  object space 117248K, 36% used [0x00000006c4000000,0x00000006c69f0248,0x00000006cb280000)
 Metaspace       used 30038K, capacity 31234K, committed 31360K, reserved 1077248K
  class space    used 3579K, capacity 3927K, committed 3968K, reserved 1048576K
GC Heap History (10 events):
Event: 2.767 GC heap before
{Heap before GC invocations=4 (full 0):
 PSYoungGen      total 75264K, used 36578K [0x000000076c000000, 0x0000000771400000, 0x00000007c0000000)
  eden space 64512K, 40% used [0x000000076c000000,0x000000076d940950,0x000000076ff00000)
  from space 10752K, 99% used [0x000000076ff00000,0x0000000770978040,0x0000000770980000)
  to   space 10752K, 0% used [0x0000000770980000,0x0000000770980000,0x0000000771400000)
 ParOldGen       total 172032K, used 3790K [0x00000006c4000000, 0x00000006ce800000, 0x000000076c000000)
  object space 172032K, 2% used [0x00000006c4000000,0x00000006c43b3988,0x00000006ce800000)
 Metaspace       used 20480K, capacity 21196K, committed 21296K, reserved 1069056K
  class space    used 2472K, capacity 2658K, committed 2688K, reserved 1048576K
Event: 2.775 GC heap after
Heap after GC invocations=4 (full 0):
 PSYoungGen      total 75264K, used 10720K [0x000000076c000000, 0x0000000775300000, 0x00000007c0000000)
  eden space 64512K, 0% used [0x000000076c000000,0x000000076c000000,0x000000076ff00000)
  from space 10752K, 99% used [0x0000000770980000,0x00000007713f8050,0x0000000771400000)
  to   space 10752K, 0% used [0x000000076ff00000,0x000000076ff00000,0x0000000770980000)
 ParOldGen       total 172032K, used 4976K [0x00000006c4000000, 0x00000006ce800000, 0x000000076c000000)
  object space 172032K, 2% used [0x00000006c4000000,0x00000006c44dc1a0,0x00000006ce800000)
 Metaspace       used 20480K, capacity 21196K, committed 21296K, reserved 1069056K
  class space    used 2472K, capacity 2658K, committed 2688K, reserved 1048576K
}
Event: 2.776 GC heap before
{Heap before GC invocations=5 (full 1):
 PSYoungGen      total 75264K, used 10720K [0x000000076c000000, 0x0000000775300000, 0x00000007c0000000)
  eden space 64512K, 0% used [0x000000076c000000,0x000000076c000000,0x000000076ff00000)
  from space 10752K, 99% used [0x0000000770980000,0x00000007713f8050,0x0000000771400000)
  to   space 10752K, 0% used [0x000000076ff00000,0x000000076ff00000,0x0000000770980000)
 ParOldGen       total 172032K, used 4976K [0x00000006c4000000, 0x00000006ce800000, 0x000000076c000000)
  object space 172032K, 2% used [0x00000006c4000000,0x00000006c44dc1a0,0x00000006ce800000)
 Metaspace       used 20480K, capacity 21196K, committed 21296K, reserved 1069056K
  class space    used 2472K, capacity 2658K, committed 2688K, reserved 1048576K
Event: 2.830 GC heap after
Heap after GC invocations=5 (full 1):
 PSYoungGen      total 75264K, used 0K [0x000000076c000000, 0x0000000775300000, 0x00000007c0000000)
  eden space 64512K, 0% used [0x000000076c000000,0x000000076c000000,0x000000076ff00000)
  from space 10752K, 0% used [0x0000000770980000,0x0000000770980000,0x0000000771400000)
  to   space 10752K, 0% used [0x000000076ff00000,0x000000076ff00000,0x0000000770980000)
 ParOldGen       total 117248K, used 13142K [0x00000006c4000000, 0x00000006cb280000, 0x000000076c000000)
  object space 117248K, 11% used [0x00000006c4000000,0x00000006c4cd5a88,0x00000006cb280000)
 Metaspace       used 20480K, capacity 21196K, committed 21296K, reserved 1069056K
  class space    used 2472K, capacity 2658K, committed 2688K, reserved 1048576K
}
Event: 3.538 GC heap before
{Heap before GC invocations=6 (full 1):
 PSYoungGen      total 75264K, used 60233K [0x000000076c000000, 0x0000000775300000, 0x00000007c0000000)
  eden space 64512K, 93% used [0x000000076c000000,0x000000076fad25e0,0x000000076ff00000)
  from space 10752K, 0% used [0x0000000770980000,0x0000000770980000,0x0000000771400000)
  to   space 10752K, 0% used [0x000000076ff00000,0x000000076ff00000,0x0000000770980000)
 ParOldGen       total 117248K, used 13142K [0x00000006c4000000, 0x00000006cb280000, 0x000000076c000000)
  object space 117248K, 11% used [0x00000006c4000000,0x00000006c4cd5a88,0x00000006cb280000)
 Metaspace       used 21555K, capacity 22412K, committed 22576K, reserved 1069056K
  class space    used 2565K, capacity 2828K, committed 2944K, reserved 1048576K
Event: 3.549 GC heap after
Heap after GC invocations=6 (full 1):
 PSYoungGen      total 75264K, used 10220K [0x000000076c000000, 0x0000000773500000, 0x00000007c0000000)
  eden space 64512K, 0% used [0x000000076c000000,0x000000076c000000,0x000000076ff00000)
  from space 10752K, 95% used [0x000000076ff00000,0x00000007708fb3d8,0x0000000770980000)
  to   space 13824K, 0% used [0x0000000772780000,0x0000000772780000,0x0000000773500000)
 ParOldGen       total 117248K, used 36190K [0x00000006c4000000, 0x00000006cb280000, 0x000000076c000000)
  object space 117248K, 30% used [0x00000006c4000000,0x00000006c6357aa8,0x00000006cb280000)
 Metaspace       used 21555K, capacity 22412K, committed 22576K, reserved 1069056K
  class space    used 2565K, capacity 2828K, committed 2944K, reserved 1048576K
}
Event: 4.132 GC heap before
{Heap before GC invocations=7 (full 1):
 PSYoungGen      total 75264K, used 74732K [0x000000076c000000, 0x0000000773500000, 0x00000007c0000000)
  eden space 64512K, 100% used [0x000000076c000000,0x000000076ff00000,0x000000076ff00000)
  from space 10752K, 95% used [0x000000076ff00000,0x00000007708fb3d8,0x0000000770980000)
  to   space 13824K, 0% used [0x0000000772780000,0x0000000772780000,0x0000000773500000)
 ParOldGen       total 117248K, used 36190K [0x00000006c4000000, 0x00000006cb280000, 0x000000076c000000)
  object space 117248K, 30% used [0x00000006c4000000,0x00000006c6357aa8,0x00000006cb280000)
 Metaspace       used 25701K, capacity 26642K, committed 26752K, reserved 1073152K
  class space    used 3104K, capacity 3389K, committed 3456K, reserved 1048576K
Event: 4.138 GC heap after
Heap after GC invocations=7 (full 1):
 PSYoungGen      total 104448K, used 4680K [0x000000076c000000, 0x0000000773580000, 0x00000007c0000000)
  eden space 90624K, 0% used [0x000000076c000000,0x000000076c000000,0x0000000771880000)
  from space 13824K, 33% used [0x0000000772780000,0x0000000772c122e0,0x0000000773500000)
  to   space 14848K, 0% used [0x0000000771880000,0x0000000771880000,0x0000000772700000)
 ParOldGen       total 117248K, used 36198K [0x00000006c4000000, 0x00000006cb280000, 0x000000076c000000)
  object space 117248K, 30% used [0x00000006c4000000,0x00000006c6359aa8,0x00000006cb280000)
 Metaspace       used 25701K, capacity 26642K, committed 26752K, reserved 1073152K
  class space    used 3104K, capacity 3389K, committed 3456K, reserved 1048576K
}
Event: 5.701 GC heap before
{Heap before GC invocations=8 (full 1):
 PSYoungGen      total 104448K, used 95304K [0x000000076c000000, 0x0000000773580000, 0x00000007c0000000)
  eden space 90624K, 100% used [0x000000076c000000,0x0000000771880000,0x0000000771880000)
  from space 13824K, 33% used [0x0000000772780000,0x0000000772c122e0,0x0000000773500000)
  to   space 14848K, 0% used [0x0000000771880000,0x0000000771880000,0x0000000772700000)
 ParOldGen       total 117248K, used 36198K [0x00000006c4000000, 0x00000006cb280000, 0x000000076c000000)
  object space 117248K, 30% used [0x00000006c4000000,0x00000006c6359aa8,0x00000006cb280000)
 Metaspace       used 26925K, capacity 27990K, committed 28160K, reserved 1073152K
  class space    used 3235K, capacity 3561K, committed 3584K, reserved 1048576K
Event: 5.710 GC heap after
Heap after GC invocations=8 (full 1):
 PSYoungGen      total 105472K, used 14844K [0x000000076c000000, 0x0000000776080000, 0x00000007c0000000)
  eden space 90624K, 0% used [0x000000076c000000,0x000000076c000000,0x0000000771880000)
  from space 14848K, 99% used [0x0000000771880000,0x00000007726ff130,0x0000000772700000)
  to   space 19968K, 0% used [0x0000000774d00000,0x0000000774d00000,0x0000000776080000)
 ParOldGen       total 117248K, used 42944K [0x00000006c4000000, 0x00000006cb280000, 0x000000076c000000)
  object space 117248K, 36% used [0x00000006c4000000,0x00000006c69f0248,0x00000006cb280000)
 Metaspace       used 26925K, capacity 27990K, committed 28160K, reserved 1073152K
  class space    used 3235K, capacity 3561K, committed 3584K, reserved 1048576K
}

