# JRE version: Java(TM) SE Runtime Environment (8.0_45-b15) (build 1.8.0_45-b15)
# Java VM: Java HotSpot(TM) 64-Bit Server VM (25.45-b02 mixed mode windows-amd64 compressed oops)
Heap:
 PSYoungGen      total 564224K, used 59361K [0x000000076c000000, 0x000000079b380000, 0x00000007c0000000)
  eden space 524288K, 11% used [0x000000076c000000,0x000000076f9f84d8,0x000000078c000000)
  from space 39936K, 0% used [0x000000078c000000,0x000000078c000000,0x000000078e700000)
  to   space 40448K, 0% used [0x0000000798c00000,0x0000000798c00000,0x000000079b380000)
 ParOldGen       total 198656K, used 38227K [0x00000006c4000000, 0x00000006d0200000, 0x000000076c000000)
  object space 198656K, 19% used [0x00000006c4000000,0x00000006c6554dd8,0x00000006d0200000)
 Metaspace       used 31586K, capacity 32730K, committed 35456K, reserved 1081344K
  class space    used 3555K, capacity 3880K, committed 4224K, reserved 1048576K
GC Heap History (10 events):
Event: 6.068 GC heap before
{Heap before GC invocations=11 (full 1):
 PSYoungGen      total 311296K, used 308859K [0x000000076c000000, 0x0000000787880000, 0x00000007c0000000)
  eden space 284672K, 100% used [0x000000076c000000,0x000000077d600000,0x000000077d600000)
  from space 26624K, 90% used [0x000000077d600000,0x000000077ed9ec18,0x000000077f000000)
  to   space 29184K, 0% used [0x0000000785c00000,0x0000000785c00000,0x0000000787880000)
 ParOldGen       total 113664K, used 28155K [0x00000006c4000000, 0x00000006caf00000, 0x000000076c000000)
  object space 113664K, 24% used [0x00000006c4000000,0x00000006c5b7ecd0,0x00000006caf00000)
 Metaspace       used 29551K, capacity 30644K, committed 30976K, reserved 1077248K
  class space    used 3424K, capacity 3727K, committed 3840K, reserved 1048576K
Event: 6.086 GC heap after
Heap after GC invocations=11 (full 1):
 PSYoungGen      total 418816K, used 19396K [0x000000076c000000, 0x0000000787700000, 0x00000007c0000000)
  eden space 391168K, 0% used [0x000000076c000000,0x000000076c000000,0x0000000783e00000)
  from space 27648K, 70% used [0x0000000785c00000,0x0000000786ef1338,0x0000000787700000)
  to   space 29184K, 0% used [0x0000000783e00000,0x0000000783e00000,0x0000000785a80000)
 ParOldGen       total 113664K, used 41441K [0x00000006c4000000, 0x00000006caf00000, 0x000000076c000000)
  object space 113664K, 36% used [0x00000006c4000000,0x00000006c68785e0,0x00000006caf00000)
 Metaspace       used 29551K, capacity 30644K, committed 30976K, reserved 1077248K
  class space    used 3424K, capacity 3727K, committed 3840K, reserved 1048576K
}
Event: 8.360 GC heap before
{Heap before GC invocations=12 (full 1):
 PSYoungGen      total 418816K, used 410564K [0x000000076c000000, 0x0000000787700000, 0x00000007c0000000)
  eden space 391168K, 100% used [0x000000076c000000,0x0000000783e00000,0x0000000783e00000)
  from space 27648K, 70% used [0x0000000785c00000,0x0000000786ef1338,0x0000000787700000)
  to   space 29184K, 0% used [0x0000000783e00000,0x0000000783e00000,0x0000000785a80000)
 ParOldGen       total 113664K, used 41441K [0x00000006c4000000, 0x00000006caf00000, 0x000000076c000000)
  object space 113664K, 36% used [0x00000006c4000000,0x00000006c68785e0,0x00000006caf00000)
 Metaspace       used 31526K, capacity 32628K, committed 32896K, reserved 1079296K
  class space    used 3577K, capacity 3855K, committed 3968K, reserved 1048576K
Event: 8.391 GC heap after
Heap after GC invocations=12 (full 1):
 PSYoungGen      total 420352K, used 29170K [0x000000076c000000, 0x0000000790f00000, 0x00000007c0000000)
  eden space 391168K, 0% used [0x000000076c000000,0x000000076c000000,0x0000000783e00000)
  from space 29184K, 99% used [0x0000000783e00000,0x0000000785a7c990,0x0000000785a80000)
  to   space 38400K, 0% used [0x000000078e980000,0x000000078e980000,0x0000000790f00000)
 ParOldGen       total 113664K, used 56682K [0x00000006c4000000, 0x00000006caf00000, 0x000000076c000000)
  object space 113664K, 49% used [0x00000006c4000000,0x00000006c775aaf8,0x00000006caf00000)
 Metaspace       used 31526K, capacity 32628K, committed 32896K, reserved 1079296K
  class space    used 3577K, capacity 3855K, committed 3968K, reserved 1048576K
}
Event: 9.111 GC heap before
{Heap before GC invocations=13 (full 1):
 PSYoungGen      total 420352K, used 420041K [0x000000076c000000, 0x0000000790f00000, 0x00000007c0000000)
  eden space 391168K, 99% used [0x000000076c000000,0x0000000783db5ca0,0x0000000783e00000)
  from space 29184K, 99% used [0x0000000783e00000,0x0000000785a7c990,0x0000000785a80000)
  to   space 38400K, 0% used [0x000000078e980000,0x000000078e980000,0x0000000790f00000)
 ParOldGen       total 113664K, used 56682K [0x00000006c4000000, 0x00000006caf00000, 0x000000076c000000)
  object space 113664K, 49% used [0x00000006c4000000,0x00000006c775aaf8,0x00000006caf00000)
 Metaspace       used 31739K, capacity 32916K, committed 33152K, reserved 1079296K
  class space    used 3591K, capacity 3887K, committed 3968K, reserved 1048576K
Event: 9.126 GC heap after
Heap after GC invocations=13 (full 1):
 PSYoungGen      total 561664K, used 28782K [0x000000076c000000, 0x0000000790e00000, 0x00000007c0000000)
  eden space 524288K, 0% used [0x000000076c000000,0x000000076c000000,0x000000078c000000)
  from space 37376K, 77% used [0x000000078e980000,0x000000079059bad0,0x0000000790e00000)
  to   space 39936K, 0% used [0x000000078c000000,0x000000078c000000,0x000000078e700000)
 ParOldGen       total 113664K, used 64374K [0x00000006c4000000, 0x00000006caf00000, 0x000000076c000000)
  object space 113664K, 56% used [0x00000006c4000000,0x00000006c7edd878,0x00000006caf00000)
 Metaspace       used 31739K, capacity 32916K, committed 33152K, reserved 1079296K
  class space    used 3591K, capacity 3887K, committed 3968K, reserved 1048576K
}
Event: 10.266 GC heap before
{Heap before GC invocations=14 (full 1):
 PSYoungGen      total 561664K, used 147530K [0x000000076c000000, 0x0000000790e00000, 0x00000007c0000000)
  eden space 524288K, 22% used [0x000000076c000000,0x00000007733f6f88,0x000000078c000000)
  from space 37376K, 77% used [0x000000078e980000,0x000000079059bad0,0x0000000790e00000)
  to   space 39936K, 0% used [0x000000078c000000,0x000000078c000000,0x000000078e700000)
 ParOldGen       total 113664K, used 64374K [0x00000006c4000000, 0x00000006caf00000, 0x000000076c000000)
  object space 113664K, 56% used [0x00000006c4000000,0x00000006c7edd878,0x00000006caf00000)
 Metaspace       used 34018K, capacity 35322K, committed 35456K, reserved 1081344K
  class space    used 3846K, capacity 4168K, committed 4224K, reserved 1048576K
Event: 10.283 GC heap after
Heap after GC invocations=14 (full 1):
 PSYoungGen      total 564224K, used 5143K [0x000000076c000000, 0x000000079b380000, 0x00000007c0000000)
  eden space 524288K, 0% used [0x000000076c000000,0x000000076c000000,0x000000078c000000)
  from space 39936K, 12% used [0x000000078c000000,0x000000078c505c18,0x000000078e700000)
  to   space 40448K, 0% used [0x0000000798c00000,0x0000000798c00000,0x000000079b380000)
 ParOldGen       total 113664K, used 89963K [0x00000006c4000000, 0x00000006caf00000, 0x000000076c000000)
  object space 113664K, 79% used [0x00000006c4000000,0x00000006c97dacf8,0x00000006caf00000)
 Metaspace       used 34018K, capacity 35322K, committed 35456K, reserved 1081344K
  class space    used 3846K, capacity 4168K, committed 4224K, reserved 1048576K
}
Event: 10.283 GC heap before
{Heap before GC invocations=15 (full 2):
 PSYoungGen      total 564224K, used 5143K [0x000000076c000000, 0x000000079b380000, 0x00000007c0000000)
  eden space 524288K, 0% used [0x000000076c000000,0x000000076c000000,0x000000078c000000)
  from space 39936K, 12% used [0x000000078c000000,0x000000078c505c18,0x000000078e700000)
  to   space 40448K, 0% used [0x0000000798c00000,0x0000000798c00000,0x000000079b380000)
 ParOldGen       total 113664K, used 89963K [0x00000006c4000000, 0x00000006caf00000, 0x000000076c000000)
  object space 113664K, 79% used [0x00000006c4000000,0x00000006c97dacf8,0x00000006caf00000)
 Metaspace       used 34018K, capacity 35322K, committed 35456K, reserved 1081344K
  class space    used 3846K, capacity 4168K, committed 4224K, reserved 1048576K
Event: 10.374 GC heap after
Heap after GC invocations=15 (full 2):
 PSYoungGen      total 564224K, used 0K [0x000000076c000000, 0x000000079b380000, 0x00000007c0000000)
  eden space 524288K, 0% used [0x000000076c000000,0x000000076c000000,0x000000078c000000)
  from space 39936K, 0% used [0x000000078c000000,0x000000078c000000,0x000000078e700000)
  to   space 40448K, 0% used [0x0000000798c00000,0x0000000798c00000,0x000000079b380000)
 ParOldGen       total 198656K, used 38227K [0x00000006c4000000, 0x00000006d0200000, 0x000000076c000000)
  object space 198656K, 19% used [0x00000006c4000000,0x00000006c6554dd8,0x00000006d0200000)
 Metaspace       used 31010K, capacity 32118K, committed 35456K, reserved 1081344K
  class space    used 3494K, capacity 3784K, committed 4224K, reserved 1048576K
}

