# JRE version: Java(TM) SE Runtime Environment (8.0_45-b15) (build 1.8.0_45-b15)
# Java VM: Java HotSpot(TM) 64-Bit Server VM (25.45-b02 mixed mode windows-amd64 compressed oops)
Heap:
 PSYoungGen      total 326656K, used 56253K [0x000000076c000000, 0x0000000782500000, 0x00000007c0000000)
  eden space 306688K, 18% used [0x000000076c000000,0x000000076f6ef650,0x000000077eb80000)
  from space 19968K, 0% used [0x000000077fe80000,0x000000077fe80000,0x0000000781200000)
  to   space 19456K, 0% used [0x000000077eb80000,0x000000077eb80000,0x000000077fe80000)
 ParOldGen       total 217088K, used 29812K [0x00000006c4000000, 0x00000006d1400000, 0x000000076c000000)
  object space 217088K, 13% used [0x00000006c4000000,0x00000006c5d1d008,0x00000006d1400000)
 Metaspace       used 57075K, capacity 60554K, committed 60672K, reserved 1101824K
  class space    used 7768K, capacity 8387K, committed 8448K, reserved 1048576K
GC Heap History (10 events):
Event: 2.788 GC heap before
{Heap before GC invocations=9 (full 2):
 PSYoungGen      total 168960K, used 7663K [0x000000076c000000, 0x000000077d080000, 0x00000007c0000000)
  eden space 156160K, 0% used [0x000000076c000000,0x000000076c000000,0x0000000775880000)
  from space 12800K, 59% used [0x0000000775880000,0x0000000775ffbd60,0x0000000776500000)
  to   space 12288K, 0% used [0x000000077c480000,0x000000077c480000,0x000000077d080000)
 ParOldGen       total 100864K, used 9286K [0x00000006c4000000, 0x00000006ca280000, 0x000000076c000000)
  object space 100864K, 9% used [0x00000006c4000000,0x00000006c49119c0,0x00000006ca280000)
 Metaspace       used 33214K, capacity 35354K, committed 35496K, reserved 1079296K
  class space    used 4452K, capacity 4852K, committed 4864K, reserved 1048576K
Event: 2.826 GC heap after
Heap after GC invocations=9 (full 2):
 PSYoungGen      total 168960K, used 0K [0x000000076c000000, 0x000000077d080000, 0x00000007c0000000)
  eden space 156160K, 0% used [0x000000076c000000,0x000000076c000000,0x0000000775880000)
  from space 12800K, 0% used [0x0000000775880000,0x0000000775880000,0x0000000776500000)
  to   space 12288K, 0% used [0x000000077c480000,0x000000077c480000,0x000000077d080000)
 ParOldGen       total 150016K, used 12522K [0x00000006c4000000, 0x00000006cd280000, 0x000000076c000000)
  object space 150016K, 8% used [0x00000006c4000000,0x00000006c4c3a830,0x00000006cd280000)
 Metaspace       used 33214K, capacity 35354K, committed 35496K, reserved 1079296K
  class space    used 4452K, capacity 4852K, committed 4864K, reserved 1048576K
}
Event: 4.672 GC heap before
{Heap before GC invocations=10 (full 2):
 PSYoungGen      total 168960K, used 156160K [0x000000076c000000, 0x000000077d080000, 0x00000007c0000000)
  eden space 156160K, 100% used [0x000000076c000000,0x0000000775880000,0x0000000775880000)
  from space 12800K, 0% used [0x0000000775880000,0x0000000775880000,0x0000000776500000)
  to   space 12288K, 0% used [0x000000077c480000,0x000000077c480000,0x000000077d080000)
 ParOldGen       total 150016K, used 12522K [0x00000006c4000000, 0x00000006cd280000, 0x000000076c000000)
  object space 150016K, 8% used [0x00000006c4000000,0x00000006c4c3a830,0x00000006cd280000)
 Metaspace       used 47858K, capacity 50470K, committed 50560K, reserved 1093632K
  class space    used 6458K, capacity 6953K, committed 7040K, reserved 1048576K
Event: 4.692 GC heap after
Heap after GC invocations=10 (full 2):
 PSYoungGen      total 249344K, used 12263K [0x000000076c000000, 0x000000077d080000, 0x00000007c0000000)
  eden space 237056K, 0% used [0x000000076c000000,0x000000076c000000,0x000000077a780000)
  from space 12288K, 99% used [0x000000077c480000,0x000000077d079c90,0x000000077d080000)
  to   space 15872K, 0% used [0x000000077b180000,0x000000077b180000,0x000000077c100000)
 ParOldGen       total 150016K, used 17871K [0x00000006c4000000, 0x00000006cd280000, 0x000000076c000000)
  object space 150016K, 11% used [0x00000006c4000000,0x00000006c5173cd0,0x00000006cd280000)
 Metaspace       used 47858K, capacity 50470K, committed 50560K, reserved 1093632K
  class space    used 6458K, capacity 6953K, committed 7040K, reserved 1048576K
}
Event: 6.027 GC heap before
{Heap before GC invocations=11 (full 2):
 PSYoungGen      total 249344K, used 249319K [0x000000076c000000, 0x000000077d080000, 0x00000007c0000000)
  eden space 237056K, 100% used [0x000000076c000000,0x000000077a780000,0x000000077a780000)
  from space 12288K, 99% used [0x000000077c480000,0x000000077d079c90,0x000000077d080000)
  to   space 15872K, 0% used [0x000000077b180000,0x000000077b180000,0x000000077c100000)
 ParOldGen       total 150016K, used 17871K [0x00000006c4000000, 0x00000006cd280000, 0x000000076c000000)
  object space 150016K, 11% used [0x00000006c4000000,0x00000006c5173cd0,0x00000006cd280000)
 Metaspace       used 54146K, capacity 57026K, committed 57344K, reserved 1099776K
  class space    used 7267K, capacity 7809K, committed 7936K, reserved 1048576K
Event: 6.042 GC heap after
Heap after GC invocations=11 (full 2):
 PSYoungGen      total 263168K, used 15868K [0x000000076c000000, 0x0000000781200000, 0x00000007c0000000)
  eden space 247296K, 0% used [0x000000076c000000,0x000000076c000000,0x000000077b180000)
  from space 15872K, 99% used [0x000000077b180000,0x000000077c0ff1e8,0x000000077c100000)
  to   space 19968K, 0% used [0x000000077fe80000,0x000000077fe80000,0x0000000781200000)
 ParOldGen       total 150016K, used 22100K [0x00000006c4000000, 0x00000006cd280000, 0x000000076c000000)
  object space 150016K, 14% used [0x00000006c4000000,0x00000006c5595348,0x00000006cd280000)
 Metaspace       used 54146K, capacity 57026K, committed 57344K, reserved 1099776K
  class space    used 7267K, capacity 7809K, committed 7936K, reserved 1048576K
}
Event: 6.499 GC heap before
{Heap before GC invocations=12 (full 2):
 PSYoungGen      total 263168K, used 98185K [0x000000076c000000, 0x0000000781200000, 0x00000007c0000000)
  eden space 247296K, 33% used [0x000000076c000000,0x0000000771063498,0x000000077b180000)
  from space 15872K, 99% used [0x000000077b180000,0x000000077c0ff1e8,0x000000077c100000)
  to   space 19968K, 0% used [0x000000077fe80000,0x000000077fe80000,0x0000000781200000)
 ParOldGen       total 150016K, used 22100K [0x00000006c4000000, 0x00000006cd280000, 0x000000076c000000)
  object space 150016K, 14% used [0x00000006c4000000,0x00000006c5595348,0x00000006cd280000)
 Metaspace       used 55799K, capacity 59084K, committed 59160K, reserved 1099776K
  class space    used 7534K, capacity 8116K, committed 8192K, reserved 1048576K
Event: 6.517 GC heap after
Heap after GC invocations=12 (full 2):
 PSYoungGen      total 326656K, used 12326K [0x000000076c000000, 0x0000000782500000, 0x00000007c0000000)
  eden space 306688K, 0% used [0x000000076c000000,0x000000076c000000,0x000000077eb80000)
  from space 19968K, 61% used [0x000000077fe80000,0x0000000780a89bb0,0x0000000781200000)
  to   space 19456K, 0% used [0x000000077eb80000,0x000000077eb80000,0x000000077fe80000)
 ParOldGen       total 150016K, used 28345K [0x00000006c4000000, 0x00000006cd280000, 0x000000076c000000)
  object space 150016K, 18% used [0x00000006c4000000,0x00000006c5bae798,0x00000006cd280000)
 Metaspace       used 55799K, capacity 59084K, committed 59160K, reserved 1099776K
  class space    used 7534K, capacity 8116K, committed 8192K, reserved 1048576K
}
Event: 6.517 GC heap before
{Heap before GC invocations=13 (full 3):
 PSYoungGen      total 326656K, used 12326K [0x000000076c000000, 0x0000000782500000, 0x00000007c0000000)
  eden space 306688K, 0% used [0x000000076c000000,0x000000076c000000,0x000000077eb80000)
  from space 19968K, 61% used [0x000000077fe80000,0x0000000780a89bb0,0x0000000781200000)
  to   space 19456K, 0% used [0x000000077eb80000,0x000000077eb80000,0x000000077fe80000)
 ParOldGen       total 150016K, used 28345K [0x00000006c4000000, 0x00000006cd280000, 0x000000076c000000)
  object space 150016K, 18% used [0x00000006c4000000,0x00000006c5bae798,0x00000006cd280000)
 Metaspace       used 55799K, capacity 59084K, committed 59160K, reserved 1099776K
  class space    used 7534K, capacity 8116K, committed 8192K, reserved 1048576K
Event: 6.703 GC heap after
Heap after GC invocations=13 (full 3):
 PSYoungGen      total 326656K, used 0K [0x000000076c000000, 0x0000000782500000, 0x00000007c0000000)
  eden space 306688K, 0% used [0x000000076c000000,0x000000076c000000,0x000000077eb80000)
  from space 19968K, 0% used [0x000000077fe80000,0x000000077fe80000,0x0000000781200000)
  to   space 19456K, 0% used [0x000000077eb80000,0x000000077eb80000,0x000000077fe80000)
 ParOldGen       total 217088K, used 29812K [0x00000006c4000000, 0x00000006d1400000, 0x000000076c000000)
  object space 217088K, 13% used [0x00000006c4000000,0x00000006c5d1d008,0x00000006d1400000)
 Metaspace       used 55799K, capacity 59084K, committed 59160K, reserved 1099776K
  class space    used 7534K, capacity 8116K, committed 8192K, reserved 1048576K
}

