# JRE version: Java(TM) SE Runtime Environment (8.0_45-b15) (build 1.8.0_45-b15)
# Java VM: Java HotSpot(TM) 64-Bit Server VM (25.45-b02 mixed mode windows-amd64 compressed oops)
Heap:
 PSYoungGen      total 104960K, used 25791K [0x000000076c000000, 0x0000000773900000, 0x00000007c0000000)
  eden space 91136K, 23% used [0x000000076c000000,0x000000076d488bc0,0x0000000771900000)
  from space 13824K, 34% used [0x0000000772800000,0x0000000772ca73a8,0x0000000773580000)
  to   space 15360K, 0% used [0x0000000771900000,0x0000000771900000,0x0000000772800000)
 ParOldGen       total 120832K, used 36205K [0x00000006c4000000, 0x00000006cb600000, 0x000000076c000000)
  object space 120832K, 29% used [0x00000006c4000000,0x00000006c635b7e8,0x00000006cb600000)
 Metaspace       used 25683K, capacity 26650K, committed 26752K, reserved 1073152K
  class space    used 3107K, capacity 3389K, committed 3456K, reserved 1048576K
GC Heap History (10 events):
Event: 2.434 GC heap before
{Heap before GC invocations=3 (full 0):
 PSYoungGen      total 75264K, used 75250K [0x000000076c000000, 0x0000000771400000, 0x00000007c0000000)
  eden space 64512K, 100% used [0x000000076c000000,0x000000076ff00000,0x000000076ff00000)
  from space 10752K, 99% used [0x0000000770980000,0x00000007713fcb00,0x0000000771400000)
  to   space 10752K, 0% used [0x000000076ff00000,0x000000076ff00000,0x0000000770980000)
 ParOldGen       total 172032K, used 2360K [0x00000006c4000000, 0x00000006ce800000, 0x000000076c000000)
  object space 172032K, 1% used [0x00000006c4000000,0x00000006c424e0b0,0x00000006ce800000)
 Metaspace       used 19776K, capacity 20506K, committed 20736K, reserved 1067008K
  class space    used 2388K, capacity 2557K, committed 2560K, reserved 1048576K
Event: 2.440 GC heap after
Heap after GC invocations=3 (full 0):
 PSYoungGen      total 75264K, used 10736K [0x000000076c000000, 0x0000000771400000, 0x00000007c0000000)
  eden space 64512K, 0% used [0x000000076c000000,0x000000076c000000,0x000000076ff00000)
  from space 10752K, 99% used [0x000000076ff00000,0x000000077097c050,0x0000000770980000)
  to   space 10752K, 0% used [0x0000000770980000,0x0000000770980000,0x0000000771400000)
 ParOldGen       total 172032K, used 4085K [0x00000006c4000000, 0x00000006ce800000, 0x000000076c000000)
  object space 172032K, 2% used [0x00000006c4000000,0x00000006c43fd550,0x00000006ce800000)
 Metaspace       used 19776K, capacity 20506K, committed 20736K, reserved 1067008K
  class space    used 2388K, capacity 2557K, committed 2560K, reserved 1048576K
}
Event: 2.927 GC heap before
{Heap before GC invocations=4 (full 0):
 PSYoungGen      total 75264K, used 35166K [0x000000076c000000, 0x0000000771400000, 0x00000007c0000000)
  eden space 64512K, 37% used [0x000000076c000000,0x000000076d7db938,0x000000076ff00000)
  from space 10752K, 99% used [0x000000076ff00000,0x000000077097c050,0x0000000770980000)
  to   space 10752K, 0% used [0x0000000770980000,0x0000000770980000,0x0000000771400000)
 ParOldGen       total 172032K, used 4085K [0x00000006c4000000, 0x00000006ce800000, 0x000000076c000000)
  object space 172032K, 2% used [0x00000006c4000000,0x00000006c43fd550,0x00000006ce800000)
 Metaspace       used 20520K, capacity 21204K, committed 21296K, reserved 1069056K
  class space    used 2488K, capacity 2658K, committed 2688K, reserved 1048576K
Event: 2.933 GC heap after
Heap after GC invocations=4 (full 0):
 PSYoungGen      total 75264K, used 10720K [0x000000076c000000, 0x0000000771400000, 0x00000007c0000000)
  eden space 64512K, 0% used [0x000000076c000000,0x000000076c000000,0x000000076ff00000)
  from space 10752K, 99% used [0x0000000770980000,0x00000007713f8030,0x0000000771400000)
  to   space 10752K, 0% used [0x000000076ff00000,0x000000076ff00000,0x0000000770980000)
 ParOldGen       total 172032K, used 5207K [0x00000006c4000000, 0x00000006ce800000, 0x000000076c000000)
  object space 172032K, 3% used [0x00000006c4000000,0x00000006c4515f30,0x00000006ce800000)
 Metaspace       used 20520K, capacity 21204K, committed 21296K, reserved 1069056K
  class space    used 2488K, capacity 2658K, committed 2688K, reserved 1048576K
}
Event: 2.933 GC heap before
{Heap before GC invocations=5 (full 1):
 PSYoungGen      total 75264K, used 10720K [0x000000076c000000, 0x0000000771400000, 0x00000007c0000000)
  eden space 64512K, 0% used [0x000000076c000000,0x000000076c000000,0x000000076ff00000)
  from space 10752K, 99% used [0x0000000770980000,0x00000007713f8030,0x0000000771400000)
  to   space 10752K, 0% used [0x000000076ff00000,0x000000076ff00000,0x0000000770980000)
 ParOldGen       total 172032K, used 5207K [0x00000006c4000000, 0x00000006ce800000, 0x000000076c000000)
  object space 172032K, 3% used [0x00000006c4000000,0x00000006c4515f30,0x00000006ce800000)
 Metaspace       used 20520K, capacity 21204K, committed 21296K, reserved 1069056K
  class space    used 2488K, capacity 2658K, committed 2688K, reserved 1048576K
Event: 2.976 GC heap after
Heap after GC invocations=5 (full 1):
 PSYoungGen      total 75264K, used 0K [0x000000076c000000, 0x0000000771400000, 0x00000007c0000000)
  eden space 64512K, 0% used [0x000000076c000000,0x000000076c000000,0x000000076ff00000)
  from space 10752K, 0% used [0x0000000770980000,0x0000000770980000,0x0000000771400000)
  to   space 10752K, 0% used [0x000000076ff00000,0x000000076ff00000,0x0000000770980000)
 ParOldGen       total 120832K, used 13149K [0x00000006c4000000, 0x00000006cb600000, 0x000000076c000000)
  object space 120832K, 10% used [0x00000006c4000000,0x00000006c4cd77c8,0x00000006cb600000)
 Metaspace       used 20520K, capacity 21204K, committed 21296K, reserved 1069056K
  class space    used 2488K, capacity 2658K, committed 2688K, reserved 1048576K
}
Event: 3.321 GC heap before
{Heap before GC invocations=6 (full 1):
 PSYoungGen      total 75264K, used 60228K [0x000000076c000000, 0x0000000771400000, 0x00000007c0000000)
  eden space 64512K, 93% used [0x000000076c000000,0x000000076fad13b8,0x000000076ff00000)
  from space 10752K, 0% used [0x0000000770980000,0x0000000770980000,0x0000000771400000)
  to   space 10752K, 0% used [0x000000076ff00000,0x000000076ff00000,0x0000000770980000)
 ParOldGen       total 120832K, used 13149K [0x00000006c4000000, 0x00000006cb600000, 0x000000076c000000)
  object space 120832K, 10% used [0x00000006c4000000,0x00000006c4cd77c8,0x00000006cb600000)
 Metaspace       used 21534K, capacity 22420K, committed 22576K, reserved 1069056K
  class space    used 2564K, capacity 2828K, committed 2944K, reserved 1048576K
Event: 3.328 GC heap after
Heap after GC invocations=6 (full 1):
 PSYoungGen      total 75264K, used 10173K [0x000000076c000000, 0x0000000773580000, 0x00000007c0000000)
  eden space 64512K, 0% used [0x000000076c000000,0x000000076c000000,0x000000076ff00000)
  from space 10752K, 94% used [0x000000076ff00000,0x00000007708ef630,0x0000000770980000)
  to   space 13824K, 0% used [0x0000000772800000,0x0000000772800000,0x0000000773580000)
 ParOldGen       total 120832K, used 36197K [0x00000006c4000000, 0x00000006cb600000, 0x000000076c000000)
  object space 120832K, 29% used [0x00000006c4000000,0x00000006c63597e8,0x00000006cb600000)
 Metaspace       used 21534K, capacity 22420K, committed 22576K, reserved 1069056K
  class space    used 2564K, capacity 2828K, committed 2944K, reserved 1048576K
}
Event: 3.773 GC heap before
{Heap before GC invocations=7 (full 1):
 PSYoungGen      total 75264K, used 74659K [0x000000076c000000, 0x0000000773580000, 0x00000007c0000000)
  eden space 64512K, 99% used [0x000000076c000000,0x000000076fef99b0,0x000000076ff00000)
  from space 10752K, 94% used [0x000000076ff00000,0x00000007708ef630,0x0000000770980000)
  to   space 13824K, 0% used [0x0000000772800000,0x0000000772800000,0x0000000773580000)
 ParOldGen       total 120832K, used 36197K [0x00000006c4000000, 0x00000006cb600000, 0x000000076c000000)
  object space 120832K, 29% used [0x00000006c4000000,0x00000006c63597e8,0x00000006cb600000)
 Metaspace       used 25645K, capacity 26650K, committed 26752K, reserved 1073152K
  class space    used 3103K, capacity 3389K, committed 3456K, reserved 1048576K
Event: 3.778 GC heap after
Heap after GC invocations=7 (full 1):
 PSYoungGen      total 104960K, used 4764K [0x000000076c000000, 0x0000000773900000, 0x00000007c0000000)
  eden space 91136K, 0% used [0x000000076c000000,0x000000076c000000,0x0000000771900000)
  from space 13824K, 34% used [0x0000000772800000,0x0000000772ca73a8,0x0000000773580000)
  to   space 15360K, 0% used [0x0000000771900000,0x0000000771900000,0x0000000772800000)
 ParOldGen       total 120832K, used 36205K [0x00000006c4000000, 0x00000006cb600000, 0x000000076c000000)
  object space 120832K, 29% used [0x00000006c4000000,0x00000006c635b7e8,0x00000006cb600000)
 Metaspace       used 25645K, capacity 26650K, committed 26752K, reserved 1073152K
  class space    used 3103K, capacity 3389K, committed 3456K, reserved 1048576K
}

