# JRE version: Java(TM) SE Runtime Environment (8.0_45-b15) (build 1.8.0_45-b15)
# Java VM: Java HotSpot(TM) 64-Bit Server VM (25.45-b02 mixed mode windows-amd64 compressed oops)
Heap:
 PSYoungGen      total 258560K, used 48294K [0x000000076c000000, 0x0000000780180000, 0x00000007c0000000)
  eden space 239104K, 20% used [0x000000076c000000,0x000000076ef29ab0,0x000000077a980000)
  from space 19456K, 0% used [0x000000077ee80000,0x000000077ee80000,0x0000000780180000)
  to   space 15872K, 0% used [0x000000077a980000,0x000000077a980000,0x000000077b900000)
 ParOldGen       total 152576K, used 30454K [0x00000006c4000000, 0x00000006cd500000, 0x000000076c000000)
  object space 152576K, 19% used [0x00000006c4000000,0x00000006c5dbd990,0x00000006cd500000)
 Metaspace       used 56646K, capacity 60132K, committed 60288K, reserved 1101824K
  class space    used 7698K, capacity 8290K, committed 8320K, reserved 1048576K
GC Heap History (10 events):
Event: 3.801 GC heap before
{Heap before GC invocations=9 (full 2):
 PSYoungGen      total 164352K, used 7547K [0x000000076c000000, 0x000000077c880000, 0x00000007c0000000)
  eden space 151552K, 0% used [0x000000076c000000,0x000000076c000000,0x0000000775400000)
  from space 12800K, 58% used [0x0000000775400000,0x0000000775b5ed50,0x0000000776080000)
  to   space 12288K, 0% used [0x000000077bc80000,0x000000077bc80000,0x000000077c880000)
 ParOldGen       total 101888K, used 9399K [0x00000006c4000000, 0x00000006ca380000, 0x000000076c000000)
  object space 101888K, 9% used [0x00000006c4000000,0x00000006c492dc10,0x00000006ca380000)
 Metaspace       used 33229K, capacity 35410K, committed 35496K, reserved 1079296K
  class space    used 4453K, capacity 4852K, committed 4864K, reserved 1048576K
Event: 3.853 GC heap after
Heap after GC invocations=9 (full 2):
 PSYoungGen      total 164352K, used 0K [0x000000076c000000, 0x000000077c880000, 0x00000007c0000000)
  eden space 151552K, 0% used [0x000000076c000000,0x000000076c000000,0x0000000775400000)
  from space 12800K, 0% used [0x0000000775400000,0x0000000775400000,0x0000000776080000)
  to   space 12288K, 0% used [0x000000077bc80000,0x000000077bc80000,0x000000077c880000)
 ParOldGen       total 152576K, used 12409K [0x00000006c4000000, 0x00000006cd500000, 0x000000076c000000)
  object space 152576K, 8% used [0x00000006c4000000,0x00000006c4c1e748,0x00000006cd500000)
 Metaspace       used 33229K, capacity 35410K, committed 35496K, reserved 1079296K
  class space    used 4453K, capacity 4852K, committed 4864K, reserved 1048576K
}
Event: 6.431 GC heap before
{Heap before GC invocations=10 (full 2):
 PSYoungGen      total 164352K, used 151552K [0x000000076c000000, 0x000000077c880000, 0x00000007c0000000)
  eden space 151552K, 100% used [0x000000076c000000,0x0000000775400000,0x0000000775400000)
  from space 12800K, 0% used [0x0000000775400000,0x0000000775400000,0x0000000776080000)
  to   space 12288K, 0% used [0x000000077bc80000,0x000000077bc80000,0x000000077c880000)
 ParOldGen       total 152576K, used 12409K [0x00000006c4000000, 0x00000006cd500000, 0x000000076c000000)
  object space 152576K, 8% used [0x00000006c4000000,0x00000006c4c1e748,0x00000006cd500000)
 Metaspace       used 47796K, capacity 50414K, committed 50816K, reserved 1093632K
  class space    used 6447K, capacity 6917K, committed 7040K, reserved 1048576K
Event: 6.447 GC heap after
Heap after GC invocations=10 (full 2):
 PSYoungGen      total 239104K, used 12281K [0x000000076c000000, 0x000000077c880000, 0x00000007c0000000)
  eden space 226816K, 0% used [0x000000076c000000,0x000000076c000000,0x0000000779d80000)
  from space 12288K, 99% used [0x000000077bc80000,0x000000077c87e638,0x000000077c880000)
  to   space 15872K, 0% used [0x000000077a980000,0x000000077a980000,0x000000077b900000)
 ParOldGen       total 152576K, used 17619K [0x00000006c4000000, 0x00000006cd500000, 0x000000076c000000)
  object space 152576K, 11% used [0x00000006c4000000,0x00000006c5134e58,0x00000006cd500000)
 Metaspace       used 47796K, capacity 50414K, committed 50816K, reserved 1093632K
  class space    used 6447K, capacity 6917K, committed 7040K, reserved 1048576K
}
Event: 8.280 GC heap before
{Heap before GC invocations=11 (full 2):
 PSYoungGen      total 239104K, used 239097K [0x000000076c000000, 0x000000077c880000, 0x00000007c0000000)
  eden space 226816K, 100% used [0x000000076c000000,0x0000000779d80000,0x0000000779d80000)
  from space 12288K, 99% used [0x000000077bc80000,0x000000077c87e638,0x000000077c880000)
  to   space 15872K, 0% used [0x000000077a980000,0x000000077a980000,0x000000077b900000)
 ParOldGen       total 152576K, used 17619K [0x00000006c4000000, 0x00000006cd500000, 0x000000076c000000)
  object space 152576K, 11% used [0x00000006c4000000,0x00000006c5134e58,0x00000006cd500000)
 Metaspace       used 53674K, capacity 56544K, committed 56704K, reserved 1097728K
  class space    used 7194K, capacity 7712K, committed 7808K, reserved 1048576K
Event: 8.299 GC heap after
Heap after GC invocations=11 (full 2):
 PSYoungGen      total 254976K, used 15857K [0x000000076c000000, 0x0000000780180000, 0x00000007c0000000)
  eden space 239104K, 0% used [0x000000076c000000,0x000000076c000000,0x000000077a980000)
  from space 15872K, 99% used [0x000000077a980000,0x000000077b8fc750,0x000000077b900000)
  to   space 19456K, 0% used [0x000000077ee80000,0x000000077ee80000,0x0000000780180000)
 ParOldGen       total 152576K, used 21009K [0x00000006c4000000, 0x00000006cd500000, 0x000000076c000000)
  object space 152576K, 13% used [0x00000006c4000000,0x00000006c5484778,0x00000006cd500000)
 Metaspace       used 53674K, capacity 56544K, committed 56704K, reserved 1097728K
  class space    used 7194K, capacity 7712K, committed 7808K, reserved 1048576K
}
Event: 8.844 GC heap before
{Heap before GC invocations=12 (full 2):
 PSYoungGen      total 254976K, used 112962K [0x000000076c000000, 0x0000000780180000, 0x00000007c0000000)
  eden space 239104K, 40% used [0x000000076c000000,0x0000000771ed4460,0x000000077a980000)
  from space 15872K, 99% used [0x000000077a980000,0x000000077b8fc750,0x000000077b900000)
  to   space 19456K, 0% used [0x000000077ee80000,0x000000077ee80000,0x0000000780180000)
 ParOldGen       total 152576K, used 21009K [0x00000006c4000000, 0x00000006cd500000, 0x000000076c000000)
  object space 152576K, 13% used [0x00000006c4000000,0x00000006c5484778,0x00000006cd500000)
 Metaspace       used 55784K, capacity 59040K, committed 59136K, reserved 1099776K
  class space    used 7527K, capacity 8108K, committed 8192K, reserved 1048576K
Event: 8.867 GC heap after
Heap after GC invocations=12 (full 2):
 PSYoungGen      total 258560K, used 13156K [0x000000076c000000, 0x0000000780180000, 0x00000007c0000000)
  eden space 239104K, 0% used [0x000000076c000000,0x000000076c000000,0x000000077a980000)
  from space 19456K, 67% used [0x000000077ee80000,0x000000077fb590d8,0x0000000780180000)
  to   space 15872K, 0% used [0x000000077a980000,0x000000077a980000,0x000000077b900000)
 ParOldGen       total 152576K, used 27234K [0x00000006c4000000, 0x00000006cd500000, 0x000000076c000000)
  object space 152576K, 17% used [0x00000006c4000000,0x00000006c5a98af8,0x00000006cd500000)
 Metaspace       used 55784K, capacity 59040K, committed 59136K, reserved 1099776K
  class space    used 7527K, capacity 8108K, committed 8192K, reserved 1048576K
}
Event: 8.867 GC heap before
{Heap before GC invocations=13 (full 3):
 PSYoungGen      total 258560K, used 13156K [0x000000076c000000, 0x0000000780180000, 0x00000007c0000000)
  eden space 239104K, 0% used [0x000000076c000000,0x000000076c000000,0x000000077a980000)
  from space 19456K, 67% used [0x000000077ee80000,0x000000077fb590d8,0x0000000780180000)
  to   space 15872K, 0% used [0x000000077a980000,0x000000077a980000,0x000000077b900000)
 ParOldGen       total 152576K, used 27234K [0x00000006c4000000, 0x00000006cd500000, 0x000000076c000000)
  object space 152576K, 17% used [0x00000006c4000000,0x00000006c5a98af8,0x00000006cd500000)
 Metaspace       used 55784K, capacity 59040K, committed 59136K, reserved 1099776K
  class space    used 7527K, capacity 8108K, committed 8192K, reserved 1048576K
Event: 9.100 GC heap after
Heap after GC invocations=13 (full 3):
 PSYoungGen      total 258560K, used 0K [0x000000076c000000, 0x0000000780180000, 0x00000007c0000000)
  eden space 239104K, 0% used [0x000000076c000000,0x000000076c000000,0x000000077a980000)
  from space 19456K, 0% used [0x000000077ee80000,0x000000077ee80000,0x0000000780180000)
  to   space 15872K, 0% used [0x000000077a980000,0x000000077a980000,0x000000077b900000)
 ParOldGen       total 152576K, used 30454K [0x00000006c4000000, 0x00000006cd500000, 0x000000076c000000)
  object space 152576K, 19% used [0x00000006c4000000,0x00000006c5dbd990,0x00000006cd500000)
 Metaspace       used 55784K, capacity 59040K, committed 59136K, reserved 1099776K
  class space    used 7527K, capacity 8108K, committed 8192K, reserved 1048576K
}

