# JRE version: Java(TM) SE Runtime Environment (8.0_45-b15) (build 1.8.0_45-b15)
# Java VM: Java HotSpot(TM) 64-Bit Server VM (25.45-b02 mixed mode windows-amd64 compressed oops)
Heap:
 PSYoungGen      total 252928K, used 59487K [0x000000076c000000, 0x000000077d300000, 0x00000007c0000000)
  eden space 240128K, 24% used [0x000000076c000000,0x000000076fa17f28,0x000000077aa80000)
  from space 12800K, 0% used [0x000000077c680000,0x000000077c680000,0x000000077d300000)
  to   space 15872K, 0% used [0x000000077b400000,0x000000077b400000,0x000000077c380000)
 ParOldGen       total 145920K, used 29875K [0x00000006c4000000, 0x00000006cce80000, 0x000000076c000000)
  object space 145920K, 20% used [0x00000006c4000000,0x00000006c5d2cc10,0x00000006cce80000)
 Metaspace       used 57680K, capacity 61238K, committed 61528K, reserved 1101824K
  class space    used 7936K, capacity 8541K, committed 8576K, reserved 1048576K
GC Heap History (10 events):
Event: 3.942 GC heap before
{Heap before GC invocations=9 (full 2):
 PSYoungGen      total 167936K, used 7567K [0x000000076c000000, 0x000000077d300000, 0x00000007c0000000)
  eden space 155136K, 0% used [0x000000076c000000,0x000000076c000000,0x0000000775780000)
  from space 12800K, 59% used [0x0000000775780000,0x0000000775ee3d60,0x0000000776400000)
  to   space 12800K, 0% used [0x000000077c680000,0x000000077c680000,0x000000077d300000)
 ParOldGen       total 100864K, used 9425K [0x00000006c4000000, 0x00000006ca280000, 0x000000076c000000)
  object space 100864K, 9% used [0x00000006c4000000,0x00000006c49345b8,0x00000006ca280000)
 Metaspace       used 33183K, capacity 35314K, committed 35456K, reserved 1079296K
  class space    used 4476K, capacity 4884K, committed 4992K, reserved 1048576K
Event: 3.987 GC heap after
Heap after GC invocations=9 (full 2):
 PSYoungGen      total 167936K, used 0K [0x000000076c000000, 0x000000077d300000, 0x00000007c0000000)
  eden space 155136K, 0% used [0x000000076c000000,0x000000076c000000,0x0000000775780000)
  from space 12800K, 0% used [0x0000000775780000,0x0000000775780000,0x0000000776400000)
  to   space 12800K, 0% used [0x000000077c680000,0x000000077c680000,0x000000077d300000)
 ParOldGen       total 145920K, used 12512K [0x00000006c4000000, 0x00000006cce80000, 0x000000076c000000)
  object space 145920K, 8% used [0x00000006c4000000,0x00000006c4c381d8,0x00000006cce80000)
 Metaspace       used 33183K, capacity 35314K, committed 35456K, reserved 1079296K
  class space    used 4476K, capacity 4884K, committed 4992K, reserved 1048576K
}
Event: 6.316 GC heap before
{Heap before GC invocations=10 (full 2):
 PSYoungGen      total 167936K, used 155136K [0x000000076c000000, 0x000000077d300000, 0x00000007c0000000)
  eden space 155136K, 100% used [0x000000076c000000,0x0000000775780000,0x0000000775780000)
  from space 12800K, 0% used [0x0000000775780000,0x0000000775780000,0x0000000776400000)
  to   space 12800K, 0% used [0x000000077c680000,0x000000077c680000,0x000000077d300000)
 ParOldGen       total 145920K, used 12512K [0x00000006c4000000, 0x00000006cce80000, 0x000000076c000000)
  object space 145920K, 8% used [0x00000006c4000000,0x00000006c4c381d8,0x00000006cce80000)
 Metaspace       used 47659K, capacity 50232K, committed 50560K, reserved 1093632K
  class space    used 6449K, capacity 6920K, committed 7040K, reserved 1048576K
Event: 6.333 GC heap after
Heap after GC invocations=10 (full 2):
 PSYoungGen      total 252928K, used 12790K [0x000000076c000000, 0x000000077d300000, 0x00000007c0000000)
  eden space 240128K, 0% used [0x000000076c000000,0x000000076c000000,0x000000077aa80000)
  from space 12800K, 99% used [0x000000077c680000,0x000000077d2fd8e8,0x000000077d300000)
  to   space 15872K, 0% used [0x000000077b400000,0x000000077b400000,0x000000077c380000)
 ParOldGen       total 145920K, used 17102K [0x00000006c4000000, 0x00000006cce80000, 0x000000076c000000)
  object space 145920K, 11% used [0x00000006c4000000,0x00000006c50b3a00,0x00000006cce80000)
 Metaspace       used 47659K, capacity 50232K, committed 50560K, reserved 1093632K
  class space    used 6449K, capacity 6920K, committed 7040K, reserved 1048576K
}
Event: 8.273 GC heap before
{Heap before GC invocations=11 (full 2):
 PSYoungGen      total 252928K, used 252918K [0x000000076c000000, 0x000000077d300000, 0x00000007c0000000)
  eden space 240128K, 100% used [0x000000076c000000,0x000000077aa80000,0x000000077aa80000)
  from space 12800K, 99% used [0x000000077c680000,0x000000077d2fd8e8,0x000000077d300000)
  to   space 15872K, 0% used [0x000000077b400000,0x000000077b400000,0x000000077c380000)
 ParOldGen       total 145920K, used 17102K [0x00000006c4000000, 0x00000006cce80000, 0x000000076c000000)
  object space 145920K, 11% used [0x00000006c4000000,0x00000006c50b3a00,0x00000006cce80000)
 Metaspace       used 53788K, capacity 56662K, committed 56832K, reserved 1097728K
  class space    used 7281K, capacity 7817K, committed 7936K, reserved 1048576K
Event: 8.292 GC heap after
Heap after GC invocations=11 (full 2):
 PSYoungGen      total 256000K, used 15868K [0x000000076c000000, 0x000000077d300000, 0x00000007c0000000)
  eden space 240128K, 0% used [0x000000076c000000,0x000000076c000000,0x000000077aa80000)
  from space 15872K, 99% used [0x000000077b400000,0x000000077c37f228,0x000000077c380000)
  to   space 12800K, 0% used [0x000000077c680000,0x000000077c680000,0x000000077d300000)
 ParOldGen       total 145920K, used 21347K [0x00000006c4000000, 0x00000006cce80000, 0x000000076c000000)
  object space 145920K, 14% used [0x00000006c4000000,0x00000006c54d8e10,0x00000006cce80000)
 Metaspace       used 53788K, capacity 56662K, committed 56832K, reserved 1097728K
  class space    used 7281K, capacity 7817K, committed 7936K, reserved 1048576K
}
Event: 8.887 GC heap before
{Heap before GC invocations=12 (full 2):
 PSYoungGen      total 256000K, used 103360K [0x000000076c000000, 0x000000077d300000, 0x00000007c0000000)
  eden space 240128K, 36% used [0x000000076c000000,0x0000000771570ea0,0x000000077aa80000)
  from space 15872K, 99% used [0x000000077b400000,0x000000077c37f228,0x000000077c380000)
  to   space 12800K, 0% used [0x000000077c680000,0x000000077c680000,0x000000077d300000)
 ParOldGen       total 145920K, used 21347K [0x00000006c4000000, 0x00000006cce80000, 0x000000076c000000)
  object space 145920K, 14% used [0x00000006c4000000,0x00000006c54d8e10,0x00000006cce80000)
 Metaspace       used 55632K, capacity 59036K, committed 59096K, reserved 1099776K
  class space    used 7578K, capacity 8168K, committed 8192K, reserved 1048576K
Event: 8.905 GC heap after
Heap after GC invocations=12 (full 2):
 PSYoungGen      total 252928K, used 12470K [0x000000076c000000, 0x000000077d300000, 0x00000007c0000000)
  eden space 240128K, 0% used [0x000000076c000000,0x000000076c000000,0x000000077aa80000)
  from space 12800K, 97% used [0x000000077c680000,0x000000077d2ad918,0x000000077d300000)
  to   space 15872K, 0% used [0x000000077b400000,0x000000077b400000,0x000000077c380000)
 ParOldGen       total 145920K, used 27520K [0x00000006c4000000, 0x00000006cce80000, 0x000000076c000000)
  object space 145920K, 18% used [0x00000006c4000000,0x00000006c5ae01a0,0x00000006cce80000)
 Metaspace       used 55632K, capacity 59036K, committed 59096K, reserved 1099776K
  class space    used 7578K, capacity 8168K, committed 8192K, reserved 1048576K
}
Event: 8.905 GC heap before
{Heap before GC invocations=13 (full 3):
 PSYoungGen      total 252928K, used 12470K [0x000000076c000000, 0x000000077d300000, 0x00000007c0000000)
  eden space 240128K, 0% used [0x000000076c000000,0x000000076c000000,0x000000077aa80000)
  from space 12800K, 97% used [0x000000077c680000,0x000000077d2ad918,0x000000077d300000)
  to   space 15872K, 0% used [0x000000077b400000,0x000000077b400000,0x000000077c380000)
 ParOldGen       total 145920K, used 27520K [0x00000006c4000000, 0x00000006cce80000, 0x000000076c000000)
  object space 145920K, 18% used [0x00000006c4000000,0x00000006c5ae01a0,0x00000006cce80000)
 Metaspace       used 55632K, capacity 59036K, committed 59096K, reserved 1099776K
  class space    used 7578K, capacity 8168K, committed 8192K, reserved 1048576K
Event: 9.129 GC heap after
Heap after GC invocations=13 (full 3):
 PSYoungGen      total 252928K, used 0K [0x000000076c000000, 0x000000077d300000, 0x00000007c0000000)
  eden space 240128K, 0% used [0x000000076c000000,0x000000076c000000,0x000000077aa80000)
  from space 12800K, 0% used [0x000000077c680000,0x000000077c680000,0x000000077d300000)
  to   space 15872K, 0% used [0x000000077b400000,0x000000077b400000,0x000000077c380000)
 ParOldGen       total 145920K, used 29875K [0x00000006c4000000, 0x00000006cce80000, 0x000000076c000000)
  object space 145920K, 20% used [0x00000006c4000000,0x00000006c5d2cc10,0x00000006cce80000)
 Metaspace       used 55632K, capacity 59036K, committed 59096K, reserved 1099776K
  class space    used 7578K, capacity 8168K, committed 8192K, reserved 1048576K
}

