# JRE version: Java(TM) SE Runtime Environment (8.0_45-b15) (build 1.8.0_45-b15)
# Java VM: Java HotSpot(TM) 64-Bit Server VM (25.45-b02 mixed mode windows-amd64 compressed oops)
Heap:
 PSYoungGen      total 253952K, used 61938K [0x000000076c000000, 0x000000077d980000, 0x00000007c0000000)
  eden space 241152K, 20% used [0x000000076c000000,0x000000076f000d60,0x000000077ab80000)
  from space 12800K, 99% used [0x000000077cd00000,0x000000077d97bae0,0x000000077d980000)
  to   space 16384K, 0% used [0x000000077b980000,0x000000077b980000,0x000000077c980000)
 ParOldGen       total 145920K, used 17265K [0x00000006c4000000, 0x00000006cce80000, 0x000000076c000000)
  object space 145920K, 11% used [0x00000006c4000000,0x00000006c50dc720,0x00000006cce80000)
 Metaspace       used 49306K, capacity 52064K, committed 52352K, reserved 1093632K
  class space    used 6673K, capacity 7186K, committed 7296K, reserved 1048576K
GC Heap History (10 events):
Event: 1.707 GC heap before
{Heap before GC invocations=6 (full 1):
 PSYoungGen      total 106496K, used 106437K [0x000000076c000000, 0x0000000774e00000, 0x00000007c0000000)
  eden space 100864K, 100% used [0x000000076c000000,0x0000000772280000,0x0000000772280000)
  from space 5632K, 98% used [0x0000000774880000,0x0000000774df17e0,0x0000000774e00000)
  to   space 10752K, 0% used [0x0000000773900000,0x0000000773900000,0x0000000774380000)
 ParOldGen       total 99840K, used 6741K [0x00000006c4000000, 0x00000006ca180000, 0x000000076c000000)
  object space 99840K, 6% used [0x00000006c4000000,0x00000006c46957e8,0x00000006ca180000)
 Metaspace       used 26834K, capacity 28600K, committed 28800K, reserved 1075200K
  class space    used 3569K, capacity 3903K, committed 3968K, reserved 1048576K
Event: 1.713 GC heap after
Heap after GC invocations=6 (full 1):
 PSYoungGen      total 134656K, used 8999K [0x000000076c000000, 0x0000000776f80000, 0x00000007c0000000)
  eden space 123904K, 0% used [0x000000076c000000,0x000000076c000000,0x0000000773900000)
  from space 10752K, 83% used [0x0000000773900000,0x00000007741c9fe8,0x0000000774380000)
  to   space 10240K, 0% used [0x0000000776580000,0x0000000776580000,0x0000000776f80000)
 ParOldGen       total 99840K, used 6749K [0x00000006c4000000, 0x00000006ca180000, 0x000000076c000000)
  object space 99840K, 6% used [0x00000006c4000000,0x00000006c46977e8,0x00000006ca180000)
 Metaspace       used 26834K, capacity 28600K, committed 28800K, reserved 1075200K
  class space    used 3569K, capacity 3903K, committed 3968K, reserved 1048576K
}
Event: 2.489 GC heap before
{Heap before GC invocations=7 (full 1):
 PSYoungGen      total 134656K, used 132903K [0x000000076c000000, 0x0000000776f80000, 0x00000007c0000000)
  eden space 123904K, 100% used [0x000000076c000000,0x0000000773900000,0x0000000773900000)
  from space 10752K, 83% used [0x0000000773900000,0x00000007741c9fe8,0x0000000774380000)
  to   space 10240K, 0% used [0x0000000776580000,0x0000000776580000,0x0000000776f80000)
 ParOldGen       total 99840K, used 6749K [0x00000006c4000000, 0x00000006ca180000, 0x000000076c000000)
  object space 99840K, 6% used [0x00000006c4000000,0x00000006c46977e8,0x00000006ca180000)
 Metaspace       used 32799K, capacity 34966K, committed 35072K, reserved 1079296K
  class space    used 4404K, capacity 4814K, committed 4864K, reserved 1048576K
Event: 2.497 GC heap after
Heap after GC invocations=7 (full 1):
 PSYoungGen      total 166912K, used 10236K [0x000000076c000000, 0x0000000779400000, 0x00000007c0000000)
  eden space 156672K, 0% used [0x000000076c000000,0x000000076c000000,0x0000000775900000)
  from space 10240K, 99% used [0x0000000776580000,0x0000000776f7f2b8,0x0000000776f80000)
  to   space 12800K, 0% used [0x0000000775900000,0x0000000775900000,0x0000000776580000)
 ParOldGen       total 99840K, used 9418K [0x00000006c4000000, 0x00000006ca180000, 0x000000076c000000)
  object space 99840K, 9% used [0x00000006c4000000,0x00000006c49328f0,0x00000006ca180000)
 Metaspace       used 32799K, capacity 34966K, committed 35072K, reserved 1079296K
  class space    used 4404K, capacity 4814K, committed 4864K, reserved 1048576K
}
Event: 2.582 GC heap before
{Heap before GC invocations=8 (full 1):
 PSYoungGen      total 166912K, used 28609K [0x000000076c000000, 0x0000000779400000, 0x00000007c0000000)
  eden space 156672K, 11% used [0x000000076c000000,0x000000076d1f11b0,0x0000000775900000)
  from space 10240K, 99% used [0x0000000776580000,0x0000000776f7f2b8,0x0000000776f80000)
  to   space 12800K, 0% used [0x0000000775900000,0x0000000775900000,0x0000000776580000)
 ParOldGen       total 99840K, used 9418K [0x00000006c4000000, 0x00000006ca180000, 0x000000076c000000)
  object space 99840K, 9% used [0x00000006c4000000,0x00000006c49328f0,0x00000006ca180000)
 Metaspace       used 33170K, capacity 35304K, committed 35456K, reserved 1079296K
  class space    used 4472K, capacity 4883K, committed 4992K, reserved 1048576K
Event: 2.589 GC heap after
Heap after GC invocations=8 (full 1):
 PSYoungGen      total 169472K, used 7564K [0x000000076c000000, 0x000000077d980000, 0x00000007c0000000)
  eden space 156672K, 0% used [0x000000076c000000,0x000000076c000000,0x0000000775900000)
  from space 12800K, 59% used [0x0000000775900000,0x0000000776063128,0x0000000776580000)
  to   space 12800K, 0% used [0x000000077cd00000,0x000000077cd00000,0x000000077d980000)
 ParOldGen       total 99840K, used 9426K [0x00000006c4000000, 0x00000006ca180000, 0x000000076c000000)
  object space 99840K, 9% used [0x00000006c4000000,0x00000006c49348f0,0x00000006ca180000)
 Metaspace       used 33170K, capacity 35304K, committed 35456K, reserved 1079296K
  class space    used 4472K, capacity 4883K, committed 4992K, reserved 1048576K
}
Event: 2.589 GC heap before
{Heap before GC invocations=9 (full 2):
 PSYoungGen      total 169472K, used 7564K [0x000000076c000000, 0x000000077d980000, 0x00000007c0000000)
  eden space 156672K, 0% used [0x000000076c000000,0x000000076c000000,0x0000000775900000)
  from space 12800K, 59% used [0x0000000775900000,0x0000000776063128,0x0000000776580000)
  to   space 12800K, 0% used [0x000000077cd00000,0x000000077cd00000,0x000000077d980000)
 ParOldGen       total 99840K, used 9426K [0x00000006c4000000, 0x00000006ca180000, 0x000000076c000000)
  object space 99840K, 9% used [0x00000006c4000000,0x00000006c49348f0,0x00000006ca180000)
 Metaspace       used 33170K, capacity 35304K, committed 35456K, reserved 1079296K
  class space    used 4472K, capacity 4883K, committed 4992K, reserved 1048576K
Event: 2.629 GC heap after
Heap after GC invocations=9 (full 2):
 PSYoungGen      total 169472K, used 0K [0x000000076c000000, 0x000000077d980000, 0x00000007c0000000)
  eden space 156672K, 0% used [0x000000076c000000,0x000000076c000000,0x0000000775900000)
  from space 12800K, 0% used [0x0000000775900000,0x0000000775900000,0x0000000776580000)
  to   space 12800K, 0% used [0x000000077cd00000,0x000000077cd00000,0x000000077d980000)
 ParOldGen       total 145920K, used 12523K [0x00000006c4000000, 0x00000006cce80000, 0x000000076c000000)
  object space 145920K, 8% used [0x00000006c4000000,0x00000006c4c3ad10,0x00000006cce80000)
 Metaspace       used 33170K, capacity 35304K, committed 35456K, reserved 1079296K
  class space    used 4472K, capacity 4883K, committed 4992K, reserved 1048576K
}
Event: 4.260 GC heap before
{Heap before GC invocations=10 (full 2):
 PSYoungGen      total 169472K, used 156672K [0x000000076c000000, 0x000000077d980000, 0x00000007c0000000)
  eden space 156672K, 100% used [0x000000076c000000,0x0000000775900000,0x0000000775900000)
  from space 12800K, 0% used [0x0000000775900000,0x0000000775900000,0x0000000776580000)
  to   space 12800K, 0% used [0x000000077cd00000,0x000000077cd00000,0x000000077d980000)
 ParOldGen       total 145920K, used 12523K [0x00000006c4000000, 0x00000006cce80000, 0x000000076c000000)
  object space 145920K, 8% used [0x00000006c4000000,0x00000006c4c3ad10,0x00000006cce80000)
 Metaspace       used 47717K, capacity 50334K, committed 50560K, reserved 1093632K
  class space    used 6453K, capacity 6953K, committed 7040K, reserved 1048576K
Event: 4.276 GC heap after
Heap after GC invocations=10 (full 2):
 PSYoungGen      total 253952K, used 12782K [0x000000076c000000, 0x000000077d980000, 0x00000007c0000000)
  eden space 241152K, 0% used [0x000000076c000000,0x000000076c000000,0x000000077ab80000)
  from space 12800K, 99% used [0x000000077cd00000,0x000000077d97bae0,0x000000077d980000)
  to   space 16384K, 0% used [0x000000077b980000,0x000000077b980000,0x000000077c980000)
 ParOldGen       total 145920K, used 17265K [0x00000006c4000000, 0x00000006cce80000, 0x000000076c000000)
  object space 145920K, 11% used [0x00000006c4000000,0x00000006c50dc720,0x00000006cce80000)
 Metaspace       used 47717K, capacity 50334K, committed 50560K, reserved 1093632K
  class space    used 6453K, capacity 6953K, committed 7040K, reserved 1048576K
}

