# JRE version: Java(TM) SE Runtime Environment (8.0_45-b15) (build 1.8.0_45-b15)
# Java VM: Java HotSpot(TM) 64-Bit Server VM (25.45-b02 mixed mode windows-amd64 compressed oops)
Heap:
 PSYoungGen      total 159232K, used 30428K [0x000000076c000000, 0x000000077c780000, 0x00000007c0000000)
  eden space 148992K, 13% used [0x000000076c000000,0x000000076d3b8e48,0x0000000775180000)
  from space 10240K, 99% used [0x0000000776100000,0x0000000776afe590,0x0000000776b00000)
  to   space 15872K, 0% used [0x0000000775180000,0x0000000775180000,0x0000000776100000)
 ParOldGen       total 101888K, used 19594K [0x00000006c4000000, 0x00000006ca380000, 0x000000076c000000)
  object space 101888K, 19% used [0x00000006c4000000,0x00000006c5322990,0x00000006ca380000)
 Metaspace       used 48321K, capacity 50950K, committed 51072K, reserved 1093632K
  class space    used 6526K, capacity 7003K, committed 7040K, reserved 1048576K
GC Heap History (10 events):
Event: 2.080 GC heap before
{Heap before GC invocations=6 (full 1):
 PSYoungGen      total 104960K, used 104545K [0x000000076c000000, 0x0000000774e80000, 0x00000007c0000000)
  eden space 98816K, 100% used [0x000000076c000000,0x0000000772080000,0x0000000772080000)
  from space 6144K, 93% used [0x0000000774880000,0x0000000774e18578,0x0000000774e80000)
  to   space 10752K, 0% used [0x0000000773980000,0x0000000773980000,0x0000000774400000)
 ParOldGen       total 101888K, used 6738K [0x00000006c4000000, 0x00000006ca380000, 0x000000076c000000)
  object space 101888K, 6% used [0x00000006c4000000,0x00000006c4694a70,0x00000006ca380000)
 Metaspace       used 26838K, capacity 28594K, committed 28800K, reserved 1075200K
  class space    used 3572K, capacity 3902K, committed 3968K, reserved 1048576K
Event: 2.086 GC heap after
Heap after GC invocations=6 (full 1):
 PSYoungGen      total 135168K, used 8949K [0x000000076c000000, 0x0000000776b00000, 0x00000007c0000000)
  eden space 124416K, 0% used [0x000000076c000000,0x000000076c000000,0x0000000773980000)
  from space 10752K, 83% used [0x0000000773980000,0x000000077423d698,0x0000000774400000)
  to   space 10240K, 0% used [0x0000000776100000,0x0000000776100000,0x0000000776b00000)
 ParOldGen       total 101888K, used 6746K [0x00000006c4000000, 0x00000006ca380000, 0x000000076c000000)
  object space 101888K, 6% used [0x00000006c4000000,0x00000006c4696a70,0x00000006ca380000)
 Metaspace       used 26838K, capacity 28594K, committed 28800K, reserved 1075200K
  class space    used 3572K, capacity 3902K, committed 3968K, reserved 1048576K
}
Event: 3.124 GC heap before
{Heap before GC invocations=7 (full 1):
 PSYoungGen      total 135168K, used 133365K [0x000000076c000000, 0x0000000776b00000, 0x00000007c0000000)
  eden space 124416K, 100% used [0x000000076c000000,0x0000000773980000,0x0000000773980000)
  from space 10752K, 83% used [0x0000000773980000,0x000000077423d698,0x0000000774400000)
  to   space 10240K, 0% used [0x0000000776100000,0x0000000776100000,0x0000000776b00000)
 ParOldGen       total 101888K, used 6746K [0x00000006c4000000, 0x00000006ca380000, 0x000000076c000000)
  object space 101888K, 6% used [0x00000006c4000000,0x00000006c4696a70,0x00000006ca380000)
 Metaspace       used 32940K, capacity 35100K, committed 35328K, reserved 1079296K
  class space    used 4410K, capacity 4815K, committed 4864K, reserved 1048576K
Event: 3.134 GC heap after
Heap after GC invocations=7 (full 1):
 PSYoungGen      total 161792K, used 10221K [0x000000076c000000, 0x0000000779480000, 0x00000007c0000000)
  eden space 151552K, 0% used [0x000000076c000000,0x000000076c000000,0x0000000775400000)
  from space 10240K, 99% used [0x0000000776100000,0x0000000776afb490,0x0000000776b00000)
  to   space 13312K, 0% used [0x0000000775400000,0x0000000775400000,0x0000000776100000)
 ParOldGen       total 101888K, used 9467K [0x00000006c4000000, 0x00000006ca380000, 0x000000076c000000)
  object space 101888K, 9% used [0x00000006c4000000,0x00000006c493ef78,0x00000006ca380000)
 Metaspace       used 32940K, capacity 35100K, committed 35328K, reserved 1079296K
  class space    used 4410K, capacity 4815K, committed 4864K, reserved 1048576K
}
Event: 3.220 GC heap before
{Heap before GC invocations=8 (full 1):
 PSYoungGen      total 161792K, used 25791K [0x000000076c000000, 0x0000000779480000, 0x00000007c0000000)
  eden space 151552K, 10% used [0x000000076c000000,0x000000076cf34860,0x0000000775400000)
  from space 10240K, 99% used [0x0000000776100000,0x0000000776afb490,0x0000000776b00000)
  to   space 13312K, 0% used [0x0000000775400000,0x0000000775400000,0x0000000776100000)
 ParOldGen       total 101888K, used 9467K [0x00000006c4000000, 0x00000006ca380000, 0x000000076c000000)
  object space 101888K, 9% used [0x00000006c4000000,0x00000006c493ef78,0x00000006ca380000)
 Metaspace       used 33193K, capacity 35342K, committed 35496K, reserved 1079296K
  class space    used 4453K, capacity 4852K, committed 4864K, reserved 1048576K
Event: 3.228 GC heap after
Heap after GC invocations=8 (full 1):
 PSYoungGen      total 164864K, used 7536K [0x000000076c000000, 0x0000000779480000, 0x00000007c0000000)
  eden space 151552K, 0% used [0x000000076c000000,0x000000076c000000,0x0000000775400000)
  from space 13312K, 56% used [0x0000000775400000,0x0000000775b5c2a8,0x0000000776100000)
  to   space 10240K, 0% used [0x0000000776100000,0x0000000776100000,0x0000000776b00000)
 ParOldGen       total 101888K, used 9475K [0x00000006c4000000, 0x00000006ca380000, 0x000000076c000000)
  object space 101888K, 9% used [0x00000006c4000000,0x00000006c4940f78,0x00000006ca380000)
 Metaspace       used 33193K, capacity 35342K, committed 35496K, reserved 1079296K
  class space    used 4453K, capacity 4852K, committed 4864K, reserved 1048576K
}
Event: 3.228 GC heap before
{Heap before GC invocations=9 (full 2):
 PSYoungGen      total 164864K, used 7536K [0x000000076c000000, 0x0000000779480000, 0x00000007c0000000)
  eden space 151552K, 0% used [0x000000076c000000,0x000000076c000000,0x0000000775400000)
  from space 13312K, 56% used [0x0000000775400000,0x0000000775b5c2a8,0x0000000776100000)
  to   space 10240K, 0% used [0x0000000776100000,0x0000000776100000,0x0000000776b00000)
 ParOldGen       total 101888K, used 9475K [0x00000006c4000000, 0x00000006ca380000, 0x000000076c000000)
  object space 101888K, 9% used [0x00000006c4000000,0x00000006c4940f78,0x00000006ca380000)
 Metaspace       used 33193K, capacity 35342K, committed 35496K, reserved 1079296K
  class space    used 4453K, capacity 4852K, committed 4864K, reserved 1048576K
Event: 3.270 GC heap after
Heap after GC invocations=9 (full 2):
 PSYoungGen      total 164864K, used 0K [0x000000076c000000, 0x0000000779480000, 0x00000007c0000000)
  eden space 151552K, 0% used [0x000000076c000000,0x000000076c000000,0x0000000775400000)
  from space 13312K, 0% used [0x0000000775400000,0x0000000775400000,0x0000000776100000)
  to   space 10240K, 0% used [0x0000000776100000,0x0000000776100000,0x0000000776b00000)
 ParOldGen       total 101888K, used 12476K [0x00000006c4000000, 0x00000006ca380000, 0x000000076c000000)
  object space 101888K, 12% used [0x00000006c4000000,0x00000006c4c2f370,0x00000006ca380000)
 Metaspace       used 33193K, capacity 35342K, committed 35496K, reserved 1079296K
  class space    used 4453K, capacity 4852K, committed 4864K, reserved 1048576K
}
Event: 5.286 GC heap before
{Heap before GC invocations=10 (full 2):
 PSYoungGen      total 164864K, used 151552K [0x000000076c000000, 0x0000000779480000, 0x00000007c0000000)
  eden space 151552K, 100% used [0x000000076c000000,0x0000000775400000,0x0000000775400000)
  from space 13312K, 0% used [0x0000000775400000,0x0000000775400000,0x0000000776100000)
  to   space 10240K, 0% used [0x0000000776100000,0x0000000776100000,0x0000000776b00000)
 ParOldGen       total 101888K, used 12476K [0x00000006c4000000, 0x00000006ca380000, 0x000000076c000000)
  object space 101888K, 12% used [0x00000006c4000000,0x00000006c4c2f370,0x00000006ca380000)
 Metaspace       used 47684K, capacity 50282K, committed 50560K, reserved 1093632K
  class space    used 6437K, capacity 6917K, committed 7040K, reserved 1048576K
Event: 5.298 GC heap after
Heap after GC invocations=10 (full 2):
 PSYoungGen      total 159232K, used 10233K [0x000000076c000000, 0x000000077c780000, 0x00000007c0000000)
  eden space 148992K, 0% used [0x000000076c000000,0x000000076c000000,0x0000000775180000)
  from space 10240K, 99% used [0x0000000776100000,0x0000000776afe590,0x0000000776b00000)
  to   space 15872K, 0% used [0x0000000775180000,0x0000000775180000,0x0000000776100000)
 ParOldGen       total 101888K, used 19594K [0x00000006c4000000, 0x00000006ca380000, 0x000000076c000000)
  object space 101888K, 19% used [0x00000006c4000000,0x00000006c5322990,0x00000006ca380000)
 Metaspace       used 47684K, capacity 50282K, committed 50560K, reserved 1093632K
  class space    used 6437K, capacity 6917K, committed 7040K, reserved 1048576K
}

