# JRE version: Java(TM) SE Runtime Environment (8.0_45-b15) (build 1.8.0_45-b15)
# Java VM: Java HotSpot(TM) 64-Bit Server VM (25.45-b02 mixed mode windows-amd64 compressed oops)
Heap:
 PSYoungGen      total 330752K, used 7245K [0x000000076c000000, 0x0000000781d80000, 0x00000007c0000000)
  eden space 303616K, 2% used [0x000000076c000000,0x000000076c713738,0x000000077e880000)
  from space 27136K, 0% used [0x000000077e880000,0x000000077e880000,0x0000000780300000)
  to   space 22016K, 0% used [0x0000000780800000,0x0000000780800000,0x0000000781d80000)
 ParOldGen       total 188928K, used 40188K [0x00000006c4000000, 0x00000006cf880000, 0x000000076c000000)
  object space 188928K, 21% used [0x00000006c4000000,0x00000006c673f1f0,0x00000006cf880000)
 Metaspace       used 31354K, capacity 32442K, committed 35456K, reserved 1081344K
  class space    used 3533K, capacity 3848K, committed 4224K, reserved 1048576K
GC Heap History (10 events):
Event: 8.432 GC heap before
{Heap before GC invocations=11 (full 1):
 PSYoungGen      total 330752K, used 328177K [0x000000076c000000, 0x0000000781d80000, 0x00000007c0000000)
  eden space 303616K, 100% used [0x000000076c000000,0x000000077e880000,0x000000077e880000)
  from space 27136K, 90% used [0x000000077e880000,0x000000078007c4b8,0x0000000780300000)
  to   space 22016K, 0% used [0x0000000780800000,0x0000000780800000,0x0000000781d80000)
 ParOldGen       total 112128K, used 27443K [0x00000006c4000000, 0x00000006cad80000, 0x000000076c000000)
  object space 112128K, 24% used [0x00000006c4000000,0x00000006c5accfa0,0x00000006cad80000)
 Metaspace       used 29571K, capacity 30708K, committed 30976K, reserved 1077248K
  class space    used 3423K, capacity 3727K, committed 3840K, reserved 1048576K
Event: 8.459 GC heap after
Heap after GC invocations=11 (full 1):
 PSYoungGen      total 325632K, used 21984K [0x000000076c000000, 0x0000000781d80000, 0x00000007c0000000)
  eden space 303616K, 0% used [0x000000076c000000,0x000000076c000000,0x000000077e880000)
  from space 22016K, 99% used [0x0000000780800000,0x0000000781d780c0,0x0000000781d80000)
  to   space 27136K, 0% used [0x000000077e880000,0x000000077e880000,0x0000000780300000)
 ParOldGen       total 112128K, used 44246K [0x00000006c4000000, 0x00000006cad80000, 0x000000076c000000)
  object space 112128K, 39% used [0x00000006c4000000,0x00000006c6b359e8,0x00000006cad80000)
 Metaspace       used 29571K, capacity 30708K, committed 30976K, reserved 1077248K
  class space    used 3423K, capacity 3727K, committed 3840K, reserved 1048576K
}
Event: 11.187 GC heap before
{Heap before GC invocations=12 (full 1):
 PSYoungGen      total 325632K, used 325600K [0x000000076c000000, 0x0000000781d80000, 0x00000007c0000000)
  eden space 303616K, 100% used [0x000000076c000000,0x000000077e880000,0x000000077e880000)
  from space 22016K, 99% used [0x0000000780800000,0x0000000781d780c0,0x0000000781d80000)
  to   space 27136K, 0% used [0x000000077e880000,0x000000077e880000,0x0000000780300000)
 ParOldGen       total 112128K, used 44246K [0x00000006c4000000, 0x00000006cad80000, 0x000000076c000000)
  object space 112128K, 39% used [0x00000006c4000000,0x00000006c6b359e8,0x00000006cad80000)
 Metaspace       used 31537K, capacity 32628K, committed 32896K, reserved 1079296K
  class space    used 3576K, capacity 3855K, committed 3968K, reserved 1048576K
Event: 11.209 GC heap after
Heap after GC invocations=12 (full 1):
 PSYoungGen      total 330752K, used 27116K [0x000000076c000000, 0x0000000781d80000, 0x00000007c0000000)
  eden space 303616K, 0% used [0x000000076c000000,0x000000076c000000,0x000000077e880000)
  from space 27136K, 99% used [0x000000077e880000,0x00000007802fb1f8,0x0000000780300000)
  to   space 22016K, 0% used [0x0000000780800000,0x0000000780800000,0x0000000781d80000)
 ParOldGen       total 112128K, used 57329K [0x00000006c4000000, 0x00000006cad80000, 0x000000076c000000)
  object space 112128K, 51% used [0x00000006c4000000,0x00000006c77fc730,0x00000006cad80000)
 Metaspace       used 31537K, capacity 32628K, committed 32896K, reserved 1079296K
  class space    used 3576K, capacity 3855K, committed 3968K, reserved 1048576K
}
Event: 11.727 GC heap before
{Heap before GC invocations=13 (full 1):
 PSYoungGen      total 330752K, used 330732K [0x000000076c000000, 0x0000000781d80000, 0x00000007c0000000)
  eden space 303616K, 100% used [0x000000076c000000,0x000000077e880000,0x000000077e880000)
  from space 27136K, 99% used [0x000000077e880000,0x00000007802fb1f8,0x0000000780300000)
  to   space 22016K, 0% used [0x0000000780800000,0x0000000780800000,0x0000000781d80000)
 ParOldGen       total 112128K, used 57329K [0x00000006c4000000, 0x00000006cad80000, 0x000000076c000000)
  object space 112128K, 51% used [0x00000006c4000000,0x00000006c77fc730,0x00000006cad80000)
 Metaspace       used 31689K, capacity 32724K, committed 32896K, reserved 1079296K
  class space    used 3591K, capacity 3887K, committed 3968K, reserved 1048576K
Event: 11.752 GC heap after
Heap after GC invocations=13 (full 1):
 PSYoungGen      total 325632K, used 20273K [0x000000076c000000, 0x0000000781d80000, 0x00000007c0000000)
  eden space 303616K, 0% used [0x000000076c000000,0x000000076c000000,0x000000077e880000)
  from space 22016K, 92% used [0x0000000780800000,0x0000000781bcc780,0x0000000781d80000)
  to   space 27136K, 0% used [0x000000077e880000,0x000000077e880000,0x0000000780300000)
 ParOldGen       total 112128K, used 68258K [0x00000006c4000000, 0x00000006cad80000, 0x000000076c000000)
  object space 112128K, 60% used [0x00000006c4000000,0x00000006c82a8940,0x00000006cad80000)
 Metaspace       used 31689K, capacity 32724K, committed 32896K, reserved 1079296K
  class space    used 3591K, capacity 3887K, committed 3968K, reserved 1048576K
}
Event: 13.575 GC heap before
{Heap before GC invocations=14 (full 1):
 PSYoungGen      total 325632K, used 177819K [0x000000076c000000, 0x0000000781d80000, 0x00000007c0000000)
  eden space 303616K, 51% used [0x000000076c000000,0x00000007759da4a8,0x000000077e880000)
  from space 22016K, 92% used [0x0000000780800000,0x0000000781bcc780,0x0000000781d80000)
  to   space 27136K, 0% used [0x000000077e880000,0x000000077e880000,0x0000000780300000)
 ParOldGen       total 112128K, used 68258K [0x00000006c4000000, 0x00000006cad80000, 0x000000076c000000)
  object space 112128K, 60% used [0x00000006c4000000,0x00000006c82a8940,0x00000006cad80000)
 Metaspace       used 34121K, capacity 35358K, committed 35456K, reserved 1081344K
  class space    used 3854K, capacity 4200K, committed 4224K, reserved 1048576K
Event: 13.599 GC heap after
Heap after GC invocations=14 (full 1):
 PSYoungGen      total 330752K, used 7770K [0x000000076c000000, 0x0000000781d80000, 0x00000007c0000000)
  eden space 303616K, 0% used [0x000000076c000000,0x000000076c000000,0x000000077e880000)
  from space 27136K, 28% used [0x000000077e880000,0x000000077f016990,0x0000000780300000)
  to   space 22016K, 0% used [0x0000000780800000,0x0000000780800000,0x0000000781d80000)
 ParOldGen       total 112128K, used 87289K [0x00000006c4000000, 0x00000006cad80000, 0x000000076c000000)
  object space 112128K, 77% used [0x00000006c4000000,0x00000006c953e5e0,0x00000006cad80000)
 Metaspace       used 34121K, capacity 35358K, committed 35456K, reserved 1081344K
  class space    used 3854K, capacity 4200K, committed 4224K, reserved 1048576K
}
Event: 13.599 GC heap before
{Heap before GC invocations=15 (full 2):
 PSYoungGen      total 330752K, used 7770K [0x000000076c000000, 0x0000000781d80000, 0x00000007c0000000)
  eden space 303616K, 0% used [0x000000076c000000,0x000000076c000000,0x000000077e880000)
  from space 27136K, 28% used [0x000000077e880000,0x000000077f016990,0x0000000780300000)
  to   space 22016K, 0% used [0x0000000780800000,0x0000000780800000,0x0000000781d80000)
 ParOldGen       total 112128K, used 87289K [0x00000006c4000000, 0x00000006cad80000, 0x000000076c000000)
  object space 112128K, 77% used [0x00000006c4000000,0x00000006c953e5e0,0x00000006cad80000)
 Metaspace       used 34121K, capacity 35358K, committed 35456K, reserved 1081344K
  class space    used 3854K, capacity 4200K, committed 4224K, reserved 1048576K
Event: 13.687 GC heap after
Heap after GC invocations=15 (full 2):
 PSYoungGen      total 330752K, used 0K [0x000000076c000000, 0x0000000781d80000, 0x00000007c0000000)
  eden space 303616K, 0% used [0x000000076c000000,0x000000076c000000,0x000000077e880000)
  from space 27136K, 0% used [0x000000077e880000,0x000000077e880000,0x0000000780300000)
  to   space 22016K, 0% used [0x0000000780800000,0x0000000780800000,0x0000000781d80000)
 ParOldGen       total 188928K, used 40188K [0x00000006c4000000, 0x00000006cf880000, 0x000000076c000000)
  object space 188928K, 21% used [0x00000006c4000000,0x00000006c673f1f0,0x00000006cf880000)
 Metaspace       used 31118K, capacity 32218K, committed 35456K, reserved 1081344K
  class space    used 3502K, capacity 3816K, committed 4224K, reserved 1048576K
}

