# JRE version: Java(TM) SE Runtime Environment (8.0_45-b15) (build 1.8.0_45-b15)
# Java VM: Java HotSpot(TM) 64-Bit Server VM (25.45-b02 mixed mode windows-amd64 compressed oops)
Heap:
 PSYoungGen      total 305152K, used 62817K [0x000000076c000000, 0x0000000781800000, 0x00000007c0000000)
  eden space 285696K, 21% used [0x000000076c000000,0x000000076fd586e8,0x000000077d700000)
  from space 19456K, 0% used [0x000000077ea00000,0x000000077ea00000,0x000000077fd00000)
  to   space 19456K, 0% used [0x000000077d700000,0x000000077d700000,0x000000077ea00000)
 ParOldGen       total 153088K, used 30458K [0x00000006c4000000, 0x00000006cd580000, 0x000000076c000000)
  object space 153088K, 19% used [0x00000006c4000000,0x00000006c5dbea38,0x00000006cd580000)
 Metaspace       used 57324K, capacity 60842K, committed 60928K, reserved 1101824K
  class space    used 7806K, capacity 8419K, committed 8448K, reserved 1048576K
GC Heap History (10 events):
Event: 2.646 GC heap before
{Heap before GC invocations=9 (full 2):
 PSYoungGen      total 165888K, used 7612K [0x000000076c000000, 0x000000077cb00000, 0x00000007c0000000)
  eden space 153088K, 0% used [0x000000076c000000,0x000000076c000000,0x0000000775580000)
  from space 12800K, 59% used [0x0000000775580000,0x0000000775cef298,0x0000000776200000)
  to   space 12288K, 0% used [0x000000077bf00000,0x000000077bf00000,0x000000077cb00000)
 ParOldGen       total 100864K, used 9356K [0x00000006c4000000, 0x00000006ca280000, 0x000000076c000000)
  object space 100864K, 9% used [0x00000006c4000000,0x00000006c4923388,0x00000006ca280000)
 Metaspace       used 33221K, capacity 35410K, committed 35496K, reserved 1079296K
  class space    used 4453K, capacity 4852K, committed 4864K, reserved 1048576K
Event: 2.689 GC heap after
Heap after GC invocations=9 (full 2):
 PSYoungGen      total 165888K, used 0K [0x000000076c000000, 0x000000077cb00000, 0x00000007c0000000)
  eden space 153088K, 0% used [0x000000076c000000,0x000000076c000000,0x0000000775580000)
  from space 12800K, 0% used [0x0000000775580000,0x0000000775580000,0x0000000776200000)
  to   space 12288K, 0% used [0x000000077bf00000,0x000000077bf00000,0x000000077cb00000)
 ParOldGen       total 153088K, used 12550K [0x00000006c4000000, 0x00000006cd580000, 0x000000076c000000)
  object space 153088K, 8% used [0x00000006c4000000,0x00000006c4c418c8,0x00000006cd580000)
 Metaspace       used 33221K, capacity 35410K, committed 35496K, reserved 1079296K
  class space    used 4453K, capacity 4852K, committed 4864K, reserved 1048576K
}
Event: 4.371 GC heap before
{Heap before GC invocations=10 (full 2):
 PSYoungGen      total 165888K, used 153088K [0x000000076c000000, 0x000000077cb00000, 0x00000007c0000000)
  eden space 153088K, 100% used [0x000000076c000000,0x0000000775580000,0x0000000775580000)
  from space 12800K, 0% used [0x0000000775580000,0x0000000775580000,0x0000000776200000)
  to   space 12288K, 0% used [0x000000077bf00000,0x000000077bf00000,0x000000077cb00000)
 ParOldGen       total 153088K, used 12550K [0x00000006c4000000, 0x00000006cd580000, 0x000000076c000000)
  object space 153088K, 8% used [0x00000006c4000000,0x00000006c4c418c8,0x00000006cd580000)
 Metaspace       used 47823K, capacity 50446K, committed 50560K, reserved 1093632K
  class space    used 6450K, capacity 6949K, committed 7040K, reserved 1048576K
Event: 4.383 GC heap after
Heap after GC invocations=10 (full 2):
 PSYoungGen      total 238080K, used 12264K [0x000000076c000000, 0x000000077cb00000, 0x00000007c0000000)
  eden space 225792K, 0% used [0x000000076c000000,0x000000076c000000,0x0000000779c80000)
  from space 12288K, 99% used [0x000000077bf00000,0x000000077cafa060,0x000000077cb00000)
  to   space 15872K, 0% used [0x000000077ac00000,0x000000077ac00000,0x000000077bb80000)
 ParOldGen       total 153088K, used 17742K [0x00000006c4000000, 0x00000006cd580000, 0x000000076c000000)
  object space 153088K, 11% used [0x00000006c4000000,0x00000006c5153990,0x00000006cd580000)
 Metaspace       used 47823K, capacity 50446K, committed 50560K, reserved 1093632K
  class space    used 6450K, capacity 6949K, committed 7040K, reserved 1048576K
}
Event: 5.684 GC heap before
{Heap before GC invocations=11 (full 2):
 PSYoungGen      total 238080K, used 238056K [0x000000076c000000, 0x000000077cb00000, 0x00000007c0000000)
  eden space 225792K, 100% used [0x000000076c000000,0x0000000779c80000,0x0000000779c80000)
  from space 12288K, 99% used [0x000000077bf00000,0x000000077cafa060,0x000000077cb00000)
  to   space 15872K, 0% used [0x000000077ac00000,0x000000077ac00000,0x000000077bb80000)
 ParOldGen       total 153088K, used 17742K [0x00000006c4000000, 0x00000006cd580000, 0x000000076c000000)
  object space 153088K, 11% used [0x00000006c4000000,0x00000006c5153990,0x00000006cd580000)
 Metaspace       used 53640K, capacity 56480K, committed 56704K, reserved 1097728K
  class space    used 7194K, capacity 7712K, committed 7808K, reserved 1048576K
Event: 5.697 GC heap after
Heap after GC invocations=11 (full 2):
 PSYoungGen      total 257536K, used 15850K [0x000000076c000000, 0x000000077fd00000, 0x00000007c0000000)
  eden space 241664K, 0% used [0x000000076c000000,0x000000076c000000,0x000000077ac00000)
  from space 15872K, 99% used [0x000000077ac00000,0x000000077bb7a8e8,0x000000077bb80000)
  to   space 19456K, 0% used [0x000000077ea00000,0x000000077ea00000,0x000000077fd00000)
 ParOldGen       total 153088K, used 20930K [0x00000006c4000000, 0x00000006cd580000, 0x000000076c000000)
  object space 153088K, 13% used [0x00000006c4000000,0x00000006c5470850,0x00000006cd580000)
 Metaspace       used 53640K, capacity 56480K, committed 56704K, reserved 1097728K
  class space    used 7194K, capacity 7712K, committed 7808K, reserved 1048576K
}
Event: 6.114 GC heap before
{Heap before GC invocations=12 (full 2):
 PSYoungGen      total 257536K, used 113891K [0x000000076c000000, 0x000000077fd00000, 0x00000007c0000000)
  eden space 241664K, 40% used [0x000000076c000000,0x0000000771fbe620,0x000000077ac00000)
  from space 15872K, 99% used [0x000000077ac00000,0x000000077bb7a8e8,0x000000077bb80000)
  to   space 19456K, 0% used [0x000000077ea00000,0x000000077ea00000,0x000000077fd00000)
 ParOldGen       total 153088K, used 20930K [0x00000006c4000000, 0x00000006cd580000, 0x000000076c000000)
  object space 153088K, 13% used [0x00000006c4000000,0x00000006c5470850,0x00000006cd580000)
 Metaspace       used 55787K, capacity 59040K, committed 59136K, reserved 1099776K
  class space    used 7530K, capacity 8108K, committed 8192K, reserved 1048576K
Event: 6.129 GC heap after
Heap after GC invocations=12 (full 2):
 PSYoungGen      total 305152K, used 13125K [0x000000076c000000, 0x0000000781800000, 0x00000007c0000000)
  eden space 285696K, 0% used [0x000000076c000000,0x000000076c000000,0x000000077d700000)
  from space 19456K, 67% used [0x000000077ea00000,0x000000077f6d1570,0x000000077fd00000)
  to   space 19456K, 0% used [0x000000077d700000,0x000000077d700000,0x000000077ea00000)
 ParOldGen       total 153088K, used 27082K [0x00000006c4000000, 0x00000006cd580000, 0x000000076c000000)
  object space 153088K, 17% used [0x00000006c4000000,0x00000006c5a72bd0,0x00000006cd580000)
 Metaspace       used 55787K, capacity 59040K, committed 59136K, reserved 1099776K
  class space    used 7530K, capacity 8108K, committed 8192K, reserved 1048576K
}
Event: 6.129 GC heap before
{Heap before GC invocations=13 (full 3):
 PSYoungGen      total 305152K, used 13125K [0x000000076c000000, 0x0000000781800000, 0x00000007c0000000)
  eden space 285696K, 0% used [0x000000076c000000,0x000000076c000000,0x000000077d700000)
  from space 19456K, 67% used [0x000000077ea00000,0x000000077f6d1570,0x000000077fd00000)
  to   space 19456K, 0% used [0x000000077d700000,0x000000077d700000,0x000000077ea00000)
 ParOldGen       total 153088K, used 27082K [0x00000006c4000000, 0x00000006cd580000, 0x000000076c000000)
  object space 153088K, 17% used [0x00000006c4000000,0x00000006c5a72bd0,0x00000006cd580000)
 Metaspace       used 55787K, capacity 59040K, committed 59136K, reserved 1099776K
  class space    used 7530K, capacity 8108K, committed 8192K, reserved 1048576K
Event: 6.313 GC heap after
Heap after GC invocations=13 (full 3):
 PSYoungGen      total 305152K, used 0K [0x000000076c000000, 0x0000000781800000, 0x00000007c0000000)
  eden space 285696K, 0% used [0x000000076c000000,0x000000076c000000,0x000000077d700000)
  from space 19456K, 0% used [0x000000077ea00000,0x000000077ea00000,0x000000077fd00000)
  to   space 19456K, 0% used [0x000000077d700000,0x000000077d700000,0x000000077ea00000)
 ParOldGen       total 153088K, used 30458K [0x00000006c4000000, 0x00000006cd580000, 0x000000076c000000)
  object space 153088K, 19% used [0x00000006c4000000,0x00000006c5dbea38,0x00000006cd580000)
 Metaspace       used 55787K, capacity 59040K, committed 59136K, reserved 1099776K
  class space    used 7530K, capacity 8108K, committed 8192K, reserved 1048576K
}

