# JRE version: Java(TM) SE Runtime Environment (8.0_45-b15) (build 1.8.0_45-b15)
# Java VM: Java HotSpot(TM) 64-Bit Server VM (25.45-b02 mixed mode windows-amd64 compressed oops)
Heap:
 PSYoungGen      total 159744K, used 103213K [0x000000076c000000, 0x0000000779180000, 0x00000007c0000000)
  eden space 147456K, 69% used [0x000000076c000000,0x00000007724cb6b0,0x0000000775000000)
  from space 12288K, 0% used [0x0000000775000000,0x0000000775000000,0x0000000775c00000)
  to   space 9728K, 0% used [0x0000000775c00000,0x0000000775c00000,0x0000000776580000)
 ParOldGen       total 103424K, used 12634K [0x00000006c4000000, 0x00000006ca500000, 0x000000076c000000)
  object space 103424K, 12% used [0x00000006c4000000,0x00000006c4c569f0,0x00000006ca500000)
 Metaspace       used 43254K, capacity 45770K, committed 46080K, reserved 1089536K
  class space    used 5822K, capacity 6283K, committed 6400K, reserved 1048576K
GC Heap History (10 events):
Event: 1.598 GC heap before
{Heap before GC invocations=5 (full 1):
 PSYoungGen      total 75264K, used 64512K [0x000000076c000000, 0x0000000775300000, 0x00000007c0000000)
  eden space 64512K, 100% used [0x000000076c000000,0x000000076ff00000,0x000000076ff00000)
  from space 10752K, 0% used [0x000000076ff00000,0x000000076ff00000,0x0000000770980000)
  to   space 10752K, 0% used [0x0000000774880000,0x0000000774880000,0x0000000775300000)
 ParOldGen       total 103424K, used 6744K [0x00000006c4000000, 0x00000006ca500000, 0x000000076c000000)
  object space 103424K, 6% used [0x00000006c4000000,0x00000006c4696020,0x00000006ca500000)
 Metaspace       used 23236K, capacity 24854K, committed 24960K, reserved 1071104K
  class space    used 3132K, capacity 3438K, committed 3456K, reserved 1048576K
Event: 1.602 GC heap after
Heap after GC invocations=5 (full 1):
 PSYoungGen      total 102912K, used 5780K [0x000000076c000000, 0x0000000774e80000, 0x00000007c0000000)
  eden space 96768K, 0% used [0x000000076c000000,0x000000076c000000,0x0000000771e80000)
  from space 6144K, 94% used [0x0000000774880000,0x0000000774e25108,0x0000000774e80000)
  to   space 10752K, 0% used [0x0000000773980000,0x0000000773980000,0x0000000774400000)
 ParOldGen       total 103424K, used 6752K [0x00000006c4000000, 0x00000006ca500000, 0x000000076c000000)
  object space 103424K, 6% used [0x00000006c4000000,0x00000006c4698020,0x00000006ca500000)
 Metaspace       used 23236K, capacity 24854K, committed 24960K, reserved 1071104K
  class space    used 3132K, capacity 3438K, committed 3456K, reserved 1048576K
}
Event: 1.808 GC heap before
{Heap before GC invocations=6 (full 1):
 PSYoungGen      total 102912K, used 102548K [0x000000076c000000, 0x0000000774e80000, 0x00000007c0000000)
  eden space 96768K, 100% used [0x000000076c000000,0x0000000771e80000,0x0000000771e80000)
  from space 6144K, 94% used [0x0000000774880000,0x0000000774e25108,0x0000000774e80000)
  to   space 10752K, 0% used [0x0000000773980000,0x0000000773980000,0x0000000774400000)
 ParOldGen       total 103424K, used 6752K [0x00000006c4000000, 0x00000006ca500000, 0x000000076c000000)
  object space 103424K, 6% used [0x00000006c4000000,0x00000006c4698020,0x00000006ca500000)
 Metaspace       used 26767K, capacity 28492K, committed 28800K, reserved 1075200K
  class space    used 3553K, capacity 3893K, committed 3968K, reserved 1048576K
Event: 1.814 GC heap after
Heap after GC invocations=6 (full 1):
 PSYoungGen      total 135168K, used 8307K [0x000000076c000000, 0x0000000776580000, 0x00000007c0000000)
  eden space 124416K, 0% used [0x000000076c000000,0x000000076c000000,0x0000000773980000)
  from space 10752K, 77% used [0x0000000773980000,0x000000077419cdc8,0x0000000774400000)
  to   space 9728K, 0% used [0x0000000775c00000,0x0000000775c00000,0x0000000776580000)
 ParOldGen       total 103424K, used 6760K [0x00000006c4000000, 0x00000006ca500000, 0x000000076c000000)
  object space 103424K, 6% used [0x00000006c4000000,0x00000006c469a020,0x00000006ca500000)
 Metaspace       used 26767K, capacity 28492K, committed 28800K, reserved 1075200K
  class space    used 3553K, capacity 3893K, committed 3968K, reserved 1048576K
}
Event: 2.748 GC heap before
{Heap before GC invocations=7 (full 1):
 PSYoungGen      total 135168K, used 132723K [0x000000076c000000, 0x0000000776580000, 0x00000007c0000000)
  eden space 124416K, 100% used [0x000000076c000000,0x0000000773980000,0x0000000773980000)
  from space 10752K, 77% used [0x0000000773980000,0x000000077419cdc8,0x0000000774400000)
  to   space 9728K, 0% used [0x0000000775c00000,0x0000000775c00000,0x0000000776580000)
 ParOldGen       total 103424K, used 6760K [0x00000006c4000000, 0x00000006ca500000, 0x000000076c000000)
  object space 103424K, 6% used [0x00000006c4000000,0x00000006c469a020,0x00000006ca500000)
 Metaspace       used 32701K, capacity 34896K, committed 35072K, reserved 1079296K
  class space    used 4389K, capacity 4811K, committed 4864K, reserved 1048576K
Event: 2.759 GC heap after
Heap after GC invocations=7 (full 1):
 PSYoungGen      total 157184K, used 9696K [0x000000076c000000, 0x0000000779180000, 0x00000007c0000000)
  eden space 147456K, 0% used [0x000000076c000000,0x000000076c000000,0x0000000775000000)
  from space 9728K, 99% used [0x0000000775c00000,0x0000000776578398,0x0000000776580000)
  to   space 12288K, 0% used [0x0000000775000000,0x0000000775000000,0x0000000775c00000)
 ParOldGen       total 103424K, used 9821K [0x00000006c4000000, 0x00000006ca500000, 0x000000076c000000)
  object space 103424K, 9% used [0x00000006c4000000,0x00000006c4997698,0x00000006ca500000)
 Metaspace       used 32701K, capacity 34896K, committed 35072K, reserved 1079296K
  class space    used 4389K, capacity 4811K, committed 4864K, reserved 1048576K
}
Event: 2.891 GC heap before
{Heap before GC invocations=8 (full 1):
 PSYoungGen      total 157184K, used 31632K [0x000000076c000000, 0x0000000779180000, 0x00000007c0000000)
  eden space 147456K, 14% used [0x000000076c000000,0x000000076d56bda8,0x0000000775000000)
  from space 9728K, 99% used [0x0000000775c00000,0x0000000776578398,0x0000000776580000)
  to   space 12288K, 0% used [0x0000000775000000,0x0000000775000000,0x0000000775c00000)
 ParOldGen       total 103424K, used 9821K [0x00000006c4000000, 0x00000006ca500000, 0x000000076c000000)
  object space 103424K, 9% used [0x00000006c4000000,0x00000006c4997698,0x00000006ca500000)
 Metaspace       used 33178K, capacity 35318K, committed 35456K, reserved 1079296K
  class space    used 4473K, capacity 4884K, committed 4992K, reserved 1048576K
Event: 2.898 GC heap after
Heap after GC invocations=8 (full 1):
 PSYoungGen      total 159744K, used 7680K [0x000000076c000000, 0x0000000779180000, 0x00000007c0000000)
  eden space 147456K, 0% used [0x000000076c000000,0x000000076c000000,0x0000000775000000)
  from space 12288K, 62% used [0x0000000775000000,0x0000000775780268,0x0000000775c00000)
  to   space 9728K, 0% used [0x0000000775c00000,0x0000000775c00000,0x0000000776580000)
 ParOldGen       total 103424K, used 9829K [0x00000006c4000000, 0x00000006ca500000, 0x000000076c000000)
  object space 103424K, 9% used [0x00000006c4000000,0x00000006c4999698,0x00000006ca500000)
 Metaspace       used 33178K, capacity 35318K, committed 35456K, reserved 1079296K
  class space    used 4473K, capacity 4884K, committed 4992K, reserved 1048576K
}
Event: 2.898 GC heap before
{Heap before GC invocations=9 (full 2):
 PSYoungGen      total 159744K, used 7680K [0x000000076c000000, 0x0000000779180000, 0x00000007c0000000)
  eden space 147456K, 0% used [0x000000076c000000,0x000000076c000000,0x0000000775000000)
  from space 12288K, 62% used [0x0000000775000000,0x0000000775780268,0x0000000775c00000)
  to   space 9728K, 0% used [0x0000000775c00000,0x0000000775c00000,0x0000000776580000)
 ParOldGen       total 103424K, used 9829K [0x00000006c4000000, 0x00000006ca500000, 0x000000076c000000)
  object space 103424K, 9% used [0x00000006c4000000,0x00000006c4999698,0x00000006ca500000)
 Metaspace       used 33178K, capacity 35318K, committed 35456K, reserved 1079296K
  class space    used 4473K, capacity 4884K, committed 4992K, reserved 1048576K
Event: 2.933 GC heap after
Heap after GC invocations=9 (full 2):
 PSYoungGen      total 159744K, used 0K [0x000000076c000000, 0x0000000779180000, 0x00000007c0000000)
  eden space 147456K, 0% used [0x000000076c000000,0x000000076c000000,0x0000000775000000)
  from space 12288K, 0% used [0x0000000775000000,0x0000000775000000,0x0000000775c00000)
  to   space 9728K, 0% used [0x0000000775c00000,0x0000000775c00000,0x0000000776580000)
 ParOldGen       total 103424K, used 12634K [0x00000006c4000000, 0x00000006ca500000, 0x000000076c000000)
  object space 103424K, 12% used [0x00000006c4000000,0x00000006c4c569f0,0x00000006ca500000)
 Metaspace       used 33178K, capacity 35318K, committed 35456K, reserved 1079296K
  class space    used 4473K, capacity 4884K, committed 4992K, reserved 1048576K
}

